Calling target program-options parser
[07:49:24.927] [bmv2] [D] [thread 11030] Set default default entry for table 'MyIngress.ecmp_group': NoAction - 
[07:49:24.928] [bmv2] [D] [thread 11030] Set default default entry for table 'MyIngress.ecmp_nhop': NoAction - 
[07:49:24.928] [bmv2] [D] [thread 11030] Set default default entry for table 'MyEgress.send_frame': NoAction - 
Adding interface s2-eth1 as port 1
[07:49:24.928] [bmv2] [D] [thread 11030] Adding interface s2-eth1 as port 1
Adding interface s2-eth2 as port 2
[07:49:24.961] [bmv2] [D] [thread 11030] Adding interface s2-eth2 as port 2
Adding interface s2-eth3 as port 3
[07:49:24.985] [bmv2] [D] [thread 11030] Adding interface s2-eth3 as port 3
I1210 07:49:25.009036632   11030 server_builder.cc:247]      Synchronous server. Num CQs: 1, Min pollers: 1, Max Pollers: 2147483647, CQ timeout (msec): 1000
Server listening on 0.0.0.0:50052
[07:49:25.011] [bmv2] [I] [thread 11030] Starting Thrift server on port 9091
[07:49:25.011] [bmv2] [I] [thread 11030] Thrift server was started
[07:49:25.012] [bmv2] [D] [thread 11037] [0.0] [cxt 0] Processing packet received on port 2
[07:49:25.012] [bmv2] [D] [thread 11037] [0.0] [cxt 0] Parser 'parser': start
[07:49:25.012] [bmv2] [D] [thread 11037] [0.0] [cxt 0] Parser 'parser' entering state 'start'
[07:49:25.012] [bmv2] [D] [thread 11037] [0.0] [cxt 0] Extracting header 'ethernet'
[07:49:25.012] [bmv2] [D] [thread 11037] [0.0] [cxt 0] Parser state 'start': key is 86dd
[07:49:25.012] [bmv2] [T] [thread 11037] [0.0] [cxt 0] Bytes parsed: 14
[07:49:25.012] [bmv2] [D] [thread 11037] [0.0] [cxt 0] Parser 'parser': end
[07:49:25.012] [bmv2] [D] [thread 11037] [0.0] [cxt 0] Pipeline 'ingress': start
[07:49:25.012] [bmv2] [T] [thread 11037] [0.0] [cxt 0] load_balance.p4(142) Condition "hdr.ipv4.isValid() && hdr.ipv4.ttl > 0" (node_2) is false
[07:49:25.012] [bmv2] [D] [thread 11037] [0.0] [cxt 0] Pipeline 'ingress': end
[07:49:25.012] [bmv2] [D] [thread 11037] [0.0] [cxt 0] Egress port is 0
[07:49:25.012] [bmv2] [D] [thread 11038] [0.0] [cxt 0] Pipeline 'egress': start
[07:49:25.012] [bmv2] [T] [thread 11038] [0.0] [cxt 0] Applying table 'MyEgress.send_frame'
[07:49:25.012] [bmv2] [D] [thread 11038] [0.0] [cxt 0] Looking up key:
* standard_metadata.egress_port: 0000

[07:49:25.012] [bmv2] [D] [thread 11038] [0.0] [cxt 0] Table 'MyEgress.send_frame': miss
[07:49:25.012] [bmv2] [D] [thread 11038] [0.0] [cxt 0] Action entry is NoAction - 
[07:49:25.012] [bmv2] [T] [thread 11038] [0.0] [cxt 0] Action NoAction
[07:49:25.012] [bmv2] [D] [thread 11038] [0.0] [cxt 0] Pipeline 'egress': end
[07:49:25.012] [bmv2] [D] [thread 11038] [0.0] [cxt 0] Deparser 'deparser': start
[07:49:25.012] [bmv2] [T] [thread 11038] [0.0] [cxt 0] Skipping checksum 'cksum' update because condition not met
[07:49:25.012] [bmv2] [D] [thread 11038] [0.0] [cxt 0] Deparsing header 'ethernet'
[07:49:25.012] [bmv2] [D] [thread 11038] [0.0] [cxt 0] Deparser 'deparser': end
[07:49:25.012] [bmv2] [D] [thread 11042] [0.0] [cxt 0] Transmitting packet of size 78 out of port 0
[07:49:25.147] [bmv2] [D] [thread 11037] [1.0] [cxt 0] Processing packet received on port 3
[07:49:25.147] [bmv2] [D] [thread 11037] [1.0] [cxt 0] Parser 'parser': start
[07:49:25.147] [bmv2] [D] [thread 11037] [1.0] [cxt 0] Parser 'parser' entering state 'start'
[07:49:25.147] [bmv2] [D] [thread 11037] [1.0] [cxt 0] Extracting header 'ethernet'
[07:49:25.147] [bmv2] [D] [thread 11037] [1.0] [cxt 0] Parser state 'start': key is 86dd
[07:49:25.147] [bmv2] [T] [thread 11037] [1.0] [cxt 0] Bytes parsed: 14
[07:49:25.147] [bmv2] [D] [thread 11037] [1.0] [cxt 0] Parser 'parser': end
[07:49:25.147] [bmv2] [D] [thread 11037] [1.0] [cxt 0] Pipeline 'ingress': start
[07:49:25.147] [bmv2] [T] [thread 11037] [1.0] [cxt 0] load_balance.p4(142) Condition "hdr.ipv4.isValid() && hdr.ipv4.ttl > 0" (node_2) is false
[07:49:25.147] [bmv2] [D] [thread 11037] [1.0] [cxt 0] Pipeline 'ingress': end
[07:49:25.147] [bmv2] [D] [thread 11037] [1.0] [cxt 0] Egress port is 0
[07:49:25.147] [bmv2] [D] [thread 11038] [1.0] [cxt 0] Pipeline 'egress': start
[07:49:25.147] [bmv2] [T] [thread 11038] [1.0] [cxt 0] Applying table 'MyEgress.send_frame'
[07:49:25.147] [bmv2] [D] [thread 11038] [1.0] [cxt 0] Looking up key:
* standard_metadata.egress_port: 0000

[07:49:25.147] [bmv2] [D] [thread 11038] [1.0] [cxt 0] Table 'MyEgress.send_frame': miss
[07:49:25.147] [bmv2] [D] [thread 11038] [1.0] [cxt 0] Action entry is NoAction - 
[07:49:25.147] [bmv2] [T] [thread 11038] [1.0] [cxt 0] Action NoAction
[07:49:25.147] [bmv2] [D] [thread 11038] [1.0] [cxt 0] Pipeline 'egress': end
[07:49:25.147] [bmv2] [D] [thread 11038] [1.0] [cxt 0] Deparser 'deparser': start
[07:49:25.147] [bmv2] [T] [thread 11038] [1.0] [cxt 0] Skipping checksum 'cksum' update because condition not met
[07:49:25.147] [bmv2] [D] [thread 11038] [1.0] [cxt 0] Deparsing header 'ethernet'
[07:49:25.147] [bmv2] [D] [thread 11038] [1.0] [cxt 0] Deparser 'deparser': end
[07:49:25.147] [bmv2] [D] [thread 11042] [1.0] [cxt 0] Transmitting packet of size 90 out of port 0
[07:49:25.226] [bmv2] [D] [thread 11037] [2.0] [cxt 0] Processing packet received on port 1
[07:49:25.226] [bmv2] [D] [thread 11037] [2.0] [cxt 0] Parser 'parser': start
[07:49:25.226] [bmv2] [D] [thread 11037] [2.0] [cxt 0] Parser 'parser' entering state 'start'
[07:49:25.226] [bmv2] [D] [thread 11037] [2.0] [cxt 0] Extracting header 'ethernet'
[07:49:25.226] [bmv2] [D] [thread 11037] [2.0] [cxt 0] Parser state 'start': key is 86dd
[07:49:25.226] [bmv2] [T] [thread 11037] [2.0] [cxt 0] Bytes parsed: 14
[07:49:25.226] [bmv2] [D] [thread 11037] [2.0] [cxt 0] Parser 'parser': end
[07:49:25.226] [bmv2] [D] [thread 11037] [2.0] [cxt 0] Pipeline 'ingress': start
[07:49:25.226] [bmv2] [T] [thread 11037] [2.0] [cxt 0] load_balance.p4(142) Condition "hdr.ipv4.isValid() && hdr.ipv4.ttl > 0" (node_2) is false
[07:49:25.226] [bmv2] [D] [thread 11037] [2.0] [cxt 0] Pipeline 'ingress': end
[07:49:25.226] [bmv2] [D] [thread 11037] [2.0] [cxt 0] Egress port is 0
[07:49:25.226] [bmv2] [D] [thread 11037] [3.0] [cxt 0] Processing packet received on port 1
[07:49:25.226] [bmv2] [D] [thread 11037] [3.0] [cxt 0] Parser 'parser': start
[07:49:25.226] [bmv2] [D] [thread 11037] [3.0] [cxt 0] Parser 'parser' entering state 'start'
[07:49:25.226] [bmv2] [D] [thread 11037] [3.0] [cxt 0] Extracting header 'ethernet'
[07:49:25.226] [bmv2] [D] [thread 11037] [3.0] [cxt 0] Parser state 'start': key is 86dd
[07:49:25.226] [bmv2] [T] [thread 11037] [3.0] [cxt 0] Bytes parsed: 14
[07:49:25.226] [bmv2] [D] [thread 11037] [3.0] [cxt 0] Parser 'parser': end
[07:49:25.226] [bmv2] [D] [thread 11037] [3.0] [cxt 0] Pipeline 'ingress': start
[07:49:25.226] [bmv2] [T] [thread 11037] [3.0] [cxt 0] load_balance.p4(142) Condition "hdr.ipv4.isValid() && hdr.ipv4.ttl > 0" (node_2) is false
[07:49:25.226] [bmv2] [D] [thread 11037] [3.0] [cxt 0] Pipeline 'ingress': end
[07:49:25.226] [bmv2] [D] [thread 11037] [3.0] [cxt 0] Egress port is 0
[07:49:25.226] [bmv2] [D] [thread 11038] [2.0] [cxt 0] Pipeline 'egress': start
[07:49:25.226] [bmv2] [T] [thread 11038] [2.0] [cxt 0] Applying table 'MyEgress.send_frame'
[07:49:25.226] [bmv2] [D] [thread 11038] [2.0] [cxt 0] Looking up key:
* standard_metadata.egress_port: 0000

[07:49:25.226] [bmv2] [D] [thread 11038] [2.0] [cxt 0] Table 'MyEgress.send_frame': miss
[07:49:25.226] [bmv2] [D] [thread 11038] [2.0] [cxt 0] Action entry is NoAction - 
[07:49:25.226] [bmv2] [T] [thread 11038] [2.0] [cxt 0] Action NoAction
[07:49:25.226] [bmv2] [D] [thread 11038] [2.0] [cxt 0] Pipeline 'egress': end
[07:49:25.226] [bmv2] [D] [thread 11038] [2.0] [cxt 0] Deparser 'deparser': start
[07:49:25.226] [bmv2] [T] [thread 11038] [2.0] [cxt 0] Skipping checksum 'cksum' update because condition not met
[07:49:25.226] [bmv2] [D] [thread 11038] [2.0] [cxt 0] Deparsing header 'ethernet'
[07:49:25.226] [bmv2] [D] [thread 11038] [2.0] [cxt 0] Deparser 'deparser': end
[07:49:25.226] [bmv2] [D] [thread 11038] [3.0] [cxt 0] Pipeline 'egress': start
[07:49:25.226] [bmv2] [T] [thread 11038] [3.0] [cxt 0] Applying table 'MyEgress.send_frame'
[07:49:25.226] [bmv2] [D] [thread 11038] [3.0] [cxt 0] Looking up key:
* standard_metadata.egress_port: 0000

[07:49:25.226] [bmv2] [D] [thread 11038] [3.0] [cxt 0] Table 'MyEgress.send_frame': miss
[07:49:25.226] [bmv2] [D] [thread 11038] [3.0] [cxt 0] Action entry is NoAction - 
[07:49:25.226] [bmv2] [T] [thread 11038] [3.0] [cxt 0] Action NoAction
[07:49:25.226] [bmv2] [D] [thread 11038] [3.0] [cxt 0] Pipeline 'egress': end
[07:49:25.226] [bmv2] [D] [thread 11038] [3.0] [cxt 0] Deparser 'deparser': start
[07:49:25.226] [bmv2] [T] [thread 11038] [3.0] [cxt 0] Skipping checksum 'cksum' update because condition not met
[07:49:25.226] [bmv2] [D] [thread 11038] [3.0] [cxt 0] Deparsing header 'ethernet'
[07:49:25.226] [bmv2] [D] [thread 11038] [3.0] [cxt 0] Deparser 'deparser': end
[07:49:25.226] [bmv2] [D] [thread 11042] [2.0] [cxt 0] Transmitting packet of size 90 out of port 0
[07:49:25.226] [bmv2] [D] [thread 11042] [3.0] [cxt 0] Transmitting packet of size 70 out of port 0
[07:49:25.298] [bmv2] [D] [thread 11037] [4.0] [cxt 0] Processing packet received on port 2
[07:49:25.298] [bmv2] [D] [thread 11037] [4.0] [cxt 0] Parser 'parser': start
[07:49:25.298] [bmv2] [D] [thread 11037] [4.0] [cxt 0] Parser 'parser' entering state 'start'
[07:49:25.298] [bmv2] [D] [thread 11037] [4.0] [cxt 0] Extracting header 'ethernet'
[07:49:25.298] [bmv2] [D] [thread 11037] [4.0] [cxt 0] Parser state 'start': key is 86dd
[07:49:25.298] [bmv2] [T] [thread 11037] [4.0] [cxt 0] Bytes parsed: 14
[07:49:25.298] [bmv2] [D] [thread 11037] [4.0] [cxt 0] Parser 'parser': end
[07:49:25.298] [bmv2] [D] [thread 11037] [4.0] [cxt 0] Pipeline 'ingress': start
[07:49:25.298] [bmv2] [T] [thread 11037] [4.0] [cxt 0] load_balance.p4(142) Condition "hdr.ipv4.isValid() && hdr.ipv4.ttl > 0" (node_2) is false
[07:49:25.298] [bmv2] [D] [thread 11037] [4.0] [cxt 0] Pipeline 'ingress': end
[07:49:25.298] [bmv2] [D] [thread 11037] [4.0] [cxt 0] Egress port is 0
[07:49:25.298] [bmv2] [D] [thread 11037] [5.0] [cxt 0] Processing packet received on port 2
[07:49:25.298] [bmv2] [D] [thread 11037] [5.0] [cxt 0] Parser 'parser': start
[07:49:25.298] [bmv2] [D] [thread 11037] [5.0] [cxt 0] Parser 'parser' entering state 'start'
[07:49:25.298] [bmv2] [D] [thread 11037] [5.0] [cxt 0] Extracting header 'ethernet'
[07:49:25.298] [bmv2] [D] [thread 11037] [5.0] [cxt 0] Parser state 'start': key is 86dd
[07:49:25.298] [bmv2] [T] [thread 11037] [5.0] [cxt 0] Bytes parsed: 14
[07:49:25.298] [bmv2] [D] [thread 11037] [5.0] [cxt 0] Parser 'parser': end
[07:49:25.298] [bmv2] [D] [thread 11037] [5.0] [cxt 0] Pipeline 'ingress': start
[07:49:25.298] [bmv2] [T] [thread 11037] [5.0] [cxt 0] load_balance.p4(142) Condition "hdr.ipv4.isValid() && hdr.ipv4.ttl > 0" (node_2) is false
[07:49:25.298] [bmv2] [D] [thread 11037] [5.0] [cxt 0] Pipeline 'ingress': end
[07:49:25.298] [bmv2] [D] [thread 11037] [5.0] [cxt 0] Egress port is 0
[07:49:25.298] [bmv2] [D] [thread 11038] [4.0] [cxt 0] Pipeline 'egress': start
[07:49:25.298] [bmv2] [T] [thread 11038] [4.0] [cxt 0] Applying table 'MyEgress.send_frame'
[07:49:25.298] [bmv2] [D] [thread 11038] [4.0] [cxt 0] Looking up key:
* standard_metadata.egress_port: 0000

[07:49:25.298] [bmv2] [D] [thread 11038] [4.0] [cxt 0] Table 'MyEgress.send_frame': miss
[07:49:25.298] [bmv2] [D] [thread 11038] [4.0] [cxt 0] Action entry is NoAction - 
[07:49:25.298] [bmv2] [T] [thread 11038] [4.0] [cxt 0] Action NoAction
[07:49:25.298] [bmv2] [D] [thread 11038] [4.0] [cxt 0] Pipeline 'egress': end
[07:49:25.298] [bmv2] [D] [thread 11038] [4.0] [cxt 0] Deparser 'deparser': start
[07:49:25.298] [bmv2] [T] [thread 11038] [4.0] [cxt 0] Skipping checksum 'cksum' update because condition not met
[07:49:25.298] [bmv2] [D] [thread 11038] [4.0] [cxt 0] Deparsing header 'ethernet'
[07:49:25.298] [bmv2] [D] [thread 11038] [4.0] [cxt 0] Deparser 'deparser': end
[07:49:25.298] [bmv2] [D] [thread 11038] [5.0] [cxt 0] Pipeline 'egress': start
[07:49:25.298] [bmv2] [T] [thread 11038] [5.0] [cxt 0] Applying table 'MyEgress.send_frame'
[07:49:25.298] [bmv2] [D] [thread 11038] [5.0] [cxt 0] Looking up key:
* standard_metadata.egress_port: 0000

[07:49:25.299] [bmv2] [D] [thread 11038] [5.0] [cxt 0] Table 'MyEgress.send_frame': miss
[07:49:25.299] [bmv2] [D] [thread 11038] [5.0] [cxt 0] Action entry is NoAction - 
[07:49:25.299] [bmv2] [T] [thread 11038] [5.0] [cxt 0] Action NoAction
[07:49:25.299] [bmv2] [D] [thread 11038] [5.0] [cxt 0] Pipeline 'egress': end
[07:49:25.299] [bmv2] [D] [thread 11042] [4.0] [cxt 0] Transmitting packet of size 90 out of port 0
[07:49:25.299] [bmv2] [D] [thread 11038] [5.0] [cxt 0] Deparser 'deparser': start
[07:49:25.299] [bmv2] [T] [thread 11038] [5.0] [cxt 0] Skipping checksum 'cksum' update because condition not met
[07:49:25.299] [bmv2] [D] [thread 11038] [5.0] [cxt 0] Deparsing header 'ethernet'
[07:49:25.299] [bmv2] [D] [thread 11038] [5.0] [cxt 0] Deparser 'deparser': end
[07:49:25.299] [bmv2] [D] [thread 11042] [5.0] [cxt 0] Transmitting packet of size 70 out of port 0
[07:49:25.530] [bmv2] [D] [thread 11037] [6.0] [cxt 0] Processing packet received on port 3
[07:49:25.530] [bmv2] [D] [thread 11037] [6.0] [cxt 0] Parser 'parser': start
[07:49:25.530] [bmv2] [D] [thread 11037] [6.0] [cxt 0] Parser 'parser' entering state 'start'
[07:49:25.530] [bmv2] [D] [thread 11037] [6.0] [cxt 0] Extracting header 'ethernet'
[07:49:25.530] [bmv2] [D] [thread 11037] [6.0] [cxt 0] Parser state 'start': key is 86dd
[07:49:25.530] [bmv2] [T] [thread 11037] [6.0] [cxt 0] Bytes parsed: 14
[07:49:25.530] [bmv2] [D] [thread 11037] [6.0] [cxt 0] Parser 'parser': end
[07:49:25.530] [bmv2] [D] [thread 11037] [6.0] [cxt 0] Pipeline 'ingress': start
[07:49:25.530] [bmv2] [T] [thread 11037] [6.0] [cxt 0] load_balance.p4(142) Condition "hdr.ipv4.isValid() && hdr.ipv4.ttl > 0" (node_2) is false
[07:49:25.530] [bmv2] [D] [thread 11037] [6.0] [cxt 0] Pipeline 'ingress': end
[07:49:25.530] [bmv2] [D] [thread 11037] [6.0] [cxt 0] Egress port is 0
[07:49:25.530] [bmv2] [D] [thread 11037] [7.0] [cxt 0] Processing packet received on port 3
[07:49:25.530] [bmv2] [D] [thread 11037] [7.0] [cxt 0] Parser 'parser': start
[07:49:25.530] [bmv2] [D] [thread 11037] [7.0] [cxt 0] Parser 'parser' entering state 'start'
[07:49:25.530] [bmv2] [D] [thread 11037] [7.0] [cxt 0] Extracting header 'ethernet'
[07:49:25.530] [bmv2] [D] [thread 11037] [7.0] [cxt 0] Parser state 'start': key is 86dd
[07:49:25.530] [bmv2] [T] [thread 11037] [7.0] [cxt 0] Bytes parsed: 14
[07:49:25.530] [bmv2] [D] [thread 11037] [7.0] [cxt 0] Parser 'parser': end
[07:49:25.530] [bmv2] [D] [thread 11037] [7.0] [cxt 0] Pipeline 'ingress': start
[07:49:25.530] [bmv2] [T] [thread 11037] [7.0] [cxt 0] load_balance.p4(142) Condition "hdr.ipv4.isValid() && hdr.ipv4.ttl > 0" (node_2) is false
[07:49:25.530] [bmv2] [D] [thread 11037] [7.0] [cxt 0] Pipeline 'ingress': end
[07:49:25.530] [bmv2] [D] [thread 11037] [7.0] [cxt 0] Egress port is 0
[07:49:25.531] [bmv2] [D] [thread 11038] [6.0] [cxt 0] Pipeline 'egress': start
[07:49:25.531] [bmv2] [T] [thread 11038] [6.0] [cxt 0] Applying table 'MyEgress.send_frame'
[07:49:25.531] [bmv2] [D] [thread 11038] [6.0] [cxt 0] Looking up key:
* standard_metadata.egress_port: 0000

[07:49:25.531] [bmv2] [D] [thread 11038] [6.0] [cxt 0] Table 'MyEgress.send_frame': miss
[07:49:25.531] [bmv2] [D] [thread 11038] [6.0] [cxt 0] Action entry is NoAction - 
[07:49:25.531] [bmv2] [T] [thread 11038] [6.0] [cxt 0] Action NoAction
[07:49:25.531] [bmv2] [D] [thread 11038] [6.0] [cxt 0] Pipeline 'egress': end
[07:49:25.531] [bmv2] [D] [thread 11038] [6.0] [cxt 0] Deparser 'deparser': start
[07:49:25.531] [bmv2] [T] [thread 11038] [6.0] [cxt 0] Skipping checksum 'cksum' update because condition not met
[07:49:25.531] [bmv2] [D] [thread 11038] [6.0] [cxt 0] Deparsing header 'ethernet'
[07:49:25.531] [bmv2] [D] [thread 11038] [6.0] [cxt 0] Deparser 'deparser': end
[07:49:25.531] [bmv2] [D] [thread 11038] [7.0] [cxt 0] Pipeline 'egress': start
[07:49:25.531] [bmv2] [T] [thread 11038] [7.0] [cxt 0] Applying table 'MyEgress.send_frame'
[07:49:25.531] [bmv2] [D] [thread 11038] [7.0] [cxt 0] Looking up key:
* standard_metadata.egress_port: 0000

[07:49:25.531] [bmv2] [D] [thread 11038] [7.0] [cxt 0] Table 'MyEgress.send_frame': miss
[07:49:25.531] [bmv2] [D] [thread 11038] [7.0] [cxt 0] Action entry is NoAction - 
[07:49:25.531] [bmv2] [T] [thread 11038] [7.0] [cxt 0] Action NoAction
[07:49:25.531] [bmv2] [D] [thread 11038] [7.0] [cxt 0] Pipeline 'egress': end
[07:49:25.531] [bmv2] [D] [thread 11038] [7.0] [cxt 0] Deparser 'deparser': start
[07:49:25.531] [bmv2] [T] [thread 11038] [7.0] [cxt 0] Skipping checksum 'cksum' update because condition not met
[07:49:25.531] [bmv2] [D] [thread 11038] [7.0] [cxt 0] Deparsing header 'ethernet'
[07:49:25.531] [bmv2] [D] [thread 11038] [7.0] [cxt 0] Deparser 'deparser': end
[07:49:25.531] [bmv2] [D] [thread 11042] [6.0] [cxt 0] Transmitting packet of size 90 out of port 0
[07:49:25.531] [bmv2] [D] [thread 11042] [7.0] [cxt 0] Transmitting packet of size 70 out of port 0
[07:49:25.679] [bmv2] [D] [thread 11037] [8.0] [cxt 0] Processing packet received on port 3
[07:49:25.679] [bmv2] [D] [thread 11037] [8.0] [cxt 0] Parser 'parser': start
[07:49:25.679] [bmv2] [D] [thread 11037] [8.0] [cxt 0] Parser 'parser' entering state 'start'
[07:49:25.679] [bmv2] [D] [thread 11037] [8.0] [cxt 0] Extracting header 'ethernet'
[07:49:25.679] [bmv2] [D] [thread 11037] [8.0] [cxt 0] Parser state 'start': key is 86dd
[07:49:25.679] [bmv2] [T] [thread 11037] [8.0] [cxt 0] Bytes parsed: 14
[07:49:25.679] [bmv2] [D] [thread 11037] [8.0] [cxt 0] Parser 'parser': end
[07:49:25.679] [bmv2] [D] [thread 11037] [8.0] [cxt 0] Pipeline 'ingress': start
[07:49:25.679] [bmv2] [T] [thread 11037] [8.0] [cxt 0] load_balance.p4(142) Condition "hdr.ipv4.isValid() && hdr.ipv4.ttl > 0" (node_2) is false
[07:49:25.679] [bmv2] [D] [thread 11037] [8.0] [cxt 0] Pipeline 'ingress': end
[07:49:25.679] [bmv2] [D] [thread 11037] [8.0] [cxt 0] Egress port is 0
[07:49:25.679] [bmv2] [D] [thread 11037] [9.0] [cxt 0] Processing packet received on port 3
[07:49:25.679] [bmv2] [D] [thread 11037] [9.0] [cxt 0] Parser 'parser': start
[07:49:25.679] [bmv2] [D] [thread 11037] [9.0] [cxt 0] Parser 'parser' entering state 'start'
[07:49:25.679] [bmv2] [D] [thread 11037] [9.0] [cxt 0] Extracting header 'ethernet'
[07:49:25.679] [bmv2] [D] [thread 11037] [9.0] [cxt 0] Parser state 'start': key is 86dd
[07:49:25.679] [bmv2] [T] [thread 11037] [9.0] [cxt 0] Bytes parsed: 14
[07:49:25.679] [bmv2] [D] [thread 11037] [9.0] [cxt 0] Parser 'parser': end
[07:49:25.679] [bmv2] [D] [thread 11037] [9.0] [cxt 0] Pipeline 'ingress': start
[07:49:25.679] [bmv2] [T] [thread 11037] [9.0] [cxt 0] load_balance.p4(142) Condition "hdr.ipv4.isValid() && hdr.ipv4.ttl > 0" (node_2) is false
[07:49:25.679] [bmv2] [D] [thread 11037] [9.0] [cxt 0] Pipeline 'ingress': end
[07:49:25.679] [bmv2] [D] [thread 11037] [9.0] [cxt 0] Egress port is 0
[07:49:25.680] [bmv2] [D] [thread 11038] [8.0] [cxt 0] Pipeline 'egress': start
[07:49:25.680] [bmv2] [T] [thread 11038] [8.0] [cxt 0] Applying table 'MyEgress.send_frame'
[07:49:25.680] [bmv2] [D] [thread 11038] [8.0] [cxt 0] Looking up key:
* standard_metadata.egress_port: 0000

[07:49:25.680] [bmv2] [D] [thread 11038] [8.0] [cxt 0] Table 'MyEgress.send_frame': miss
[07:49:25.680] [bmv2] [D] [thread 11038] [8.0] [cxt 0] Action entry is NoAction - 
[07:49:25.680] [bmv2] [T] [thread 11038] [8.0] [cxt 0] Action NoAction
[07:49:25.680] [bmv2] [D] [thread 11038] [8.0] [cxt 0] Pipeline 'egress': end
[07:49:25.680] [bmv2] [D] [thread 11038] [8.0] [cxt 0] Deparser 'deparser': start
[07:49:25.680] [bmv2] [T] [thread 11038] [8.0] [cxt 0] Skipping checksum 'cksum' update because condition not met
[07:49:25.680] [bmv2] [D] [thread 11038] [8.0] [cxt 0] Deparsing header 'ethernet'
[07:49:25.680] [bmv2] [D] [thread 11038] [8.0] [cxt 0] Deparser 'deparser': end
[07:49:25.680] [bmv2] [D] [thread 11038] [9.0] [cxt 0] Pipeline 'egress': start
[07:49:25.680] [bmv2] [T] [thread 11038] [9.0] [cxt 0] Applying table 'MyEgress.send_frame'
[07:49:25.680] [bmv2] [D] [thread 11038] [9.0] [cxt 0] Looking up key:
* standard_metadata.egress_port: 0000

[07:49:25.680] [bmv2] [D] [thread 11038] [9.0] [cxt 0] Table 'MyEgress.send_frame': miss
[07:49:25.680] [bmv2] [D] [thread 11038] [9.0] [cxt 0] Action entry is NoAction - 
[07:49:25.680] [bmv2] [T] [thread 11038] [9.0] [cxt 0] Action NoAction
[07:49:25.680] [bmv2] [D] [thread 11042] [8.0] [cxt 0] Transmitting packet of size 90 out of port 0
[07:49:25.680] [bmv2] [D] [thread 11038] [9.0] [cxt 0] Pipeline 'egress': end
[07:49:25.680] [bmv2] [D] [thread 11038] [9.0] [cxt 0] Deparser 'deparser': start
[07:49:25.680] [bmv2] [T] [thread 11038] [9.0] [cxt 0] Skipping checksum 'cksum' update because condition not met
[07:49:25.680] [bmv2] [D] [thread 11038] [9.0] [cxt 0] Deparsing header 'ethernet'
[07:49:25.680] [bmv2] [D] [thread 11038] [9.0] [cxt 0] Deparser 'deparser': end
[07:49:25.680] [bmv2] [D] [thread 11042] [9.0] [cxt 0] Transmitting packet of size 70 out of port 0
[07:49:25.864] [bmv2] [D] [thread 11037] [10.0] [cxt 0] Processing packet received on port 1
[07:49:25.865] [bmv2] [D] [thread 11037] [10.0] [cxt 0] Parser 'parser': start
[07:49:25.865] [bmv2] [D] [thread 11037] [10.0] [cxt 0] Parser 'parser' entering state 'start'
[07:49:25.865] [bmv2] [D] [thread 11037] [10.0] [cxt 0] Extracting header 'ethernet'
[07:49:25.865] [bmv2] [D] [thread 11037] [10.0] [cxt 0] Parser state 'start': key is 86dd
[07:49:25.865] [bmv2] [T] [thread 11037] [10.0] [cxt 0] Bytes parsed: 14
[07:49:25.865] [bmv2] [D] [thread 11037] [10.0] [cxt 0] Parser 'parser': end
[07:49:25.865] [bmv2] [D] [thread 11037] [10.0] [cxt 0] Pipeline 'ingress': start
[07:49:25.865] [bmv2] [T] [thread 11037] [10.0] [cxt 0] load_balance.p4(142) Condition "hdr.ipv4.isValid() && hdr.ipv4.ttl > 0" (node_2) is false
[07:49:25.865] [bmv2] [D] [thread 11037] [10.0] [cxt 0] Pipeline 'ingress': end
[07:49:25.865] [bmv2] [D] [thread 11037] [10.0] [cxt 0] Egress port is 0
[07:49:25.865] [bmv2] [D] [thread 11038] [10.0] [cxt 0] Pipeline 'egress': start
[07:49:25.865] [bmv2] [T] [thread 11038] [10.0] [cxt 0] Applying table 'MyEgress.send_frame'
[07:49:25.865] [bmv2] [D] [thread 11038] [10.0] [cxt 0] Looking up key:
* standard_metadata.egress_port: 0000

[07:49:25.865] [bmv2] [D] [thread 11038] [10.0] [cxt 0] Table 'MyEgress.send_frame': miss
[07:49:25.865] [bmv2] [D] [thread 11038] [10.0] [cxt 0] Action entry is NoAction - 
[07:49:25.865] [bmv2] [T] [thread 11038] [10.0] [cxt 0] Action NoAction
[07:49:25.865] [bmv2] [D] [thread 11038] [10.0] [cxt 0] Pipeline 'egress': end
[07:49:25.865] [bmv2] [D] [thread 11038] [10.0] [cxt 0] Deparser 'deparser': start
[07:49:25.865] [bmv2] [T] [thread 11038] [10.0] [cxt 0] Skipping checksum 'cksum' update because condition not met
[07:49:25.865] [bmv2] [D] [thread 11038] [10.0] [cxt 0] Deparsing header 'ethernet'
[07:49:25.865] [bmv2] [D] [thread 11038] [10.0] [cxt 0] Deparser 'deparser': end
[07:49:25.865] [bmv2] [D] [thread 11042] [10.0] [cxt 0] Transmitting packet of size 90 out of port 0
[07:49:25.952] [bmv2] [D] [thread 11037] [11.0] [cxt 0] Processing packet received on port 3
[07:49:25.952] [bmv2] [D] [thread 11037] [11.0] [cxt 0] Parser 'parser': start
[07:49:25.952] [bmv2] [D] [thread 11037] [11.0] [cxt 0] Parser 'parser' entering state 'start'
[07:49:25.952] [bmv2] [D] [thread 11037] [11.0] [cxt 0] Extracting header 'ethernet'
[07:49:25.952] [bmv2] [D] [thread 11037] [11.0] [cxt 0] Parser state 'start': key is 86dd
[07:49:25.952] [bmv2] [T] [thread 11037] [11.0] [cxt 0] Bytes parsed: 14
[07:49:25.952] [bmv2] [D] [thread 11037] [11.0] [cxt 0] Parser 'parser': end
[07:49:25.952] [bmv2] [D] [thread 11037] [11.0] [cxt 0] Pipeline 'ingress': start
[07:49:25.952] [bmv2] [T] [thread 11037] [11.0] [cxt 0] load_balance.p4(142) Condition "hdr.ipv4.isValid() && hdr.ipv4.ttl > 0" (node_2) is false
[07:49:25.952] [bmv2] [D] [thread 11037] [11.0] [cxt 0] Pipeline 'ingress': end
[07:49:25.952] [bmv2] [D] [thread 11037] [11.0] [cxt 0] Egress port is 0
[07:49:25.953] [bmv2] [D] [thread 11038] [11.0] [cxt 0] Pipeline 'egress': start
[07:49:25.953] [bmv2] [T] [thread 11038] [11.0] [cxt 0] Applying table 'MyEgress.send_frame'
[07:49:25.953] [bmv2] [D] [thread 11038] [11.0] [cxt 0] Looking up key:
* standard_metadata.egress_port: 0000

[07:49:25.953] [bmv2] [D] [thread 11038] [11.0] [cxt 0] Table 'MyEgress.send_frame': miss
[07:49:25.953] [bmv2] [D] [thread 11038] [11.0] [cxt 0] Action entry is NoAction - 
[07:49:25.953] [bmv2] [T] [thread 11038] [11.0] [cxt 0] Action NoAction
[07:49:25.953] [bmv2] [D] [thread 11038] [11.0] [cxt 0] Pipeline 'egress': end
[07:49:25.953] [bmv2] [D] [thread 11038] [11.0] [cxt 0] Deparser 'deparser': start
[07:49:25.953] [bmv2] [T] [thread 11038] [11.0] [cxt 0] Skipping checksum 'cksum' update because condition not met
[07:49:25.953] [bmv2] [D] [thread 11038] [11.0] [cxt 0] Deparsing header 'ethernet'
[07:49:25.953] [bmv2] [D] [thread 11038] [11.0] [cxt 0] Deparser 'deparser': end
[07:49:25.953] [bmv2] [D] [thread 11042] [11.0] [cxt 0] Transmitting packet of size 90 out of port 0
[07:49:25.998] [bmv2] [D] [thread 11037] [12.0] [cxt 0] Processing packet received on port 2
[07:49:25.998] [bmv2] [D] [thread 11037] [12.0] [cxt 0] Parser 'parser': start
[07:49:25.998] [bmv2] [D] [thread 11037] [12.0] [cxt 0] Parser 'parser' entering state 'start'
[07:49:25.998] [bmv2] [D] [thread 11037] [12.0] [cxt 0] Extracting header 'ethernet'
[07:49:25.998] [bmv2] [D] [thread 11037] [12.0] [cxt 0] Parser state 'start': key is 86dd
[07:49:25.998] [bmv2] [T] [thread 11037] [12.0] [cxt 0] Bytes parsed: 14
[07:49:25.998] [bmv2] [D] [thread 11037] [12.0] [cxt 0] Parser 'parser': end
[07:49:25.998] [bmv2] [D] [thread 11037] [12.0] [cxt 0] Pipeline 'ingress': start
[07:49:25.998] [bmv2] [T] [thread 11037] [12.0] [cxt 0] load_balance.p4(142) Condition "hdr.ipv4.isValid() && hdr.ipv4.ttl > 0" (node_2) is false
[07:49:25.998] [bmv2] [D] [thread 11037] [12.0] [cxt 0] Pipeline 'ingress': end
[07:49:25.998] [bmv2] [D] [thread 11037] [12.0] [cxt 0] Egress port is 0
[07:49:25.998] [bmv2] [D] [thread 11037] [13.0] [cxt 0] Processing packet received on port 2
[07:49:25.998] [bmv2] [D] [thread 11037] [13.0] [cxt 0] Parser 'parser': start
[07:49:25.998] [bmv2] [D] [thread 11037] [13.0] [cxt 0] Parser 'parser' entering state 'start'
[07:49:25.998] [bmv2] [D] [thread 11037] [13.0] [cxt 0] Extracting header 'ethernet'
[07:49:25.998] [bmv2] [D] [thread 11037] [13.0] [cxt 0] Parser state 'start': key is 86dd
[07:49:25.998] [bmv2] [T] [thread 11037] [13.0] [cxt 0] Bytes parsed: 14
[07:49:25.998] [bmv2] [D] [thread 11037] [13.0] [cxt 0] Parser 'parser': end
[07:49:25.998] [bmv2] [D] [thread 11037] [13.0] [cxt 0] Pipeline 'ingress': start
[07:49:25.998] [bmv2] [T] [thread 11037] [13.0] [cxt 0] load_balance.p4(142) Condition "hdr.ipv4.isValid() && hdr.ipv4.ttl > 0" (node_2) is false
[07:49:25.998] [bmv2] [D] [thread 11037] [13.0] [cxt 0] Pipeline 'ingress': end
[07:49:25.998] [bmv2] [D] [thread 11037] [13.0] [cxt 0] Egress port is 0
[07:49:25.998] [bmv2] [D] [thread 11038] [12.0] [cxt 0] Pipeline 'egress': start
[07:49:25.998] [bmv2] [T] [thread 11038] [12.0] [cxt 0] Applying table 'MyEgress.send_frame'
[07:49:25.998] [bmv2] [D] [thread 11038] [12.0] [cxt 0] Looking up key:
* standard_metadata.egress_port: 0000

[07:49:25.998] [bmv2] [D] [thread 11038] [12.0] [cxt 0] Table 'MyEgress.send_frame': miss
[07:49:25.998] [bmv2] [D] [thread 11038] [12.0] [cxt 0] Action entry is NoAction - 
[07:49:25.998] [bmv2] [T] [thread 11038] [12.0] [cxt 0] Action NoAction
[07:49:25.998] [bmv2] [D] [thread 11038] [12.0] [cxt 0] Pipeline 'egress': end
[07:49:25.998] [bmv2] [D] [thread 11038] [12.0] [cxt 0] Deparser 'deparser': start
[07:49:25.998] [bmv2] [T] [thread 11038] [12.0] [cxt 0] Skipping checksum 'cksum' update because condition not met
[07:49:25.998] [bmv2] [D] [thread 11038] [12.0] [cxt 0] Deparsing header 'ethernet'
[07:49:25.998] [bmv2] [D] [thread 11038] [12.0] [cxt 0] Deparser 'deparser': end
[07:49:25.998] [bmv2] [D] [thread 11038] [13.0] [cxt 0] Pipeline 'egress': start
[07:49:25.998] [bmv2] [T] [thread 11038] [13.0] [cxt 0] Applying table 'MyEgress.send_frame'
[07:49:25.998] [bmv2] [D] [thread 11038] [13.0] [cxt 0] Looking up key:
* standard_metadata.egress_port: 0000

[07:49:25.998] [bmv2] [D] [thread 11038] [13.0] [cxt 0] Table 'MyEgress.send_frame': miss
[07:49:25.998] [bmv2] [D] [thread 11038] [13.0] [cxt 0] Action entry is NoAction - 
[07:49:25.998] [bmv2] [T] [thread 11038] [13.0] [cxt 0] Action NoAction
[07:49:25.998] [bmv2] [D] [thread 11042] [12.0] [cxt 0] Transmitting packet of size 90 out of port 0
[07:49:25.998] [bmv2] [D] [thread 11038] [13.0] [cxt 0] Pipeline 'egress': end
[07:49:25.998] [bmv2] [D] [thread 11038] [13.0] [cxt 0] Deparser 'deparser': start
[07:49:25.998] [bmv2] [T] [thread 11038] [13.0] [cxt 0] Skipping checksum 'cksum' update because condition not met
[07:49:25.998] [bmv2] [D] [thread 11038] [13.0] [cxt 0] Deparsing header 'ethernet'
[07:49:25.998] [bmv2] [D] [thread 11038] [13.0] [cxt 0] Deparser 'deparser': end
[07:49:25.998] [bmv2] [D] [thread 11042] [13.0] [cxt 0] Transmitting packet of size 70 out of port 0
[07:49:26.024] [bmv2] [D] [thread 11037] [14.0] [cxt 0] Processing packet received on port 2
[07:49:26.024] [bmv2] [D] [thread 11037] [14.0] [cxt 0] Parser 'parser': start
[07:49:26.024] [bmv2] [D] [thread 11037] [14.0] [cxt 0] Parser 'parser' entering state 'start'
[07:49:26.024] [bmv2] [D] [thread 11037] [14.0] [cxt 0] Extracting header 'ethernet'
[07:49:26.024] [bmv2] [D] [thread 11037] [14.0] [cxt 0] Parser state 'start': key is 86dd
[07:49:26.024] [bmv2] [T] [thread 11037] [14.0] [cxt 0] Bytes parsed: 14
[07:49:26.024] [bmv2] [D] [thread 11037] [14.0] [cxt 0] Parser 'parser': end
[07:49:26.024] [bmv2] [D] [thread 11037] [14.0] [cxt 0] Pipeline 'ingress': start
[07:49:26.024] [bmv2] [T] [thread 11037] [14.0] [cxt 0] load_balance.p4(142) Condition "hdr.ipv4.isValid() && hdr.ipv4.ttl > 0" (node_2) is false
[07:49:26.024] [bmv2] [D] [thread 11037] [14.0] [cxt 0] Pipeline 'ingress': end
[07:49:26.024] [bmv2] [D] [thread 11037] [14.0] [cxt 0] Egress port is 0
[07:49:26.025] [bmv2] [D] [thread 11038] [14.0] [cxt 0] Pipeline 'egress': start
[07:49:26.025] [bmv2] [T] [thread 11038] [14.0] [cxt 0] Applying table 'MyEgress.send_frame'
[07:49:26.025] [bmv2] [D] [thread 11038] [14.0] [cxt 0] Looking up key:
* standard_metadata.egress_port: 0000

[07:49:26.025] [bmv2] [D] [thread 11038] [14.0] [cxt 0] Table 'MyEgress.send_frame': miss
[07:49:26.025] [bmv2] [D] [thread 11038] [14.0] [cxt 0] Action entry is NoAction - 
[07:49:26.025] [bmv2] [T] [thread 11038] [14.0] [cxt 0] Action NoAction
[07:49:26.025] [bmv2] [D] [thread 11038] [14.0] [cxt 0] Pipeline 'egress': end
[07:49:26.025] [bmv2] [D] [thread 11038] [14.0] [cxt 0] Deparser 'deparser': start
[07:49:26.025] [bmv2] [T] [thread 11038] [14.0] [cxt 0] Skipping checksum 'cksum' update because condition not met
[07:49:26.025] [bmv2] [D] [thread 11038] [14.0] [cxt 0] Deparsing header 'ethernet'
[07:49:26.025] [bmv2] [D] [thread 11038] [14.0] [cxt 0] Deparser 'deparser': end
[07:49:26.025] [bmv2] [D] [thread 11042] [14.0] [cxt 0] Transmitting packet of size 90 out of port 0
[07:49:26.195] [bmv2] [D] [thread 11037] [15.0] [cxt 0] Processing packet received on port 3
[07:49:26.195] [bmv2] [D] [thread 11037] [15.0] [cxt 0] Parser 'parser': start
[07:49:26.195] [bmv2] [D] [thread 11037] [15.0] [cxt 0] Parser 'parser' entering state 'start'
[07:49:26.195] [bmv2] [D] [thread 11037] [15.0] [cxt 0] Extracting header 'ethernet'
[07:49:26.195] [bmv2] [D] [thread 11037] [15.0] [cxt 0] Parser state 'start': key is 86dd
[07:49:26.195] [bmv2] [T] [thread 11037] [15.0] [cxt 0] Bytes parsed: 14
[07:49:26.195] [bmv2] [D] [thread 11037] [15.0] [cxt 0] Parser 'parser': end
[07:49:26.195] [bmv2] [D] [thread 11037] [15.0] [cxt 0] Pipeline 'ingress': start
[07:49:26.195] [bmv2] [T] [thread 11037] [15.0] [cxt 0] load_balance.p4(142) Condition "hdr.ipv4.isValid() && hdr.ipv4.ttl > 0" (node_2) is false
[07:49:26.195] [bmv2] [D] [thread 11037] [15.0] [cxt 0] Pipeline 'ingress': end
[07:49:26.195] [bmv2] [D] [thread 11037] [15.0] [cxt 0] Egress port is 0
[07:49:26.195] [bmv2] [D] [thread 11038] [15.0] [cxt 0] Pipeline 'egress': start
[07:49:26.195] [bmv2] [T] [thread 11038] [15.0] [cxt 0] Applying table 'MyEgress.send_frame'
[07:49:26.195] [bmv2] [D] [thread 11038] [15.0] [cxt 0] Looking up key:
* standard_metadata.egress_port: 0000

[07:49:26.195] [bmv2] [D] [thread 11038] [15.0] [cxt 0] Table 'MyEgress.send_frame': miss
[07:49:26.195] [bmv2] [D] [thread 11038] [15.0] [cxt 0] Action entry is NoAction - 
[07:49:26.195] [bmv2] [T] [thread 11038] [15.0] [cxt 0] Action NoAction
[07:49:26.195] [bmv2] [D] [thread 11038] [15.0] [cxt 0] Pipeline 'egress': end
[07:49:26.195] [bmv2] [D] [thread 11038] [15.0] [cxt 0] Deparser 'deparser': start
[07:49:26.195] [bmv2] [T] [thread 11038] [15.0] [cxt 0] Skipping checksum 'cksum' update because condition not met
[07:49:26.195] [bmv2] [D] [thread 11038] [15.0] [cxt 0] Deparsing header 'ethernet'
[07:49:26.195] [bmv2] [D] [thread 11038] [15.0] [cxt 0] Deparser 'deparser': end
[07:49:26.196] [bmv2] [D] [thread 11042] [15.0] [cxt 0] Transmitting packet of size 90 out of port 0
[07:49:26.880] [bmv2] [D] [thread 11037] [16.0] [cxt 0] Processing packet received on port 2
[07:49:26.880] [bmv2] [D] [thread 11037] [16.0] [cxt 0] Parser 'parser': start
[07:49:26.880] [bmv2] [D] [thread 11037] [16.0] [cxt 0] Parser 'parser' entering state 'start'
[07:49:26.880] [bmv2] [D] [thread 11037] [16.0] [cxt 0] Extracting header 'ethernet'
[07:49:26.880] [bmv2] [D] [thread 11037] [16.0] [cxt 0] Parser state 'start': key is 86dd
[07:49:26.880] [bmv2] [T] [thread 11037] [16.0] [cxt 0] Bytes parsed: 14
[07:49:26.881] [bmv2] [D] [thread 11037] [16.0] [cxt 0] Parser 'parser': end
[07:49:26.881] [bmv2] [D] [thread 11037] [16.0] [cxt 0] Pipeline 'ingress': start
[07:49:26.881] [bmv2] [T] [thread 11037] [16.0] [cxt 0] load_balance.p4(142) Condition "hdr.ipv4.isValid() && hdr.ipv4.ttl > 0" (node_2) is false
[07:49:26.881] [bmv2] [D] [thread 11037] [16.0] [cxt 0] Pipeline 'ingress': end
[07:49:26.881] [bmv2] [D] [thread 11037] [16.0] [cxt 0] Egress port is 0
[07:49:26.881] [bmv2] [D] [thread 11038] [16.0] [cxt 0] Pipeline 'egress': start
[07:49:26.881] [bmv2] [T] [thread 11038] [16.0] [cxt 0] Applying table 'MyEgress.send_frame'
[07:49:26.881] [bmv2] [D] [thread 11038] [16.0] [cxt 0] Looking up key:
* standard_metadata.egress_port: 0000

[07:49:26.881] [bmv2] [D] [thread 11038] [16.0] [cxt 0] Table 'MyEgress.send_frame': miss
[07:49:26.881] [bmv2] [D] [thread 11038] [16.0] [cxt 0] Action entry is NoAction - 
[07:49:26.881] [bmv2] [T] [thread 11038] [16.0] [cxt 0] Action NoAction
[07:49:26.881] [bmv2] [D] [thread 11038] [16.0] [cxt 0] Pipeline 'egress': end
[07:49:26.881] [bmv2] [D] [thread 11038] [16.0] [cxt 0] Deparser 'deparser': start
[07:49:26.881] [bmv2] [T] [thread 11038] [16.0] [cxt 0] Skipping checksum 'cksum' update because condition not met
[07:49:26.881] [bmv2] [D] [thread 11038] [16.0] [cxt 0] Deparsing header 'ethernet'
[07:49:26.881] [bmv2] [D] [thread 11038] [16.0] [cxt 0] Deparser 'deparser': end
[07:49:26.881] [bmv2] [D] [thread 11042] [16.0] [cxt 0] Transmitting packet of size 90 out of port 0
New connection
P4Runtime SetForwardingPipelineConfig
[07:49:27.021] [bmv2] [W] [thread 11078] [P4Runtime] p4::tmp::P4DeviceConfig is deprecated
[07:49:27.022] [bmv2] [D] [thread 11078] Set default default entry for table 'MyIngress.ecmp_group': NoAction - 
[07:49:27.022] [bmv2] [D] [thread 11078] Set default default entry for table 'MyIngress.ecmp_nhop': NoAction - 
[07:49:27.022] [bmv2] [D] [thread 11078] Set default default entry for table 'MyEgress.send_frame': NoAction - 
P4Runtime Write
device_id: 1
election_id {
  low: 1
}
updates {
  type: MODIFY
  entity {
    table_entry {
      table_id: 33558969
      action {
        action {
          action_id: 16805608
        }
      }
      is_default_action: true
    }
  }
}
[07:49:27.026] [bmv2] [D] [thread 11078] Set default entry for table 'MyIngress.ecmp_group': MyIngress.drop - 
P4Runtime Write
device_id: 1
election_id {
  low: 1
}
updates {
  type: INSERT
  entity {
    table_entry {
      table_id: 33558969
      match {
        field_id: 1
        lpm {
          value: "\n\000\002\002"
          prefix_len: 32
        }
      }
      action {
        action {
          action_id: 16797669
          params {
            param_id: 2
            value: "\000\000\000\001"
          }
          params {
            param_id: 1
            value: "\000\000"
          }
        }
      }
    }
  }
}
[07:49:27.028] [bmv2] [D] [thread 11078] Entry 0 added to table 'MyIngress.ecmp_group'
[07:49:27.028] [bmv2] [D] [thread 11078] Dumping entry 0
Match key:
* hdr.ipv4.dstAddr    : LPM       0a000202/32
Action entry: MyIngress.set_ecmp_select - 0,1,

P4Runtime Write
device_id: 1
election_id {
  low: 1
}
updates {
  type: INSERT
  entity {
    table_entry {
      table_id: 33608915
      match {
        field_id: 1
        exact {
          value: "\000\000"
        }
      }
      action {
        action {
          action_id: 16826124
          params {
            param_id: 2
            value: "\n\000\002\002"
          }
          params {
            param_id: 3
            value: "\000\001"
          }
          params {
            param_id: 1
            value: "\010\000\000\000\002\002"
          }
        }
      }
    }
  }
}
[07:49:27.030] [bmv2] [D] [thread 11078] Entry 0 added to table 'MyIngress.ecmp_nhop'
[07:49:27.030] [bmv2] [D] [thread 11078] Dumping entry 0
Match key:
* meta.ecmp_select    : EXACT     0000
Action entry: MyIngress.set_nhop - 80000000202,a000202,1,

P4Runtime Write
device_id: 1
election_id {
  low: 1
}
updates {
  type: INSERT
  entity {
    table_entry {
      table_id: 33604441
      match {
        field_id: 1
        exact {
          value: "\000\001"
        }
      }
      action {
        action {
          action_id: 16828148
          params {
            param_id: 1
            value: "\000\000\000\002\001\000"
          }
        }
      }
    }
  }
}
[07:49:27.031] [bmv2] [D] [thread 11078] Entry 0 added to table 'MyEgress.send_frame'
[07:49:27.031] [bmv2] [D] [thread 11078] Dumping entry 0
Match key:
* standard_metadata.egress_port: EXACT     0001
Action entry: MyEgress.rewrite_mac - 20100,

Connection removed
[07:49:29.230] [bmv2] [D] [thread 11037] [17.0] [cxt 0] Processing packet received on port 1
[07:49:29.230] [bmv2] [D] [thread 11037] [17.0] [cxt 0] Parser 'parser': start
[07:49:29.230] [bmv2] [D] [thread 11037] [17.0] [cxt 0] Parser 'parser' entering state 'start'
[07:49:29.230] [bmv2] [D] [thread 11037] [17.0] [cxt 0] Extracting header 'ethernet'
[07:49:29.230] [bmv2] [D] [thread 11037] [17.0] [cxt 0] Parser state 'start': key is 86dd
[07:49:29.230] [bmv2] [T] [thread 11037] [17.0] [cxt 0] Bytes parsed: 14
[07:49:29.230] [bmv2] [D] [thread 11037] [17.0] [cxt 0] Parser 'parser': end
[07:49:29.230] [bmv2] [D] [thread 11037] [17.0] [cxt 0] Pipeline 'ingress': start
[07:49:29.230] [bmv2] [T] [thread 11037] [17.0] [cxt 0] load_balance.p4(142) Condition "hdr.ipv4.isValid() && hdr.ipv4.ttl > 0" (node_2) is false
[07:49:29.230] [bmv2] [D] [thread 11037] [17.0] [cxt 0] Pipeline 'ingress': end
[07:49:29.230] [bmv2] [D] [thread 11037] [17.0] [cxt 0] Egress port is 0
[07:49:29.230] [bmv2] [D] [thread 11038] [17.0] [cxt 0] Pipeline 'egress': start
[07:49:29.231] [bmv2] [T] [thread 11038] [17.0] [cxt 0] Applying table 'MyEgress.send_frame'
[07:49:29.231] [bmv2] [D] [thread 11038] [17.0] [cxt 0] Looking up key:
* standard_metadata.egress_port: 0000

[07:49:29.231] [bmv2] [D] [thread 11038] [17.0] [cxt 0] Table 'MyEgress.send_frame': miss
[07:49:29.231] [bmv2] [D] [thread 11038] [17.0] [cxt 0] Action entry is NoAction - 
[07:49:29.231] [bmv2] [T] [thread 11038] [17.0] [cxt 0] Action NoAction
[07:49:29.231] [bmv2] [D] [thread 11038] [17.0] [cxt 0] Pipeline 'egress': end
[07:49:29.231] [bmv2] [D] [thread 11038] [17.0] [cxt 0] Deparser 'deparser': start
[07:49:29.231] [bmv2] [T] [thread 11038] [17.0] [cxt 0] Skipping checksum 'cksum' update because condition not met
[07:49:29.231] [bmv2] [D] [thread 11038] [17.0] [cxt 0] Deparsing header 'ethernet'
[07:49:29.231] [bmv2] [D] [thread 11038] [17.0] [cxt 0] Deparser 'deparser': end
[07:49:29.231] [bmv2] [D] [thread 11042] [17.0] [cxt 0] Transmitting packet of size 70 out of port 0
[07:49:29.309] [bmv2] [D] [thread 11037] [18.0] [cxt 0] Processing packet received on port 2
[07:49:29.309] [bmv2] [D] [thread 11037] [18.0] [cxt 0] Parser 'parser': start
[07:49:29.309] [bmv2] [D] [thread 11037] [18.0] [cxt 0] Parser 'parser' entering state 'start'
[07:49:29.309] [bmv2] [D] [thread 11037] [18.0] [cxt 0] Extracting header 'ethernet'
[07:49:29.309] [bmv2] [D] [thread 11037] [18.0] [cxt 0] Parser state 'start': key is 86dd
[07:49:29.309] [bmv2] [T] [thread 11037] [18.0] [cxt 0] Bytes parsed: 14
[07:49:29.309] [bmv2] [D] [thread 11037] [18.0] [cxt 0] Parser 'parser': end
[07:49:29.309] [bmv2] [D] [thread 11037] [18.0] [cxt 0] Pipeline 'ingress': start
[07:49:29.309] [bmv2] [T] [thread 11037] [18.0] [cxt 0] load_balance.p4(142) Condition "hdr.ipv4.isValid() && hdr.ipv4.ttl > 0" (node_2) is false
[07:49:29.309] [bmv2] [D] [thread 11037] [18.0] [cxt 0] Pipeline 'ingress': end
[07:49:29.309] [bmv2] [D] [thread 11037] [18.0] [cxt 0] Egress port is 0
[07:49:29.309] [bmv2] [D] [thread 11038] [18.0] [cxt 0] Pipeline 'egress': start
[07:49:29.309] [bmv2] [T] [thread 11038] [18.0] [cxt 0] Applying table 'MyEgress.send_frame'
[07:49:29.309] [bmv2] [D] [thread 11038] [18.0] [cxt 0] Looking up key:
* standard_metadata.egress_port: 0000

[07:49:29.309] [bmv2] [D] [thread 11038] [18.0] [cxt 0] Table 'MyEgress.send_frame': miss
[07:49:29.309] [bmv2] [D] [thread 11038] [18.0] [cxt 0] Action entry is NoAction - 
[07:49:29.309] [bmv2] [T] [thread 11038] [18.0] [cxt 0] Action NoAction
[07:49:29.309] [bmv2] [D] [thread 11038] [18.0] [cxt 0] Pipeline 'egress': end
[07:49:29.309] [bmv2] [D] [thread 11038] [18.0] [cxt 0] Deparser 'deparser': start
[07:49:29.309] [bmv2] [T] [thread 11038] [18.0] [cxt 0] Skipping checksum 'cksum' update because condition not met
[07:49:29.309] [bmv2] [D] [thread 11038] [18.0] [cxt 0] Deparsing header 'ethernet'
[07:49:29.309] [bmv2] [D] [thread 11038] [18.0] [cxt 0] Deparser 'deparser': end
[07:49:29.309] [bmv2] [D] [thread 11042] [18.0] [cxt 0] Transmitting packet of size 70 out of port 0
[07:49:29.532] [bmv2] [D] [thread 11037] [19.0] [cxt 0] Processing packet received on port 3
[07:49:29.532] [bmv2] [D] [thread 11037] [19.0] [cxt 0] Parser 'parser': start
[07:49:29.533] [bmv2] [D] [thread 11037] [19.0] [cxt 0] Parser 'parser' entering state 'start'
[07:49:29.533] [bmv2] [D] [thread 11037] [19.0] [cxt 0] Extracting header 'ethernet'
[07:49:29.533] [bmv2] [D] [thread 11037] [19.0] [cxt 0] Parser state 'start': key is 86dd
[07:49:29.533] [bmv2] [T] [thread 11037] [19.0] [cxt 0] Bytes parsed: 14
[07:49:29.533] [bmv2] [D] [thread 11037] [19.0] [cxt 0] Parser 'parser': end
[07:49:29.533] [bmv2] [D] [thread 11037] [19.0] [cxt 0] Pipeline 'ingress': start
[07:49:29.533] [bmv2] [T] [thread 11037] [19.0] [cxt 0] load_balance.p4(142) Condition "hdr.ipv4.isValid() && hdr.ipv4.ttl > 0" (node_2) is false
[07:49:29.533] [bmv2] [D] [thread 11037] [19.0] [cxt 0] Pipeline 'ingress': end
[07:49:29.533] [bmv2] [D] [thread 11037] [19.0] [cxt 0] Egress port is 0
[07:49:29.533] [bmv2] [D] [thread 11038] [19.0] [cxt 0] Pipeline 'egress': start
[07:49:29.533] [bmv2] [T] [thread 11038] [19.0] [cxt 0] Applying table 'MyEgress.send_frame'
[07:49:29.533] [bmv2] [D] [thread 11038] [19.0] [cxt 0] Looking up key:
* standard_metadata.egress_port: 0000

[07:49:29.533] [bmv2] [D] [thread 11038] [19.0] [cxt 0] Table 'MyEgress.send_frame': miss
[07:49:29.533] [bmv2] [D] [thread 11038] [19.0] [cxt 0] Action entry is NoAction - 
[07:49:29.533] [bmv2] [T] [thread 11038] [19.0] [cxt 0] Action NoAction
[07:49:29.533] [bmv2] [D] [thread 11038] [19.0] [cxt 0] Pipeline 'egress': end
[07:49:29.533] [bmv2] [D] [thread 11038] [19.0] [cxt 0] Deparser 'deparser': start
[07:49:29.533] [bmv2] [T] [thread 11038] [19.0] [cxt 0] Skipping checksum 'cksum' update because condition not met
[07:49:29.533] [bmv2] [D] [thread 11038] [19.0] [cxt 0] Deparsing header 'ethernet'
[07:49:29.533] [bmv2] [D] [thread 11038] [19.0] [cxt 0] Deparser 'deparser': end
[07:49:29.533] [bmv2] [D] [thread 11042] [19.0] [cxt 0] Transmitting packet of size 70 out of port 0
[07:49:29.688] [bmv2] [D] [thread 11037] [20.0] [cxt 0] Processing packet received on port 3
[07:49:29.688] [bmv2] [D] [thread 11037] [20.0] [cxt 0] Parser 'parser': start
[07:49:29.688] [bmv2] [D] [thread 11037] [20.0] [cxt 0] Parser 'parser' entering state 'start'
[07:49:29.688] [bmv2] [D] [thread 11037] [20.0] [cxt 0] Extracting header 'ethernet'
[07:49:29.688] [bmv2] [D] [thread 11037] [20.0] [cxt 0] Parser state 'start': key is 86dd
[07:49:29.688] [bmv2] [T] [thread 11037] [20.0] [cxt 0] Bytes parsed: 14
[07:49:29.688] [bmv2] [D] [thread 11037] [20.0] [cxt 0] Parser 'parser': end
[07:49:29.688] [bmv2] [D] [thread 11037] [20.0] [cxt 0] Pipeline 'ingress': start
[07:49:29.688] [bmv2] [T] [thread 11037] [20.0] [cxt 0] load_balance.p4(142) Condition "hdr.ipv4.isValid() && hdr.ipv4.ttl > 0" (node_2) is false
[07:49:29.688] [bmv2] [D] [thread 11037] [20.0] [cxt 0] Pipeline 'ingress': end
[07:49:29.688] [bmv2] [D] [thread 11037] [20.0] [cxt 0] Egress port is 0
[07:49:29.688] [bmv2] [D] [thread 11038] [20.0] [cxt 0] Pipeline 'egress': start
[07:49:29.688] [bmv2] [T] [thread 11038] [20.0] [cxt 0] Applying table 'MyEgress.send_frame'
[07:49:29.688] [bmv2] [D] [thread 11038] [20.0] [cxt 0] Looking up key:
* standard_metadata.egress_port: 0000

[07:49:29.688] [bmv2] [D] [thread 11038] [20.0] [cxt 0] Table 'MyEgress.send_frame': miss
[07:49:29.688] [bmv2] [D] [thread 11038] [20.0] [cxt 0] Action entry is NoAction - 
[07:49:29.688] [bmv2] [T] [thread 11038] [20.0] [cxt 0] Action NoAction
[07:49:29.688] [bmv2] [D] [thread 11038] [20.0] [cxt 0] Pipeline 'egress': end
[07:49:29.688] [bmv2] [D] [thread 11038] [20.0] [cxt 0] Deparser 'deparser': start
[07:49:29.688] [bmv2] [T] [thread 11038] [20.0] [cxt 0] Skipping checksum 'cksum' update because condition not met
[07:49:29.688] [bmv2] [D] [thread 11038] [20.0] [cxt 0] Deparsing header 'ethernet'
[07:49:29.688] [bmv2] [D] [thread 11038] [20.0] [cxt 0] Deparser 'deparser': end
[07:49:29.688] [bmv2] [D] [thread 11042] [20.0] [cxt 0] Transmitting packet of size 70 out of port 0
[07:49:30.006] [bmv2] [D] [thread 11037] [21.0] [cxt 0] Processing packet received on port 2
[07:49:30.006] [bmv2] [D] [thread 11037] [21.0] [cxt 0] Parser 'parser': start
[07:49:30.006] [bmv2] [D] [thread 11037] [21.0] [cxt 0] Parser 'parser' entering state 'start'
[07:49:30.006] [bmv2] [D] [thread 11037] [21.0] [cxt 0] Extracting header 'ethernet'
[07:49:30.007] [bmv2] [D] [thread 11037] [21.0] [cxt 0] Parser state 'start': key is 86dd
[07:49:30.007] [bmv2] [T] [thread 11037] [21.0] [cxt 0] Bytes parsed: 14
[07:49:30.007] [bmv2] [D] [thread 11037] [21.0] [cxt 0] Parser 'parser': end
[07:49:30.007] [bmv2] [D] [thread 11037] [21.0] [cxt 0] Pipeline 'ingress': start
[07:49:30.007] [bmv2] [T] [thread 11037] [21.0] [cxt 0] load_balance.p4(142) Condition "hdr.ipv4.isValid() && hdr.ipv4.ttl > 0" (node_2) is false
[07:49:30.007] [bmv2] [D] [thread 11037] [21.0] [cxt 0] Pipeline 'ingress': end
[07:49:30.007] [bmv2] [D] [thread 11037] [21.0] [cxt 0] Egress port is 0
[07:49:30.007] [bmv2] [D] [thread 11038] [21.0] [cxt 0] Pipeline 'egress': start
[07:49:30.007] [bmv2] [T] [thread 11038] [21.0] [cxt 0] Applying table 'MyEgress.send_frame'
[07:49:30.007] [bmv2] [D] [thread 11038] [21.0] [cxt 0] Looking up key:
* standard_metadata.egress_port: 0000

[07:49:30.007] [bmv2] [D] [thread 11038] [21.0] [cxt 0] Table 'MyEgress.send_frame': miss
[07:49:30.007] [bmv2] [D] [thread 11038] [21.0] [cxt 0] Action entry is NoAction - 
[07:49:30.007] [bmv2] [T] [thread 11038] [21.0] [cxt 0] Action NoAction
[07:49:30.007] [bmv2] [D] [thread 11038] [21.0] [cxt 0] Pipeline 'egress': end
[07:49:30.007] [bmv2] [D] [thread 11038] [21.0] [cxt 0] Deparser 'deparser': start
[07:49:30.007] [bmv2] [T] [thread 11038] [21.0] [cxt 0] Skipping checksum 'cksum' update because condition not met
[07:49:30.007] [bmv2] [D] [thread 11038] [21.0] [cxt 0] Deparsing header 'ethernet'
[07:49:30.007] [bmv2] [D] [thread 11038] [21.0] [cxt 0] Deparser 'deparser': end
[07:49:30.007] [bmv2] [D] [thread 11042] [21.0] [cxt 0] Transmitting packet of size 70 out of port 0
[07:49:33.237] [bmv2] [D] [thread 11037] [22.0] [cxt 0] Processing packet received on port 1
[07:49:33.237] [bmv2] [D] [thread 11037] [22.0] [cxt 0] Parser 'parser': start
[07:49:33.237] [bmv2] [D] [thread 11037] [22.0] [cxt 0] Parser 'parser' entering state 'start'
[07:49:33.237] [bmv2] [D] [thread 11037] [22.0] [cxt 0] Extracting header 'ethernet'
[07:49:33.237] [bmv2] [D] [thread 11037] [22.0] [cxt 0] Parser state 'start': key is 86dd
[07:49:33.237] [bmv2] [T] [thread 11037] [22.0] [cxt 0] Bytes parsed: 14
[07:49:33.237] [bmv2] [D] [thread 11037] [22.0] [cxt 0] Parser 'parser': end
[07:49:33.237] [bmv2] [D] [thread 11037] [22.0] [cxt 0] Pipeline 'ingress': start
[07:49:33.237] [bmv2] [T] [thread 11037] [22.0] [cxt 0] load_balance.p4(142) Condition "hdr.ipv4.isValid() && hdr.ipv4.ttl > 0" (node_2) is false
[07:49:33.237] [bmv2] [D] [thread 11037] [22.0] [cxt 0] Pipeline 'ingress': end
[07:49:33.237] [bmv2] [D] [thread 11037] [22.0] [cxt 0] Egress port is 0
[07:49:33.237] [bmv2] [D] [thread 11038] [22.0] [cxt 0] Pipeline 'egress': start
[07:49:33.237] [bmv2] [T] [thread 11038] [22.0] [cxt 0] Applying table 'MyEgress.send_frame'
[07:49:33.237] [bmv2] [D] [thread 11038] [22.0] [cxt 0] Looking up key:
* standard_metadata.egress_port: 0000

[07:49:33.237] [bmv2] [D] [thread 11038] [22.0] [cxt 0] Table 'MyEgress.send_frame': miss
[07:49:33.237] [bmv2] [D] [thread 11038] [22.0] [cxt 0] Action entry is NoAction - 
[07:49:33.237] [bmv2] [T] [thread 11038] [22.0] [cxt 0] Action NoAction
[07:49:33.237] [bmv2] [D] [thread 11038] [22.0] [cxt 0] Pipeline 'egress': end
[07:49:33.237] [bmv2] [D] [thread 11038] [22.0] [cxt 0] Deparser 'deparser': start
[07:49:33.237] [bmv2] [T] [thread 11038] [22.0] [cxt 0] Skipping checksum 'cksum' update because condition not met
[07:49:33.237] [bmv2] [D] [thread 11038] [22.0] [cxt 0] Deparsing header 'ethernet'
[07:49:33.237] [bmv2] [D] [thread 11038] [22.0] [cxt 0] Deparser 'deparser': end
[07:49:33.237] [bmv2] [D] [thread 11042] [22.0] [cxt 0] Transmitting packet of size 70 out of port 0
[07:49:33.317] [bmv2] [D] [thread 11037] [23.0] [cxt 0] Processing packet received on port 2
[07:49:33.317] [bmv2] [D] [thread 11037] [23.0] [cxt 0] Parser 'parser': start
[07:49:33.317] [bmv2] [D] [thread 11037] [23.0] [cxt 0] Parser 'parser' entering state 'start'
[07:49:33.317] [bmv2] [D] [thread 11037] [23.0] [cxt 0] Extracting header 'ethernet'
[07:49:33.317] [bmv2] [D] [thread 11037] [23.0] [cxt 0] Parser state 'start': key is 86dd
[07:49:33.317] [bmv2] [T] [thread 11037] [23.0] [cxt 0] Bytes parsed: 14
[07:49:33.317] [bmv2] [D] [thread 11037] [23.0] [cxt 0] Parser 'parser': end
[07:49:33.317] [bmv2] [D] [thread 11037] [23.0] [cxt 0] Pipeline 'ingress': start
[07:49:33.317] [bmv2] [T] [thread 11037] [23.0] [cxt 0] load_balance.p4(142) Condition "hdr.ipv4.isValid() && hdr.ipv4.ttl > 0" (node_2) is false
[07:49:33.317] [bmv2] [D] [thread 11037] [23.0] [cxt 0] Pipeline 'ingress': end
[07:49:33.317] [bmv2] [D] [thread 11037] [23.0] [cxt 0] Egress port is 0
[07:49:33.317] [bmv2] [D] [thread 11038] [23.0] [cxt 0] Pipeline 'egress': start
[07:49:33.317] [bmv2] [T] [thread 11038] [23.0] [cxt 0] Applying table 'MyEgress.send_frame'
[07:49:33.317] [bmv2] [D] [thread 11038] [23.0] [cxt 0] Looking up key:
* standard_metadata.egress_port: 0000

[07:49:33.317] [bmv2] [D] [thread 11038] [23.0] [cxt 0] Table 'MyEgress.send_frame': miss
[07:49:33.317] [bmv2] [D] [thread 11038] [23.0] [cxt 0] Action entry is NoAction - 
[07:49:33.317] [bmv2] [T] [thread 11038] [23.0] [cxt 0] Action NoAction
[07:49:33.317] [bmv2] [D] [thread 11038] [23.0] [cxt 0] Pipeline 'egress': end
[07:49:33.317] [bmv2] [D] [thread 11038] [23.0] [cxt 0] Deparser 'deparser': start
[07:49:33.317] [bmv2] [T] [thread 11038] [23.0] [cxt 0] Skipping checksum 'cksum' update because condition not met
[07:49:33.317] [bmv2] [D] [thread 11038] [23.0] [cxt 0] Deparsing header 'ethernet'
[07:49:33.317] [bmv2] [D] [thread 11038] [23.0] [cxt 0] Deparser 'deparser': end
[07:49:33.317] [bmv2] [D] [thread 11042] [23.0] [cxt 0] Transmitting packet of size 70 out of port 0
[07:49:33.541] [bmv2] [D] [thread 11037] [24.0] [cxt 0] Processing packet received on port 3
[07:49:33.541] [bmv2] [D] [thread 11037] [24.0] [cxt 0] Parser 'parser': start
[07:49:33.541] [bmv2] [D] [thread 11037] [24.0] [cxt 0] Parser 'parser' entering state 'start'
[07:49:33.541] [bmv2] [D] [thread 11037] [24.0] [cxt 0] Extracting header 'ethernet'
[07:49:33.541] [bmv2] [D] [thread 11037] [24.0] [cxt 0] Parser state 'start': key is 86dd
[07:49:33.541] [bmv2] [T] [thread 11037] [24.0] [cxt 0] Bytes parsed: 14
[07:49:33.541] [bmv2] [D] [thread 11037] [24.0] [cxt 0] Parser 'parser': end
[07:49:33.541] [bmv2] [D] [thread 11037] [24.0] [cxt 0] Pipeline 'ingress': start
[07:49:33.541] [bmv2] [T] [thread 11037] [24.0] [cxt 0] load_balance.p4(142) Condition "hdr.ipv4.isValid() && hdr.ipv4.ttl > 0" (node_2) is false
[07:49:33.541] [bmv2] [D] [thread 11037] [24.0] [cxt 0] Pipeline 'ingress': end
[07:49:33.541] [bmv2] [D] [thread 11037] [24.0] [cxt 0] Egress port is 0
[07:49:33.541] [bmv2] [D] [thread 11038] [24.0] [cxt 0] Pipeline 'egress': start
[07:49:33.541] [bmv2] [T] [thread 11038] [24.0] [cxt 0] Applying table 'MyEgress.send_frame'
[07:49:33.541] [bmv2] [D] [thread 11038] [24.0] [cxt 0] Looking up key:
* standard_metadata.egress_port: 0000

[07:49:33.541] [bmv2] [D] [thread 11038] [24.0] [cxt 0] Table 'MyEgress.send_frame': miss
[07:49:33.541] [bmv2] [D] [thread 11038] [24.0] [cxt 0] Action entry is NoAction - 
[07:49:33.541] [bmv2] [T] [thread 11038] [24.0] [cxt 0] Action NoAction
[07:49:33.541] [bmv2] [D] [thread 11038] [24.0] [cxt 0] Pipeline 'egress': end
[07:49:33.541] [bmv2] [D] [thread 11038] [24.0] [cxt 0] Deparser 'deparser': start
[07:49:33.541] [bmv2] [T] [thread 11038] [24.0] [cxt 0] Skipping checksum 'cksum' update because condition not met
[07:49:33.541] [bmv2] [D] [thread 11038] [24.0] [cxt 0] Deparsing header 'ethernet'
[07:49:33.541] [bmv2] [D] [thread 11038] [24.0] [cxt 0] Deparser 'deparser': end
[07:49:33.541] [bmv2] [D] [thread 11042] [24.0] [cxt 0] Transmitting packet of size 70 out of port 0
[07:49:33.698] [bmv2] [D] [thread 11037] [25.0] [cxt 0] Processing packet received on port 3
[07:49:33.698] [bmv2] [D] [thread 11037] [25.0] [cxt 0] Parser 'parser': start
[07:49:33.698] [bmv2] [D] [thread 11037] [25.0] [cxt 0] Parser 'parser' entering state 'start'
[07:49:33.698] [bmv2] [D] [thread 11037] [25.0] [cxt 0] Extracting header 'ethernet'
[07:49:33.698] [bmv2] [D] [thread 11037] [25.0] [cxt 0] Parser state 'start': key is 86dd
[07:49:33.698] [bmv2] [T] [thread 11037] [25.0] [cxt 0] Bytes parsed: 14
[07:49:33.698] [bmv2] [D] [thread 11037] [25.0] [cxt 0] Parser 'parser': end
[07:49:33.698] [bmv2] [D] [thread 11037] [25.0] [cxt 0] Pipeline 'ingress': start
[07:49:33.698] [bmv2] [T] [thread 11037] [25.0] [cxt 0] load_balance.p4(142) Condition "hdr.ipv4.isValid() && hdr.ipv4.ttl > 0" (node_2) is false
[07:49:33.698] [bmv2] [D] [thread 11037] [25.0] [cxt 0] Pipeline 'ingress': end
[07:49:33.698] [bmv2] [D] [thread 11037] [25.0] [cxt 0] Egress port is 0
[07:49:33.698] [bmv2] [D] [thread 11038] [25.0] [cxt 0] Pipeline 'egress': start
[07:49:33.698] [bmv2] [T] [thread 11038] [25.0] [cxt 0] Applying table 'MyEgress.send_frame'
[07:49:33.698] [bmv2] [D] [thread 11038] [25.0] [cxt 0] Looking up key:
* standard_metadata.egress_port: 0000

[07:49:33.698] [bmv2] [D] [thread 11038] [25.0] [cxt 0] Table 'MyEgress.send_frame': miss
[07:49:33.698] [bmv2] [D] [thread 11038] [25.0] [cxt 0] Action entry is NoAction - 
[07:49:33.698] [bmv2] [T] [thread 11038] [25.0] [cxt 0] Action NoAction
[07:49:33.698] [bmv2] [D] [thread 11038] [25.0] [cxt 0] Pipeline 'egress': end
[07:49:33.698] [bmv2] [D] [thread 11038] [25.0] [cxt 0] Deparser 'deparser': start
[07:49:33.698] [bmv2] [T] [thread 11038] [25.0] [cxt 0] Skipping checksum 'cksum' update because condition not met
[07:49:33.698] [bmv2] [D] [thread 11038] [25.0] [cxt 0] Deparsing header 'ethernet'
[07:49:33.698] [bmv2] [D] [thread 11038] [25.0] [cxt 0] Deparser 'deparser': end
[07:49:33.699] [bmv2] [D] [thread 11042] [25.0] [cxt 0] Transmitting packet of size 70 out of port 0
[07:49:34.012] [bmv2] [D] [thread 11037] [26.0] [cxt 0] Processing packet received on port 2
[07:49:34.013] [bmv2] [D] [thread 11037] [26.0] [cxt 0] Parser 'parser': start
[07:49:34.013] [bmv2] [D] [thread 11037] [26.0] [cxt 0] Parser 'parser' entering state 'start'
[07:49:34.013] [bmv2] [D] [thread 11037] [26.0] [cxt 0] Extracting header 'ethernet'
[07:49:34.013] [bmv2] [D] [thread 11037] [26.0] [cxt 0] Parser state 'start': key is 86dd
[07:49:34.013] [bmv2] [T] [thread 11037] [26.0] [cxt 0] Bytes parsed: 14
[07:49:34.013] [bmv2] [D] [thread 11037] [26.0] [cxt 0] Parser 'parser': end
[07:49:34.013] [bmv2] [D] [thread 11037] [26.0] [cxt 0] Pipeline 'ingress': start
[07:49:34.013] [bmv2] [T] [thread 11037] [26.0] [cxt 0] load_balance.p4(142) Condition "hdr.ipv4.isValid() && hdr.ipv4.ttl > 0" (node_2) is false
[07:49:34.013] [bmv2] [D] [thread 11037] [26.0] [cxt 0] Pipeline 'ingress': end
[07:49:34.013] [bmv2] [D] [thread 11037] [26.0] [cxt 0] Egress port is 0
[07:49:34.013] [bmv2] [D] [thread 11038] [26.0] [cxt 0] Pipeline 'egress': start
[07:49:34.013] [bmv2] [T] [thread 11038] [26.0] [cxt 0] Applying table 'MyEgress.send_frame'
[07:49:34.013] [bmv2] [D] [thread 11038] [26.0] [cxt 0] Looking up key:
* standard_metadata.egress_port: 0000

[07:49:34.013] [bmv2] [D] [thread 11038] [26.0] [cxt 0] Table 'MyEgress.send_frame': miss
[07:49:34.013] [bmv2] [D] [thread 11038] [26.0] [cxt 0] Action entry is NoAction - 
[07:49:34.013] [bmv2] [T] [thread 11038] [26.0] [cxt 0] Action NoAction
[07:49:34.013] [bmv2] [D] [thread 11038] [26.0] [cxt 0] Pipeline 'egress': end
[07:49:34.013] [bmv2] [D] [thread 11038] [26.0] [cxt 0] Deparser 'deparser': start
[07:49:34.013] [bmv2] [T] [thread 11038] [26.0] [cxt 0] Skipping checksum 'cksum' update because condition not met
[07:49:34.013] [bmv2] [D] [thread 11038] [26.0] [cxt 0] Deparsing header 'ethernet'
[07:49:34.013] [bmv2] [D] [thread 11038] [26.0] [cxt 0] Deparser 'deparser': end
[07:49:34.013] [bmv2] [D] [thread 11042] [26.0] [cxt 0] Transmitting packet of size 70 out of port 0
[07:50:02.899] [bmv2] [D] [thread 11037] [27.0] [cxt 0] Processing packet received on port 2
[07:50:02.899] [bmv2] [D] [thread 11037] [27.0] [cxt 0] Parser 'parser': start
[07:50:02.899] [bmv2] [D] [thread 11037] [27.0] [cxt 0] Parser 'parser' entering state 'start'
[07:50:02.899] [bmv2] [D] [thread 11037] [27.0] [cxt 0] Extracting header 'ethernet'
[07:50:02.899] [bmv2] [D] [thread 11037] [27.0] [cxt 0] Parser state 'start': key is 0800
[07:50:02.899] [bmv2] [T] [thread 11037] [27.0] [cxt 0] Bytes parsed: 14
[07:50:02.899] [bmv2] [D] [thread 11037] [27.0] [cxt 0] Parser 'parser' entering state 'parse_ipv4'
[07:50:02.899] [bmv2] [D] [thread 11037] [27.0] [cxt 0] Extracting header 'ipv4'
[07:50:02.899] [bmv2] [D] [thread 11037] [27.0] [cxt 0] Parser state 'parse_ipv4': key is 06
[07:50:02.899] [bmv2] [T] [thread 11037] [27.0] [cxt 0] Bytes parsed: 34
[07:50:02.899] [bmv2] [D] [thread 11037] [27.0] [cxt 0] Parser 'parser' entering state 'parse_tcp'
[07:50:02.899] [bmv2] [D] [thread 11037] [27.0] [cxt 0] Extracting header 'tcp'
[07:50:02.899] [bmv2] [D] [thread 11037] [27.0] [cxt 0] Parser state 'parse_tcp' has no switch, going to default next state
[07:50:02.899] [bmv2] [T] [thread 11037] [27.0] [cxt 0] Bytes parsed: 54
[07:50:02.899] [bmv2] [D] [thread 11037] [27.0] [cxt 0] Parser 'parser': end
[07:50:02.899] [bmv2] [D] [thread 11037] [27.0] [cxt 0] Pipeline 'ingress': start
[07:50:02.899] [bmv2] [T] [thread 11037] [27.0] [cxt 0] load_balance.p4(142) Condition "hdr.ipv4.isValid() && hdr.ipv4.ttl > 0" (node_2) is true
[07:50:02.899] [bmv2] [T] [thread 11037] [27.0] [cxt 0] Applying table 'MyIngress.ecmp_group'
[07:50:02.899] [bmv2] [D] [thread 11037] [27.0] [cxt 0] Looking up key:
* hdr.ipv4.dstAddr    : 0a000202

[07:50:02.899] [bmv2] [D] [thread 11037] [27.0] [cxt 0] Table 'MyIngress.ecmp_group': hit with handle 0
[07:50:02.899] [bmv2] [D] [thread 11037] [27.0] [cxt 0] Dumping entry 0
Match key:
* hdr.ipv4.dstAddr    : LPM       0a000202/32
Action entry: MyIngress.set_ecmp_select - 0,1,

[07:50:02.899] [bmv2] [D] [thread 11037] [27.0] [cxt 0] Action entry is MyIngress.set_ecmp_select - 0,1,
[07:50:02.899] [bmv2] [T] [thread 11037] [27.0] [cxt 0] Action MyIngress.set_ecmp_select
[07:50:02.899] [bmv2] [T] [thread 11037] [27.0] [cxt 0] load_balance.p4(105) Primitive hash(meta.ecmp_select, ...
[07:50:02.899] [bmv2] [T] [thread 11037] [27.0] [cxt 0] hash(base=0, max=1) = 0
[07:50:02.899] [bmv2] [T] [thread 11037] [27.0] [cxt 0] Applying table 'MyIngress.ecmp_nhop'
[07:50:02.899] [bmv2] [D] [thread 11037] [27.0] [cxt 0] Looking up key:
* meta.ecmp_select    : 0000

[07:50:02.899] [bmv2] [D] [thread 11037] [27.0] [cxt 0] Table 'MyIngress.ecmp_nhop': hit with handle 0
[07:50:02.899] [bmv2] [D] [thread 11037] [27.0] [cxt 0] Dumping entry 0
Match key:
* meta.ecmp_select    : EXACT     0000
Action entry: MyIngress.set_nhop - 80000000202,a000202,1,

[07:50:02.899] [bmv2] [D] [thread 11037] [27.0] [cxt 0] Action entry is MyIngress.set_nhop - 80000000202,a000202,1,
[07:50:02.899] [bmv2] [T] [thread 11037] [27.0] [cxt 0] Action MyIngress.set_nhop
[07:50:02.899] [bmv2] [T] [thread 11037] [27.0] [cxt 0] load_balance.p4(116) Primitive hdr.ethernet.dstAddr = nhop_dmac
[07:50:02.899] [bmv2] [T] [thread 11037] [27.0] [cxt 0] load_balance.p4(117) Primitive hdr.ipv4.dstAddr = nhop_ipv4
[07:50:02.899] [bmv2] [T] [thread 11037] [27.0] [cxt 0] load_balance.p4(118) Primitive standard_metadata.egress_spec = port
[07:50:02.899] [bmv2] [T] [thread 11037] [27.0] [cxt 0] load_balance.p4(119) Primitive hdr.ipv4.ttl = hdr.ipv4.ttl - 1
[07:50:02.899] [bmv2] [D] [thread 11037] [27.0] [cxt 0] Pipeline 'ingress': end
[07:50:02.899] [bmv2] [D] [thread 11037] [27.0] [cxt 0] Egress port is 1
[07:50:02.899] [bmv2] [D] [thread 11039] [27.0] [cxt 0] Pipeline 'egress': start
[07:50:02.899] [bmv2] [T] [thread 11039] [27.0] [cxt 0] Applying table 'MyEgress.send_frame'
[07:50:02.899] [bmv2] [D] [thread 11039] [27.0] [cxt 0] Looking up key:
* standard_metadata.egress_port: 0001

[07:50:02.899] [bmv2] [D] [thread 11039] [27.0] [cxt 0] Table 'MyEgress.send_frame': hit with handle 0
[07:50:02.899] [bmv2] [D] [thread 11039] [27.0] [cxt 0] Dumping entry 0
Match key:
* standard_metadata.egress_port: EXACT     0001
Action entry: MyEgress.rewrite_mac - 20100,

[07:50:02.899] [bmv2] [D] [thread 11039] [27.0] [cxt 0] Action entry is MyEgress.rewrite_mac - 20100,
[07:50:02.899] [bmv2] [T] [thread 11039] [27.0] [cxt 0] Action MyEgress.rewrite_mac
[07:50:02.899] [bmv2] [T] [thread 11039] [27.0] [cxt 0] load_balance.p4(158) Primitive hdr.ethernet.srcAddr = smac
[07:50:02.899] [bmv2] [D] [thread 11039] [27.0] [cxt 0] Pipeline 'egress': end
[07:50:02.899] [bmv2] [D] [thread 11039] [27.0] [cxt 0] Deparser 'deparser': start
[07:50:02.899] [bmv2] [D] [thread 11039] [27.0] [cxt 0] Updating checksum 'cksum'
[07:50:02.899] [bmv2] [D] [thread 11039] [27.0] [cxt 0] Deparsing header 'ethernet'
[07:50:02.899] [bmv2] [D] [thread 11039] [27.0] [cxt 0] Deparsing header 'ipv4'
[07:50:02.899] [bmv2] [D] [thread 11039] [27.0] [cxt 0] Deparsing header 'tcp'
[07:50:02.899] [bmv2] [D] [thread 11039] [27.0] [cxt 0] Deparser 'deparser': end
[07:50:02.899] [bmv2] [D] [thread 11042] [27.0] [cxt 0] Transmitting packet of size 64 out of port 1
[07:50:04.537] [bmv2] [D] [thread 11037] [28.0] [cxt 0] Processing packet received on port 2
[07:50:04.537] [bmv2] [D] [thread 11037] [28.0] [cxt 0] Parser 'parser': start
[07:50:04.537] [bmv2] [D] [thread 11037] [28.0] [cxt 0] Parser 'parser' entering state 'start'
[07:50:04.537] [bmv2] [D] [thread 11037] [28.0] [cxt 0] Extracting header 'ethernet'
[07:50:04.538] [bmv2] [D] [thread 11037] [28.0] [cxt 0] Parser state 'start': key is 0800
[07:50:04.538] [bmv2] [T] [thread 11037] [28.0] [cxt 0] Bytes parsed: 14
[07:50:04.538] [bmv2] [D] [thread 11037] [28.0] [cxt 0] Parser 'parser' entering state 'parse_ipv4'
[07:50:04.538] [bmv2] [D] [thread 11037] [28.0] [cxt 0] Extracting header 'ipv4'
[07:50:04.538] [bmv2] [D] [thread 11037] [28.0] [cxt 0] Parser state 'parse_ipv4': key is 06
[07:50:04.538] [bmv2] [T] [thread 11037] [28.0] [cxt 0] Bytes parsed: 34
[07:50:04.538] [bmv2] [D] [thread 11037] [28.0] [cxt 0] Parser 'parser' entering state 'parse_tcp'
[07:50:04.538] [bmv2] [D] [thread 11037] [28.0] [cxt 0] Extracting header 'tcp'
[07:50:04.538] [bmv2] [D] [thread 11037] [28.0] [cxt 0] Parser state 'parse_tcp' has no switch, going to default next state
[07:50:04.538] [bmv2] [T] [thread 11037] [28.0] [cxt 0] Bytes parsed: 54
[07:50:04.538] [bmv2] [D] [thread 11037] [28.0] [cxt 0] Parser 'parser': end
[07:50:04.538] [bmv2] [D] [thread 11037] [28.0] [cxt 0] Pipeline 'ingress': start
[07:50:04.538] [bmv2] [T] [thread 11037] [28.0] [cxt 0] load_balance.p4(142) Condition "hdr.ipv4.isValid() && hdr.ipv4.ttl > 0" (node_2) is true
[07:50:04.538] [bmv2] [T] [thread 11037] [28.0] [cxt 0] Applying table 'MyIngress.ecmp_group'
[07:50:04.538] [bmv2] [D] [thread 11037] [28.0] [cxt 0] Looking up key:
* hdr.ipv4.dstAddr    : 0a000202

[07:50:04.538] [bmv2] [D] [thread 11037] [28.0] [cxt 0] Table 'MyIngress.ecmp_group': hit with handle 0
[07:50:04.538] [bmv2] [D] [thread 11037] [28.0] [cxt 0] Dumping entry 0
Match key:
* hdr.ipv4.dstAddr    : LPM       0a000202/32
Action entry: MyIngress.set_ecmp_select - 0,1,

[07:50:04.538] [bmv2] [D] [thread 11037] [28.0] [cxt 0] Action entry is MyIngress.set_ecmp_select - 0,1,
[07:50:04.538] [bmv2] [T] [thread 11037] [28.0] [cxt 0] Action MyIngress.set_ecmp_select
[07:50:04.538] [bmv2] [T] [thread 11037] [28.0] [cxt 0] load_balance.p4(105) Primitive hash(meta.ecmp_select, ...
[07:50:04.538] [bmv2] [T] [thread 11037] [28.0] [cxt 0] hash(base=0, max=1) = 0
[07:50:04.538] [bmv2] [T] [thread 11037] [28.0] [cxt 0] Applying table 'MyIngress.ecmp_nhop'
[07:50:04.538] [bmv2] [D] [thread 11037] [28.0] [cxt 0] Looking up key:
* meta.ecmp_select    : 0000

[07:50:04.538] [bmv2] [D] [thread 11037] [28.0] [cxt 0] Table 'MyIngress.ecmp_nhop': hit with handle 0
[07:50:04.538] [bmv2] [D] [thread 11037] [28.0] [cxt 0] Dumping entry 0
Match key:
* meta.ecmp_select    : EXACT     0000
Action entry: MyIngress.set_nhop - 80000000202,a000202,1,

[07:50:04.538] [bmv2] [D] [thread 11037] [28.0] [cxt 0] Action entry is MyIngress.set_nhop - 80000000202,a000202,1,
[07:50:04.538] [bmv2] [T] [thread 11037] [28.0] [cxt 0] Action MyIngress.set_nhop
[07:50:04.538] [bmv2] [T] [thread 11037] [28.0] [cxt 0] load_balance.p4(116) Primitive hdr.ethernet.dstAddr = nhop_dmac
[07:50:04.538] [bmv2] [T] [thread 11037] [28.0] [cxt 0] load_balance.p4(117) Primitive hdr.ipv4.dstAddr = nhop_ipv4
[07:50:04.538] [bmv2] [T] [thread 11037] [28.0] [cxt 0] load_balance.p4(118) Primitive standard_metadata.egress_spec = port
[07:50:04.538] [bmv2] [T] [thread 11037] [28.0] [cxt 0] load_balance.p4(119) Primitive hdr.ipv4.ttl = hdr.ipv4.ttl - 1
[07:50:04.538] [bmv2] [D] [thread 11037] [28.0] [cxt 0] Pipeline 'ingress': end
[07:50:04.538] [bmv2] [D] [thread 11037] [28.0] [cxt 0] Egress port is 1
[07:50:04.538] [bmv2] [D] [thread 11039] [28.0] [cxt 0] Pipeline 'egress': start
[07:50:04.538] [bmv2] [T] [thread 11039] [28.0] [cxt 0] Applying table 'MyEgress.send_frame'
[07:50:04.538] [bmv2] [D] [thread 11039] [28.0] [cxt 0] Looking up key:
* standard_metadata.egress_port: 0001

[07:50:04.538] [bmv2] [D] [thread 11039] [28.0] [cxt 0] Table 'MyEgress.send_frame': hit with handle 0
[07:50:04.538] [bmv2] [D] [thread 11039] [28.0] [cxt 0] Dumping entry 0
Match key:
* standard_metadata.egress_port: EXACT     0001
Action entry: MyEgress.rewrite_mac - 20100,

[07:50:04.538] [bmv2] [D] [thread 11039] [28.0] [cxt 0] Action entry is MyEgress.rewrite_mac - 20100,
[07:50:04.538] [bmv2] [T] [thread 11039] [28.0] [cxt 0] Action MyEgress.rewrite_mac
[07:50:04.538] [bmv2] [T] [thread 11039] [28.0] [cxt 0] load_balance.p4(158) Primitive hdr.ethernet.srcAddr = smac
[07:50:04.538] [bmv2] [D] [thread 11039] [28.0] [cxt 0] Pipeline 'egress': end
[07:50:04.538] [bmv2] [D] [thread 11039] [28.0] [cxt 0] Deparser 'deparser': start
[07:50:04.538] [bmv2] [D] [thread 11039] [28.0] [cxt 0] Updating checksum 'cksum'
[07:50:04.538] [bmv2] [D] [thread 11039] [28.0] [cxt 0] Deparsing header 'ethernet'
[07:50:04.538] [bmv2] [D] [thread 11039] [28.0] [cxt 0] Deparsing header 'ipv4'
[07:50:04.538] [bmv2] [D] [thread 11039] [28.0] [cxt 0] Deparsing header 'tcp'
[07:50:04.538] [bmv2] [D] [thread 11039] [28.0] [cxt 0] Deparser 'deparser': end
[07:50:04.538] [bmv2] [D] [thread 11042] [28.0] [cxt 0] Transmitting packet of size 64 out of port 1
[07:50:05.225] [bmv2] [D] [thread 11037] [29.0] [cxt 0] Processing packet received on port 2
[07:50:05.225] [bmv2] [D] [thread 11037] [29.0] [cxt 0] Parser 'parser': start
[07:50:05.225] [bmv2] [D] [thread 11037] [29.0] [cxt 0] Parser 'parser' entering state 'start'
[07:50:05.225] [bmv2] [D] [thread 11037] [29.0] [cxt 0] Extracting header 'ethernet'
[07:50:05.225] [bmv2] [D] [thread 11037] [29.0] [cxt 0] Parser state 'start': key is 0800
[07:50:05.225] [bmv2] [T] [thread 11037] [29.0] [cxt 0] Bytes parsed: 14
[07:50:05.225] [bmv2] [D] [thread 11037] [29.0] [cxt 0] Parser 'parser' entering state 'parse_ipv4'
[07:50:05.225] [bmv2] [D] [thread 11037] [29.0] [cxt 0] Extracting header 'ipv4'
[07:50:05.226] [bmv2] [D] [thread 11037] [29.0] [cxt 0] Parser state 'parse_ipv4': key is 06
[07:50:05.226] [bmv2] [T] [thread 11037] [29.0] [cxt 0] Bytes parsed: 34
[07:50:05.226] [bmv2] [D] [thread 11037] [29.0] [cxt 0] Parser 'parser' entering state 'parse_tcp'
[07:50:05.226] [bmv2] [D] [thread 11037] [29.0] [cxt 0] Extracting header 'tcp'
[07:50:05.226] [bmv2] [D] [thread 11037] [29.0] [cxt 0] Parser state 'parse_tcp' has no switch, going to default next state
[07:50:05.226] [bmv2] [T] [thread 11037] [29.0] [cxt 0] Bytes parsed: 54
[07:50:05.226] [bmv2] [D] [thread 11037] [29.0] [cxt 0] Parser 'parser': end
[07:50:05.226] [bmv2] [D] [thread 11037] [29.0] [cxt 0] Pipeline 'ingress': start
[07:50:05.226] [bmv2] [T] [thread 11037] [29.0] [cxt 0] load_balance.p4(142) Condition "hdr.ipv4.isValid() && hdr.ipv4.ttl > 0" (node_2) is true
[07:50:05.226] [bmv2] [T] [thread 11037] [29.0] [cxt 0] Applying table 'MyIngress.ecmp_group'
[07:50:05.226] [bmv2] [D] [thread 11037] [29.0] [cxt 0] Looking up key:
* hdr.ipv4.dstAddr    : 0a000202

[07:50:05.226] [bmv2] [D] [thread 11037] [29.0] [cxt 0] Table 'MyIngress.ecmp_group': hit with handle 0
[07:50:05.226] [bmv2] [D] [thread 11037] [29.0] [cxt 0] Dumping entry 0
Match key:
* hdr.ipv4.dstAddr    : LPM       0a000202/32
Action entry: MyIngress.set_ecmp_select - 0,1,

[07:50:05.226] [bmv2] [D] [thread 11037] [29.0] [cxt 0] Action entry is MyIngress.set_ecmp_select - 0,1,
[07:50:05.226] [bmv2] [T] [thread 11037] [29.0] [cxt 0] Action MyIngress.set_ecmp_select
[07:50:05.226] [bmv2] [T] [thread 11037] [29.0] [cxt 0] load_balance.p4(105) Primitive hash(meta.ecmp_select, ...
[07:50:05.226] [bmv2] [T] [thread 11037] [29.0] [cxt 0] hash(base=0, max=1) = 0
[07:50:05.226] [bmv2] [T] [thread 11037] [29.0] [cxt 0] Applying table 'MyIngress.ecmp_nhop'
[07:50:05.226] [bmv2] [D] [thread 11037] [29.0] [cxt 0] Looking up key:
* meta.ecmp_select    : 0000

[07:50:05.226] [bmv2] [D] [thread 11037] [29.0] [cxt 0] Table 'MyIngress.ecmp_nhop': hit with handle 0
[07:50:05.226] [bmv2] [D] [thread 11037] [29.0] [cxt 0] Dumping entry 0
Match key:
* meta.ecmp_select    : EXACT     0000
Action entry: MyIngress.set_nhop - 80000000202,a000202,1,

[07:50:05.226] [bmv2] [D] [thread 11037] [29.0] [cxt 0] Action entry is MyIngress.set_nhop - 80000000202,a000202,1,
[07:50:05.226] [bmv2] [T] [thread 11037] [29.0] [cxt 0] Action MyIngress.set_nhop
[07:50:05.226] [bmv2] [T] [thread 11037] [29.0] [cxt 0] load_balance.p4(116) Primitive hdr.ethernet.dstAddr = nhop_dmac
[07:50:05.226] [bmv2] [T] [thread 11037] [29.0] [cxt 0] load_balance.p4(117) Primitive hdr.ipv4.dstAddr = nhop_ipv4
[07:50:05.226] [bmv2] [T] [thread 11037] [29.0] [cxt 0] load_balance.p4(118) Primitive standard_metadata.egress_spec = port
[07:50:05.226] [bmv2] [T] [thread 11037] [29.0] [cxt 0] load_balance.p4(119) Primitive hdr.ipv4.ttl = hdr.ipv4.ttl - 1
[07:50:05.226] [bmv2] [D] [thread 11037] [29.0] [cxt 0] Pipeline 'ingress': end
[07:50:05.226] [bmv2] [D] [thread 11037] [29.0] [cxt 0] Egress port is 1
[07:50:05.226] [bmv2] [D] [thread 11039] [29.0] [cxt 0] Pipeline 'egress': start
[07:50:05.226] [bmv2] [T] [thread 11039] [29.0] [cxt 0] Applying table 'MyEgress.send_frame'
[07:50:05.226] [bmv2] [D] [thread 11039] [29.0] [cxt 0] Looking up key:
* standard_metadata.egress_port: 0001

[07:50:05.226] [bmv2] [D] [thread 11039] [29.0] [cxt 0] Table 'MyEgress.send_frame': hit with handle 0
[07:50:05.226] [bmv2] [D] [thread 11039] [29.0] [cxt 0] Dumping entry 0
Match key:
* standard_metadata.egress_port: EXACT     0001
Action entry: MyEgress.rewrite_mac - 20100,

[07:50:05.226] [bmv2] [D] [thread 11039] [29.0] [cxt 0] Action entry is MyEgress.rewrite_mac - 20100,
[07:50:05.226] [bmv2] [T] [thread 11039] [29.0] [cxt 0] Action MyEgress.rewrite_mac
[07:50:05.226] [bmv2] [T] [thread 11039] [29.0] [cxt 0] load_balance.p4(158) Primitive hdr.ethernet.srcAddr = smac
[07:50:05.226] [bmv2] [D] [thread 11039] [29.0] [cxt 0] Pipeline 'egress': end
[07:50:05.226] [bmv2] [D] [thread 11039] [29.0] [cxt 0] Deparser 'deparser': start
[07:50:05.226] [bmv2] [D] [thread 11039] [29.0] [cxt 0] Updating checksum 'cksum'
[07:50:05.226] [bmv2] [D] [thread 11039] [29.0] [cxt 0] Deparsing header 'ethernet'
[07:50:05.226] [bmv2] [D] [thread 11039] [29.0] [cxt 0] Deparsing header 'ipv4'
[07:50:05.226] [bmv2] [D] [thread 11039] [29.0] [cxt 0] Deparsing header 'tcp'
[07:50:05.226] [bmv2] [D] [thread 11039] [29.0] [cxt 0] Deparser 'deparser': end
[07:50:05.226] [bmv2] [D] [thread 11042] [29.0] [cxt 0] Transmitting packet of size 64 out of port 1
[17:15:17.775] [bmv2] [D] [thread 11037] [30.0] [cxt 0] Processing packet received on port 2
[17:15:17.775] [bmv2] [D] [thread 11037] [30.0] [cxt 0] Parser 'parser': start
[17:15:17.775] [bmv2] [D] [thread 11037] [30.0] [cxt 0] Parser 'parser' entering state 'start'
[17:15:17.775] [bmv2] [D] [thread 11037] [30.0] [cxt 0] Extracting header 'ethernet'
[17:15:17.775] [bmv2] [D] [thread 11037] [30.0] [cxt 0] Parser state 'start': key is 0800
[17:15:17.775] [bmv2] [T] [thread 11037] [30.0] [cxt 0] Bytes parsed: 14
[17:15:17.775] [bmv2] [D] [thread 11037] [30.0] [cxt 0] Parser 'parser' entering state 'parse_ipv4'
[17:15:17.775] [bmv2] [D] [thread 11037] [30.0] [cxt 0] Extracting header 'ipv4'
[17:15:17.775] [bmv2] [D] [thread 11037] [30.0] [cxt 0] Parser state 'parse_ipv4': key is 06
[17:15:17.775] [bmv2] [T] [thread 11037] [30.0] [cxt 0] Bytes parsed: 34
[17:15:17.775] [bmv2] [D] [thread 11037] [30.0] [cxt 0] Parser 'parser' entering state 'parse_tcp'
[17:15:17.775] [bmv2] [D] [thread 11037] [30.0] [cxt 0] Extracting header 'tcp'
[17:15:17.775] [bmv2] [D] [thread 11037] [30.0] [cxt 0] Parser state 'parse_tcp' has no switch, going to default next state
[17:15:17.775] [bmv2] [T] [thread 11037] [30.0] [cxt 0] Bytes parsed: 54
[17:15:17.775] [bmv2] [D] [thread 11037] [30.0] [cxt 0] Parser 'parser': end
[17:15:17.775] [bmv2] [D] [thread 11037] [30.0] [cxt 0] Pipeline 'ingress': start
[17:15:17.775] [bmv2] [T] [thread 11037] [30.0] [cxt 0] load_balance.p4(142) Condition "hdr.ipv4.isValid() && hdr.ipv4.ttl > 0" (node_2) is true
[17:15:17.775] [bmv2] [T] [thread 11037] [30.0] [cxt 0] Applying table 'MyIngress.ecmp_group'
[17:15:17.775] [bmv2] [D] [thread 11037] [30.0] [cxt 0] Looking up key:
* hdr.ipv4.dstAddr    : 0a000202

[17:15:17.775] [bmv2] [D] [thread 11037] [30.0] [cxt 0] Table 'MyIngress.ecmp_group': hit with handle 0
[17:15:17.775] [bmv2] [D] [thread 11037] [30.0] [cxt 0] Dumping entry 0
Match key:
* hdr.ipv4.dstAddr    : LPM       0a000202/32
Action entry: MyIngress.set_ecmp_select - 0,1,

[17:15:17.775] [bmv2] [D] [thread 11037] [30.0] [cxt 0] Action entry is MyIngress.set_ecmp_select - 0,1,
[17:15:17.775] [bmv2] [T] [thread 11037] [30.0] [cxt 0] Action MyIngress.set_ecmp_select
[17:15:17.775] [bmv2] [T] [thread 11037] [30.0] [cxt 0] load_balance.p4(105) Primitive hash(meta.ecmp_select, ...
[17:15:17.775] [bmv2] [T] [thread 11037] [30.0] [cxt 0] hash(base=0, max=1) = 0
[17:15:17.775] [bmv2] [T] [thread 11037] [30.0] [cxt 0] Applying table 'MyIngress.ecmp_nhop'
[17:15:17.775] [bmv2] [D] [thread 11037] [30.0] [cxt 0] Looking up key:
* meta.ecmp_select    : 0000

[17:15:17.775] [bmv2] [D] [thread 11037] [30.0] [cxt 0] Table 'MyIngress.ecmp_nhop': hit with handle 0
[17:15:17.775] [bmv2] [D] [thread 11037] [30.0] [cxt 0] Dumping entry 0
Match key:
* meta.ecmp_select    : EXACT     0000
Action entry: MyIngress.set_nhop - 80000000202,a000202,1,

[17:15:17.775] [bmv2] [D] [thread 11037] [30.0] [cxt 0] Action entry is MyIngress.set_nhop - 80000000202,a000202,1,
[17:15:17.775] [bmv2] [T] [thread 11037] [30.0] [cxt 0] Action MyIngress.set_nhop
[17:15:17.775] [bmv2] [T] [thread 11037] [30.0] [cxt 0] load_balance.p4(116) Primitive hdr.ethernet.dstAddr = nhop_dmac
[17:15:17.775] [bmv2] [T] [thread 11037] [30.0] [cxt 0] load_balance.p4(117) Primitive hdr.ipv4.dstAddr = nhop_ipv4
[17:15:17.775] [bmv2] [T] [thread 11037] [30.0] [cxt 0] load_balance.p4(118) Primitive standard_metadata.egress_spec = port
[17:15:17.775] [bmv2] [T] [thread 11037] [30.0] [cxt 0] load_balance.p4(119) Primitive hdr.ipv4.ttl = hdr.ipv4.ttl - 1
[17:15:17.775] [bmv2] [D] [thread 11037] [30.0] [cxt 0] Pipeline 'ingress': end
[17:15:17.775] [bmv2] [D] [thread 11037] [30.0] [cxt 0] Egress port is 1
[17:15:17.775] [bmv2] [D] [thread 11039] [30.0] [cxt 0] Pipeline 'egress': start
[17:15:17.775] [bmv2] [T] [thread 11039] [30.0] [cxt 0] Applying table 'MyEgress.send_frame'
[17:15:17.775] [bmv2] [D] [thread 11039] [30.0] [cxt 0] Looking up key:
* standard_metadata.egress_port: 0001

[17:15:17.775] [bmv2] [D] [thread 11039] [30.0] [cxt 0] Table 'MyEgress.send_frame': hit with handle 0
[17:15:17.775] [bmv2] [D] [thread 11039] [30.0] [cxt 0] Dumping entry 0
Match key:
* standard_metadata.egress_port: EXACT     0001
Action entry: MyEgress.rewrite_mac - 20100,

[17:15:17.775] [bmv2] [D] [thread 11039] [30.0] [cxt 0] Action entry is MyEgress.rewrite_mac - 20100,
[17:15:17.775] [bmv2] [T] [thread 11039] [30.0] [cxt 0] Action MyEgress.rewrite_mac
[17:15:17.775] [bmv2] [T] [thread 11039] [30.0] [cxt 0] load_balance.p4(158) Primitive hdr.ethernet.srcAddr = smac
[17:15:17.775] [bmv2] [D] [thread 11039] [30.0] [cxt 0] Pipeline 'egress': end
[17:15:17.775] [bmv2] [D] [thread 11039] [30.0] [cxt 0] Deparser 'deparser': start
[17:15:17.775] [bmv2] [D] [thread 11039] [30.0] [cxt 0] Updating checksum 'cksum'
[17:15:17.775] [bmv2] [D] [thread 11039] [30.0] [cxt 0] Deparsing header 'ethernet'
[17:15:17.775] [bmv2] [D] [thread 11039] [30.0] [cxt 0] Deparsing header 'ipv4'
[17:15:17.775] [bmv2] [D] [thread 11039] [30.0] [cxt 0] Deparsing header 'tcp'
[17:15:17.775] [bmv2] [D] [thread 11039] [30.0] [cxt 0] Deparser 'deparser': end
[17:15:17.775] [bmv2] [D] [thread 11042] [30.0] [cxt 0] Transmitting packet of size 64 out of port 1
[17:15:46.453] [bmv2] [D] [thread 11037] [31.0] [cxt 0] Processing packet received on port 2
[17:15:46.453] [bmv2] [D] [thread 11037] [31.0] [cxt 0] Parser 'parser': start
[17:15:46.453] [bmv2] [D] [thread 11037] [31.0] [cxt 0] Parser 'parser' entering state 'start'
[17:15:46.453] [bmv2] [D] [thread 11037] [31.0] [cxt 0] Extracting header 'ethernet'
[17:15:46.453] [bmv2] [D] [thread 11037] [31.0] [cxt 0] Parser state 'start': key is 0800
[17:15:46.453] [bmv2] [T] [thread 11037] [31.0] [cxt 0] Bytes parsed: 14
[17:15:46.453] [bmv2] [D] [thread 11037] [31.0] [cxt 0] Parser 'parser' entering state 'parse_ipv4'
[17:15:46.453] [bmv2] [D] [thread 11037] [31.0] [cxt 0] Extracting header 'ipv4'
[17:15:46.453] [bmv2] [D] [thread 11037] [31.0] [cxt 0] Parser state 'parse_ipv4': key is 06
[17:15:46.453] [bmv2] [T] [thread 11037] [31.0] [cxt 0] Bytes parsed: 34
[17:15:46.453] [bmv2] [D] [thread 11037] [31.0] [cxt 0] Parser 'parser' entering state 'parse_tcp'
[17:15:46.453] [bmv2] [D] [thread 11037] [31.0] [cxt 0] Extracting header 'tcp'
[17:15:46.453] [bmv2] [D] [thread 11037] [31.0] [cxt 0] Parser state 'parse_tcp' has no switch, going to default next state
[17:15:46.453] [bmv2] [T] [thread 11037] [31.0] [cxt 0] Bytes parsed: 54
[17:15:46.453] [bmv2] [D] [thread 11037] [31.0] [cxt 0] Parser 'parser': end
[17:15:46.453] [bmv2] [D] [thread 11037] [31.0] [cxt 0] Pipeline 'ingress': start
[17:15:46.453] [bmv2] [T] [thread 11037] [31.0] [cxt 0] load_balance.p4(142) Condition "hdr.ipv4.isValid() && hdr.ipv4.ttl > 0" (node_2) is true
[17:15:46.453] [bmv2] [T] [thread 11037] [31.0] [cxt 0] Applying table 'MyIngress.ecmp_group'
[17:15:46.453] [bmv2] [D] [thread 11037] [31.0] [cxt 0] Looking up key:
* hdr.ipv4.dstAddr    : 0a000202

[17:15:46.453] [bmv2] [D] [thread 11037] [31.0] [cxt 0] Table 'MyIngress.ecmp_group': hit with handle 0
[17:15:46.453] [bmv2] [D] [thread 11037] [31.0] [cxt 0] Dumping entry 0
Match key:
* hdr.ipv4.dstAddr    : LPM       0a000202/32
Action entry: MyIngress.set_ecmp_select - 0,1,

[17:15:46.453] [bmv2] [D] [thread 11037] [31.0] [cxt 0] Action entry is MyIngress.set_ecmp_select - 0,1,
[17:15:46.453] [bmv2] [T] [thread 11037] [31.0] [cxt 0] Action MyIngress.set_ecmp_select
[17:15:46.453] [bmv2] [T] [thread 11037] [31.0] [cxt 0] load_balance.p4(105) Primitive hash(meta.ecmp_select, ...
[17:15:46.453] [bmv2] [T] [thread 11037] [31.0] [cxt 0] hash(base=0, max=1) = 0
[17:15:46.453] [bmv2] [T] [thread 11037] [31.0] [cxt 0] Applying table 'MyIngress.ecmp_nhop'
[17:15:46.453] [bmv2] [D] [thread 11037] [31.0] [cxt 0] Looking up key:
* meta.ecmp_select    : 0000

[17:15:46.453] [bmv2] [D] [thread 11037] [31.0] [cxt 0] Table 'MyIngress.ecmp_nhop': hit with handle 0
[17:15:46.453] [bmv2] [D] [thread 11037] [31.0] [cxt 0] Dumping entry 0
Match key:
* meta.ecmp_select    : EXACT     0000
Action entry: MyIngress.set_nhop - 80000000202,a000202,1,

[17:15:46.453] [bmv2] [D] [thread 11037] [31.0] [cxt 0] Action entry is MyIngress.set_nhop - 80000000202,a000202,1,
[17:15:46.453] [bmv2] [T] [thread 11037] [31.0] [cxt 0] Action MyIngress.set_nhop
[17:15:46.453] [bmv2] [T] [thread 11037] [31.0] [cxt 0] load_balance.p4(116) Primitive hdr.ethernet.dstAddr = nhop_dmac
[17:15:46.453] [bmv2] [T] [thread 11037] [31.0] [cxt 0] load_balance.p4(117) Primitive hdr.ipv4.dstAddr = nhop_ipv4
[17:15:46.453] [bmv2] [T] [thread 11037] [31.0] [cxt 0] load_balance.p4(118) Primitive standard_metadata.egress_spec = port
[17:15:46.453] [bmv2] [T] [thread 11037] [31.0] [cxt 0] load_balance.p4(119) Primitive hdr.ipv4.ttl = hdr.ipv4.ttl - 1
[17:15:46.453] [bmv2] [D] [thread 11037] [31.0] [cxt 0] Pipeline 'ingress': end
[17:15:46.453] [bmv2] [D] [thread 11037] [31.0] [cxt 0] Egress port is 1
[17:15:46.453] [bmv2] [D] [thread 11039] [31.0] [cxt 0] Pipeline 'egress': start
[17:15:46.453] [bmv2] [T] [thread 11039] [31.0] [cxt 0] Applying table 'MyEgress.send_frame'
[17:15:46.453] [bmv2] [D] [thread 11039] [31.0] [cxt 0] Looking up key:
* standard_metadata.egress_port: 0001

[17:15:46.453] [bmv2] [D] [thread 11039] [31.0] [cxt 0] Table 'MyEgress.send_frame': hit with handle 0
[17:15:46.453] [bmv2] [D] [thread 11039] [31.0] [cxt 0] Dumping entry 0
Match key:
* standard_metadata.egress_port: EXACT     0001
Action entry: MyEgress.rewrite_mac - 20100,

[17:15:46.453] [bmv2] [D] [thread 11039] [31.0] [cxt 0] Action entry is MyEgress.rewrite_mac - 20100,
[17:15:46.453] [bmv2] [T] [thread 11039] [31.0] [cxt 0] Action MyEgress.rewrite_mac
[17:15:46.453] [bmv2] [T] [thread 11039] [31.0] [cxt 0] load_balance.p4(158) Primitive hdr.ethernet.srcAddr = smac
[17:15:46.453] [bmv2] [D] [thread 11039] [31.0] [cxt 0] Pipeline 'egress': end
[17:15:46.454] [bmv2] [D] [thread 11039] [31.0] [cxt 0] Deparser 'deparser': start
[17:15:46.454] [bmv2] [D] [thread 11039] [31.0] [cxt 0] Updating checksum 'cksum'
[17:15:46.454] [bmv2] [D] [thread 11039] [31.0] [cxt 0] Deparsing header 'ethernet'
[17:15:46.454] [bmv2] [D] [thread 11039] [31.0] [cxt 0] Deparsing header 'ipv4'
[17:15:46.454] [bmv2] [D] [thread 11039] [31.0] [cxt 0] Deparsing header 'tcp'
[17:15:46.454] [bmv2] [D] [thread 11039] [31.0] [cxt 0] Deparser 'deparser': end
[17:15:46.454] [bmv2] [D] [thread 11042] [31.0] [cxt 0] Transmitting packet of size 64 out of port 1
open: No such file or directory
open: No such file or directory
open: No such file or directory
