Calling target program-options parser
[07:49:25.460] [bmv2] [D] [thread 11045] Set default default entry for table 'MyIngress.ecmp_group': NoAction - 
[07:49:25.460] [bmv2] [D] [thread 11045] Set default default entry for table 'MyIngress.ecmp_nhop': NoAction - 
[07:49:25.461] [bmv2] [D] [thread 11045] Set default default entry for table 'MyEgress.send_frame': NoAction - 
Adding interface s3-eth1 as port 1
[07:49:25.461] [bmv2] [D] [thread 11045] Adding interface s3-eth1 as port 1
Adding interface s3-eth2 as port 2
[07:49:25.492] [bmv2] [D] [thread 11045] Adding interface s3-eth2 as port 2
Adding interface s3-eth3 as port 3
[07:49:25.516] [bmv2] [D] [thread 11045] Adding interface s3-eth3 as port 3
I1210 07:49:25.541084733   11045 server_builder.cc:247]      Synchronous server. Num CQs: 1, Min pollers: 1, Max Pollers: 2147483647, CQ timeout (msec): 1000
Server listening on 0.0.0.0:50053
[07:49:25.543] [bmv2] [I] [thread 11045] Starting Thrift server on port 9092
[07:49:25.543] [bmv2] [I] [thread 11045] Thrift server was started
[07:49:25.678] [bmv2] [D] [thread 11052] [0.0] [cxt 0] Processing packet received on port 3
[07:49:25.678] [bmv2] [D] [thread 11052] [0.0] [cxt 0] Parser 'parser': start
[07:49:25.678] [bmv2] [D] [thread 11052] [0.0] [cxt 0] Parser 'parser' entering state 'start'
[07:49:25.678] [bmv2] [D] [thread 11052] [0.0] [cxt 0] Extracting header 'ethernet'
[07:49:25.678] [bmv2] [D] [thread 11052] [0.0] [cxt 0] Parser state 'start': key is 86dd
[07:49:25.678] [bmv2] [T] [thread 11052] [0.0] [cxt 0] Bytes parsed: 14
[07:49:25.678] [bmv2] [D] [thread 11052] [0.0] [cxt 0] Parser 'parser': end
[07:49:25.678] [bmv2] [D] [thread 11052] [0.0] [cxt 0] Pipeline 'ingress': start
[07:49:25.678] [bmv2] [T] [thread 11052] [0.0] [cxt 0] load_balance.p4(142) Condition "hdr.ipv4.isValid() && hdr.ipv4.ttl > 0" (node_2) is false
[07:49:25.678] [bmv2] [D] [thread 11052] [0.0] [cxt 0] Pipeline 'ingress': end
[07:49:25.678] [bmv2] [D] [thread 11052] [0.0] [cxt 0] Egress port is 0
[07:49:25.678] [bmv2] [D] [thread 11052] [1.0] [cxt 0] Processing packet received on port 3
[07:49:25.678] [bmv2] [D] [thread 11052] [1.0] [cxt 0] Parser 'parser': start
[07:49:25.678] [bmv2] [D] [thread 11052] [1.0] [cxt 0] Parser 'parser' entering state 'start'
[07:49:25.678] [bmv2] [D] [thread 11052] [1.0] [cxt 0] Extracting header 'ethernet'
[07:49:25.678] [bmv2] [D] [thread 11052] [1.0] [cxt 0] Parser state 'start': key is 86dd
[07:49:25.678] [bmv2] [T] [thread 11052] [1.0] [cxt 0] Bytes parsed: 14
[07:49:25.678] [bmv2] [D] [thread 11052] [1.0] [cxt 0] Parser 'parser': end
[07:49:25.678] [bmv2] [D] [thread 11052] [1.0] [cxt 0] Pipeline 'ingress': start
[07:49:25.678] [bmv2] [T] [thread 11052] [1.0] [cxt 0] load_balance.p4(142) Condition "hdr.ipv4.isValid() && hdr.ipv4.ttl > 0" (node_2) is false
[07:49:25.678] [bmv2] [D] [thread 11052] [1.0] [cxt 0] Pipeline 'ingress': end
[07:49:25.678] [bmv2] [D] [thread 11052] [1.0] [cxt 0] Egress port is 0
[07:49:25.678] [bmv2] [D] [thread 11053] [0.0] [cxt 0] Pipeline 'egress': start
[07:49:25.678] [bmv2] [T] [thread 11053] [0.0] [cxt 0] Applying table 'MyEgress.send_frame'
[07:49:25.678] [bmv2] [D] [thread 11053] [0.0] [cxt 0] Looking up key:
* standard_metadata.egress_port: 0000

[07:49:25.678] [bmv2] [D] [thread 11053] [0.0] [cxt 0] Table 'MyEgress.send_frame': miss
[07:49:25.678] [bmv2] [D] [thread 11053] [0.0] [cxt 0] Action entry is NoAction - 
[07:49:25.678] [bmv2] [T] [thread 11053] [0.0] [cxt 0] Action NoAction
[07:49:25.678] [bmv2] [D] [thread 11053] [0.0] [cxt 0] Pipeline 'egress': end
[07:49:25.678] [bmv2] [D] [thread 11053] [0.0] [cxt 0] Deparser 'deparser': start
[07:49:25.678] [bmv2] [T] [thread 11053] [0.0] [cxt 0] Skipping checksum 'cksum' update because condition not met
[07:49:25.679] [bmv2] [D] [thread 11053] [0.0] [cxt 0] Deparsing header 'ethernet'
[07:49:25.679] [bmv2] [D] [thread 11053] [0.0] [cxt 0] Deparser 'deparser': end
[07:49:25.679] [bmv2] [D] [thread 11053] [1.0] [cxt 0] Pipeline 'egress': start
[07:49:25.679] [bmv2] [T] [thread 11053] [1.0] [cxt 0] Applying table 'MyEgress.send_frame'
[07:49:25.679] [bmv2] [D] [thread 11053] [1.0] [cxt 0] Looking up key:
* standard_metadata.egress_port: 0000

[07:49:25.679] [bmv2] [D] [thread 11053] [1.0] [cxt 0] Table 'MyEgress.send_frame': miss
[07:49:25.679] [bmv2] [D] [thread 11053] [1.0] [cxt 0] Action entry is NoAction - 
[07:49:25.679] [bmv2] [T] [thread 11053] [1.0] [cxt 0] Action NoAction
[07:49:25.679] [bmv2] [D] [thread 11053] [1.0] [cxt 0] Pipeline 'egress': end
[07:49:25.679] [bmv2] [D] [thread 11053] [1.0] [cxt 0] Deparser 'deparser': start
[07:49:25.679] [bmv2] [T] [thread 11053] [1.0] [cxt 0] Skipping checksum 'cksum' update because condition not met
[07:49:25.679] [bmv2] [D] [thread 11053] [1.0] [cxt 0] Deparsing header 'ethernet'
[07:49:25.679] [bmv2] [D] [thread 11053] [1.0] [cxt 0] Deparser 'deparser': end
[07:49:25.679] [bmv2] [D] [thread 11057] [0.0] [cxt 0] Transmitting packet of size 90 out of port 0
[07:49:25.679] [bmv2] [D] [thread 11057] [1.0] [cxt 0] Transmitting packet of size 70 out of port 0
[07:49:25.949] [bmv2] [D] [thread 11052] [2.0] [cxt 0] Processing packet received on port 1
[07:49:25.949] [bmv2] [D] [thread 11052] [2.0] [cxt 0] Parser 'parser': start
[07:49:25.949] [bmv2] [D] [thread 11052] [2.0] [cxt 0] Parser 'parser' entering state 'start'
[07:49:25.949] [bmv2] [D] [thread 11052] [2.0] [cxt 0] Extracting header 'ethernet'
[07:49:25.949] [bmv2] [D] [thread 11052] [2.0] [cxt 0] Parser state 'start': key is 86dd
[07:49:25.949] [bmv2] [T] [thread 11052] [2.0] [cxt 0] Bytes parsed: 14
[07:49:25.949] [bmv2] [D] [thread 11052] [2.0] [cxt 0] Parser 'parser': end
[07:49:25.949] [bmv2] [D] [thread 11052] [2.0] [cxt 0] Pipeline 'ingress': start
[07:49:25.949] [bmv2] [T] [thread 11052] [2.0] [cxt 0] load_balance.p4(142) Condition "hdr.ipv4.isValid() && hdr.ipv4.ttl > 0" (node_2) is false
[07:49:25.949] [bmv2] [D] [thread 11052] [2.0] [cxt 0] Pipeline 'ingress': end
[07:49:25.949] [bmv2] [D] [thread 11052] [2.0] [cxt 0] Egress port is 0
[07:49:25.949] [bmv2] [D] [thread 11052] [3.0] [cxt 0] Processing packet received on port 1
[07:49:25.949] [bmv2] [D] [thread 11052] [3.0] [cxt 0] Parser 'parser': start
[07:49:25.949] [bmv2] [D] [thread 11052] [3.0] [cxt 0] Parser 'parser' entering state 'start'
[07:49:25.949] [bmv2] [D] [thread 11052] [3.0] [cxt 0] Extracting header 'ethernet'
[07:49:25.949] [bmv2] [D] [thread 11052] [3.0] [cxt 0] Parser state 'start': key is 86dd
[07:49:25.949] [bmv2] [T] [thread 11052] [3.0] [cxt 0] Bytes parsed: 14
[07:49:25.949] [bmv2] [D] [thread 11052] [3.0] [cxt 0] Parser 'parser': end
[07:49:25.949] [bmv2] [D] [thread 11052] [3.0] [cxt 0] Pipeline 'ingress': start
[07:49:25.949] [bmv2] [T] [thread 11052] [3.0] [cxt 0] load_balance.p4(142) Condition "hdr.ipv4.isValid() && hdr.ipv4.ttl > 0" (node_2) is false
[07:49:25.949] [bmv2] [D] [thread 11052] [3.0] [cxt 0] Pipeline 'ingress': end
[07:49:25.949] [bmv2] [D] [thread 11052] [3.0] [cxt 0] Egress port is 0
[07:49:25.949] [bmv2] [D] [thread 11053] [2.0] [cxt 0] Pipeline 'egress': start
[07:49:25.949] [bmv2] [T] [thread 11053] [2.0] [cxt 0] Applying table 'MyEgress.send_frame'
[07:49:25.949] [bmv2] [D] [thread 11053] [2.0] [cxt 0] Looking up key:
* standard_metadata.egress_port: 0000

[07:49:25.949] [bmv2] [D] [thread 11053] [2.0] [cxt 0] Table 'MyEgress.send_frame': miss
[07:49:25.949] [bmv2] [D] [thread 11053] [2.0] [cxt 0] Action entry is NoAction - 
[07:49:25.949] [bmv2] [T] [thread 11053] [2.0] [cxt 0] Action NoAction
[07:49:25.949] [bmv2] [D] [thread 11053] [2.0] [cxt 0] Pipeline 'egress': end
[07:49:25.949] [bmv2] [D] [thread 11053] [2.0] [cxt 0] Deparser 'deparser': start
[07:49:25.949] [bmv2] [T] [thread 11053] [2.0] [cxt 0] Skipping checksum 'cksum' update because condition not met
[07:49:25.949] [bmv2] [D] [thread 11053] [2.0] [cxt 0] Deparsing header 'ethernet'
[07:49:25.949] [bmv2] [D] [thread 11053] [2.0] [cxt 0] Deparser 'deparser': end
[07:49:25.949] [bmv2] [D] [thread 11053] [3.0] [cxt 0] Pipeline 'egress': start
[07:49:25.949] [bmv2] [T] [thread 11053] [3.0] [cxt 0] Applying table 'MyEgress.send_frame'
[07:49:25.949] [bmv2] [D] [thread 11053] [3.0] [cxt 0] Looking up key:
* standard_metadata.egress_port: 0000

[07:49:25.949] [bmv2] [D] [thread 11053] [3.0] [cxt 0] Table 'MyEgress.send_frame': miss
[07:49:25.949] [bmv2] [D] [thread 11053] [3.0] [cxt 0] Action entry is NoAction - 
[07:49:25.949] [bmv2] [T] [thread 11053] [3.0] [cxt 0] Action NoAction
[07:49:25.949] [bmv2] [D] [thread 11053] [3.0] [cxt 0] Pipeline 'egress': end
[07:49:25.949] [bmv2] [D] [thread 11053] [3.0] [cxt 0] Deparser 'deparser': start
[07:49:25.949] [bmv2] [T] [thread 11053] [3.0] [cxt 0] Skipping checksum 'cksum' update because condition not met
[07:49:25.949] [bmv2] [D] [thread 11053] [3.0] [cxt 0] Deparsing header 'ethernet'
[07:49:25.949] [bmv2] [D] [thread 11053] [3.0] [cxt 0] Deparser 'deparser': end
[07:49:25.949] [bmv2] [D] [thread 11057] [2.0] [cxt 0] Transmitting packet of size 90 out of port 0
[07:49:25.949] [bmv2] [D] [thread 11057] [3.0] [cxt 0] Transmitting packet of size 70 out of port 0
[07:49:25.952] [bmv2] [D] [thread 11052] [4.0] [cxt 0] Processing packet received on port 3
[07:49:25.952] [bmv2] [D] [thread 11052] [4.0] [cxt 0] Parser 'parser': start
[07:49:25.952] [bmv2] [D] [thread 11052] [4.0] [cxt 0] Parser 'parser' entering state 'start'
[07:49:25.952] [bmv2] [D] [thread 11052] [4.0] [cxt 0] Extracting header 'ethernet'
[07:49:25.952] [bmv2] [D] [thread 11052] [4.0] [cxt 0] Parser state 'start': key is 86dd
[07:49:25.952] [bmv2] [T] [thread 11052] [4.0] [cxt 0] Bytes parsed: 14
[07:49:25.952] [bmv2] [D] [thread 11052] [4.0] [cxt 0] Parser 'parser': end
[07:49:25.952] [bmv2] [D] [thread 11052] [4.0] [cxt 0] Pipeline 'ingress': start
[07:49:25.952] [bmv2] [T] [thread 11052] [4.0] [cxt 0] load_balance.p4(142) Condition "hdr.ipv4.isValid() && hdr.ipv4.ttl > 0" (node_2) is false
[07:49:25.952] [bmv2] [D] [thread 11052] [4.0] [cxt 0] Pipeline 'ingress': end
[07:49:25.952] [bmv2] [D] [thread 11052] [4.0] [cxt 0] Egress port is 0
[07:49:25.952] [bmv2] [D] [thread 11053] [4.0] [cxt 0] Pipeline 'egress': start
[07:49:25.952] [bmv2] [T] [thread 11053] [4.0] [cxt 0] Applying table 'MyEgress.send_frame'
[07:49:25.952] [bmv2] [D] [thread 11053] [4.0] [cxt 0] Looking up key:
* standard_metadata.egress_port: 0000

[07:49:25.953] [bmv2] [D] [thread 11053] [4.0] [cxt 0] Table 'MyEgress.send_frame': miss
[07:49:25.953] [bmv2] [D] [thread 11053] [4.0] [cxt 0] Action entry is NoAction - 
[07:49:25.953] [bmv2] [T] [thread 11053] [4.0] [cxt 0] Action NoAction
[07:49:25.953] [bmv2] [D] [thread 11053] [4.0] [cxt 0] Pipeline 'egress': end
[07:49:25.953] [bmv2] [D] [thread 11053] [4.0] [cxt 0] Deparser 'deparser': start
[07:49:25.953] [bmv2] [T] [thread 11053] [4.0] [cxt 0] Skipping checksum 'cksum' update because condition not met
[07:49:25.953] [bmv2] [D] [thread 11053] [4.0] [cxt 0] Deparsing header 'ethernet'
[07:49:25.953] [bmv2] [D] [thread 11053] [4.0] [cxt 0] Deparser 'deparser': end
[07:49:25.953] [bmv2] [D] [thread 11057] [4.0] [cxt 0] Transmitting packet of size 90 out of port 0
[07:49:25.961] [bmv2] [D] [thread 11052] [5.0] [cxt 0] Processing packet received on port 2
[07:49:25.961] [bmv2] [D] [thread 11052] [5.0] [cxt 0] Parser 'parser': start
[07:49:25.961] [bmv2] [D] [thread 11052] [5.0] [cxt 0] Parser 'parser' entering state 'start'
[07:49:25.961] [bmv2] [D] [thread 11052] [5.0] [cxt 0] Extracting header 'ethernet'
[07:49:25.961] [bmv2] [D] [thread 11052] [5.0] [cxt 0] Parser state 'start': key is 86dd
[07:49:25.961] [bmv2] [T] [thread 11052] [5.0] [cxt 0] Bytes parsed: 14
[07:49:25.962] [bmv2] [D] [thread 11052] [5.0] [cxt 0] Parser 'parser': end
[07:49:25.962] [bmv2] [D] [thread 11052] [5.0] [cxt 0] Pipeline 'ingress': start
[07:49:25.962] [bmv2] [T] [thread 11052] [5.0] [cxt 0] load_balance.p4(142) Condition "hdr.ipv4.isValid() && hdr.ipv4.ttl > 0" (node_2) is false
[07:49:25.962] [bmv2] [D] [thread 11052] [5.0] [cxt 0] Pipeline 'ingress': end
[07:49:25.962] [bmv2] [D] [thread 11052] [5.0] [cxt 0] Egress port is 0
[07:49:25.962] [bmv2] [D] [thread 11052] [6.0] [cxt 0] Processing packet received on port 2
[07:49:25.962] [bmv2] [D] [thread 11052] [6.0] [cxt 0] Parser 'parser': start
[07:49:25.962] [bmv2] [D] [thread 11052] [6.0] [cxt 0] Parser 'parser' entering state 'start'
[07:49:25.962] [bmv2] [D] [thread 11052] [6.0] [cxt 0] Extracting header 'ethernet'
[07:49:25.962] [bmv2] [D] [thread 11052] [6.0] [cxt 0] Parser state 'start': key is 86dd
[07:49:25.962] [bmv2] [T] [thread 11052] [6.0] [cxt 0] Bytes parsed: 14
[07:49:25.962] [bmv2] [D] [thread 11052] [6.0] [cxt 0] Parser 'parser': end
[07:49:25.962] [bmv2] [D] [thread 11052] [6.0] [cxt 0] Pipeline 'ingress': start
[07:49:25.962] [bmv2] [T] [thread 11052] [6.0] [cxt 0] load_balance.p4(142) Condition "hdr.ipv4.isValid() && hdr.ipv4.ttl > 0" (node_2) is false
[07:49:25.962] [bmv2] [D] [thread 11052] [6.0] [cxt 0] Pipeline 'ingress': end
[07:49:25.962] [bmv2] [D] [thread 11052] [6.0] [cxt 0] Egress port is 0
[07:49:25.962] [bmv2] [D] [thread 11053] [5.0] [cxt 0] Pipeline 'egress': start
[07:49:25.962] [bmv2] [T] [thread 11053] [5.0] [cxt 0] Applying table 'MyEgress.send_frame'
[07:49:25.962] [bmv2] [D] [thread 11053] [5.0] [cxt 0] Looking up key:
* standard_metadata.egress_port: 0000

[07:49:25.962] [bmv2] [D] [thread 11053] [5.0] [cxt 0] Table 'MyEgress.send_frame': miss
[07:49:25.962] [bmv2] [D] [thread 11053] [5.0] [cxt 0] Action entry is NoAction - 
[07:49:25.962] [bmv2] [T] [thread 11053] [5.0] [cxt 0] Action NoAction
[07:49:25.962] [bmv2] [D] [thread 11053] [5.0] [cxt 0] Pipeline 'egress': end
[07:49:25.962] [bmv2] [D] [thread 11053] [5.0] [cxt 0] Deparser 'deparser': start
[07:49:25.962] [bmv2] [T] [thread 11053] [5.0] [cxt 0] Skipping checksum 'cksum' update because condition not met
[07:49:25.962] [bmv2] [D] [thread 11053] [5.0] [cxt 0] Deparsing header 'ethernet'
[07:49:25.962] [bmv2] [D] [thread 11053] [5.0] [cxt 0] Deparser 'deparser': end
[07:49:25.962] [bmv2] [D] [thread 11053] [6.0] [cxt 0] Pipeline 'egress': start
[07:49:25.962] [bmv2] [T] [thread 11053] [6.0] [cxt 0] Applying table 'MyEgress.send_frame'
[07:49:25.962] [bmv2] [D] [thread 11053] [6.0] [cxt 0] Looking up key:
* standard_metadata.egress_port: 0000

[07:49:25.962] [bmv2] [D] [thread 11053] [6.0] [cxt 0] Table 'MyEgress.send_frame': miss
[07:49:25.962] [bmv2] [D] [thread 11053] [6.0] [cxt 0] Action entry is NoAction - 
[07:49:25.962] [bmv2] [T] [thread 11053] [6.0] [cxt 0] Action NoAction
[07:49:25.962] [bmv2] [D] [thread 11053] [6.0] [cxt 0] Pipeline 'egress': end
[07:49:25.962] [bmv2] [D] [thread 11053] [6.0] [cxt 0] Deparser 'deparser': start
[07:49:25.962] [bmv2] [T] [thread 11053] [6.0] [cxt 0] Skipping checksum 'cksum' update because condition not met
[07:49:25.962] [bmv2] [D] [thread 11053] [6.0] [cxt 0] Deparsing header 'ethernet'
[07:49:25.962] [bmv2] [D] [thread 11053] [6.0] [cxt 0] Deparser 'deparser': end
[07:49:25.962] [bmv2] [D] [thread 11057] [5.0] [cxt 0] Transmitting packet of size 90 out of port 0
[07:49:25.962] [bmv2] [D] [thread 11057] [6.0] [cxt 0] Transmitting packet of size 70 out of port 0
[07:49:26.016] [bmv2] [D] [thread 11052] [7.0] [cxt 0] Processing packet received on port 2
[07:49:26.017] [bmv2] [D] [thread 11052] [7.0] [cxt 0] Parser 'parser': start
[07:49:26.017] [bmv2] [D] [thread 11052] [7.0] [cxt 0] Parser 'parser' entering state 'start'
[07:49:26.017] [bmv2] [D] [thread 11052] [7.0] [cxt 0] Extracting header 'ethernet'
[07:49:26.017] [bmv2] [D] [thread 11052] [7.0] [cxt 0] Parser state 'start': key is 86dd
[07:49:26.017] [bmv2] [T] [thread 11052] [7.0] [cxt 0] Bytes parsed: 14
[07:49:26.017] [bmv2] [D] [thread 11052] [7.0] [cxt 0] Parser 'parser': end
[07:49:26.017] [bmv2] [D] [thread 11052] [7.0] [cxt 0] Pipeline 'ingress': start
[07:49:26.017] [bmv2] [T] [thread 11052] [7.0] [cxt 0] load_balance.p4(142) Condition "hdr.ipv4.isValid() && hdr.ipv4.ttl > 0" (node_2) is false
[07:49:26.017] [bmv2] [D] [thread 11052] [7.0] [cxt 0] Pipeline 'ingress': end
[07:49:26.017] [bmv2] [D] [thread 11052] [7.0] [cxt 0] Egress port is 0
[07:49:26.017] [bmv2] [D] [thread 11052] [8.0] [cxt 0] Processing packet received on port 2
[07:49:26.017] [bmv2] [D] [thread 11052] [8.0] [cxt 0] Parser 'parser': start
[07:49:26.017] [bmv2] [D] [thread 11052] [8.0] [cxt 0] Parser 'parser' entering state 'start'
[07:49:26.017] [bmv2] [D] [thread 11052] [8.0] [cxt 0] Extracting header 'ethernet'
[07:49:26.017] [bmv2] [D] [thread 11052] [8.0] [cxt 0] Parser state 'start': key is 86dd
[07:49:26.017] [bmv2] [T] [thread 11052] [8.0] [cxt 0] Bytes parsed: 14
[07:49:26.017] [bmv2] [D] [thread 11052] [8.0] [cxt 0] Parser 'parser': end
[07:49:26.017] [bmv2] [D] [thread 11052] [8.0] [cxt 0] Pipeline 'ingress': start
[07:49:26.017] [bmv2] [T] [thread 11052] [8.0] [cxt 0] load_balance.p4(142) Condition "hdr.ipv4.isValid() && hdr.ipv4.ttl > 0" (node_2) is false
[07:49:26.017] [bmv2] [D] [thread 11052] [8.0] [cxt 0] Pipeline 'ingress': end
[07:49:26.017] [bmv2] [D] [thread 11052] [8.0] [cxt 0] Egress port is 0
[07:49:26.017] [bmv2] [D] [thread 11053] [7.0] [cxt 0] Pipeline 'egress': start
[07:49:26.017] [bmv2] [T] [thread 11053] [7.0] [cxt 0] Applying table 'MyEgress.send_frame'
[07:49:26.017] [bmv2] [D] [thread 11053] [7.0] [cxt 0] Looking up key:
* standard_metadata.egress_port: 0000

[07:49:26.017] [bmv2] [D] [thread 11053] [7.0] [cxt 0] Table 'MyEgress.send_frame': miss
[07:49:26.017] [bmv2] [D] [thread 11053] [7.0] [cxt 0] Action entry is NoAction - 
[07:49:26.017] [bmv2] [T] [thread 11053] [7.0] [cxt 0] Action NoAction
[07:49:26.017] [bmv2] [D] [thread 11053] [7.0] [cxt 0] Pipeline 'egress': end
[07:49:26.017] [bmv2] [D] [thread 11053] [7.0] [cxt 0] Deparser 'deparser': start
[07:49:26.017] [bmv2] [T] [thread 11053] [7.0] [cxt 0] Skipping checksum 'cksum' update because condition not met
[07:49:26.017] [bmv2] [D] [thread 11053] [7.0] [cxt 0] Deparsing header 'ethernet'
[07:49:26.017] [bmv2] [D] [thread 11053] [7.0] [cxt 0] Deparser 'deparser': end
[07:49:26.017] [bmv2] [D] [thread 11053] [8.0] [cxt 0] Pipeline 'egress': start
[07:49:26.017] [bmv2] [T] [thread 11053] [8.0] [cxt 0] Applying table 'MyEgress.send_frame'
[07:49:26.017] [bmv2] [D] [thread 11053] [8.0] [cxt 0] Looking up key:
* standard_metadata.egress_port: 0000

[07:49:26.017] [bmv2] [D] [thread 11053] [8.0] [cxt 0] Table 'MyEgress.send_frame': miss
[07:49:26.017] [bmv2] [D] [thread 11053] [8.0] [cxt 0] Action entry is NoAction - 
[07:49:26.017] [bmv2] [T] [thread 11053] [8.0] [cxt 0] Action NoAction
[07:49:26.017] [bmv2] [D] [thread 11053] [8.0] [cxt 0] Pipeline 'egress': end
[07:49:26.017] [bmv2] [D] [thread 11053] [8.0] [cxt 0] Deparser 'deparser': start
[07:49:26.017] [bmv2] [T] [thread 11053] [8.0] [cxt 0] Skipping checksum 'cksum' update because condition not met
[07:49:26.017] [bmv2] [D] [thread 11053] [8.0] [cxt 0] Deparsing header 'ethernet'
[07:49:26.017] [bmv2] [D] [thread 11053] [8.0] [cxt 0] Deparser 'deparser': end
[07:49:26.017] [bmv2] [D] [thread 11057] [7.0] [cxt 0] Transmitting packet of size 90 out of port 0
[07:49:26.017] [bmv2] [D] [thread 11057] [8.0] [cxt 0] Transmitting packet of size 70 out of port 0
[07:49:26.141] [bmv2] [D] [thread 11052] [9.0] [cxt 0] Processing packet received on port 2
[07:49:26.141] [bmv2] [D] [thread 11052] [9.0] [cxt 0] Parser 'parser': start
[07:49:26.141] [bmv2] [D] [thread 11052] [9.0] [cxt 0] Parser 'parser' entering state 'start'
[07:49:26.141] [bmv2] [D] [thread 11052] [9.0] [cxt 0] Extracting header 'ethernet'
[07:49:26.141] [bmv2] [D] [thread 11052] [9.0] [cxt 0] Parser state 'start': key is 86dd
[07:49:26.141] [bmv2] [T] [thread 11052] [9.0] [cxt 0] Bytes parsed: 14
[07:49:26.141] [bmv2] [D] [thread 11052] [9.0] [cxt 0] Parser 'parser': end
[07:49:26.141] [bmv2] [D] [thread 11052] [9.0] [cxt 0] Pipeline 'ingress': start
[07:49:26.141] [bmv2] [T] [thread 11052] [9.0] [cxt 0] load_balance.p4(142) Condition "hdr.ipv4.isValid() && hdr.ipv4.ttl > 0" (node_2) is false
[07:49:26.141] [bmv2] [D] [thread 11052] [9.0] [cxt 0] Pipeline 'ingress': end
[07:49:26.141] [bmv2] [D] [thread 11052] [9.0] [cxt 0] Egress port is 0
[07:49:26.142] [bmv2] [D] [thread 11053] [9.0] [cxt 0] Pipeline 'egress': start
[07:49:26.142] [bmv2] [T] [thread 11053] [9.0] [cxt 0] Applying table 'MyEgress.send_frame'
[07:49:26.142] [bmv2] [D] [thread 11053] [9.0] [cxt 0] Looking up key:
* standard_metadata.egress_port: 0000

[07:49:26.142] [bmv2] [D] [thread 11053] [9.0] [cxt 0] Table 'MyEgress.send_frame': miss
[07:49:26.142] [bmv2] [D] [thread 11053] [9.0] [cxt 0] Action entry is NoAction - 
[07:49:26.142] [bmv2] [T] [thread 11053] [9.0] [cxt 0] Action NoAction
[07:49:26.142] [bmv2] [D] [thread 11053] [9.0] [cxt 0] Pipeline 'egress': end
[07:49:26.142] [bmv2] [D] [thread 11053] [9.0] [cxt 0] Deparser 'deparser': start
[07:49:26.142] [bmv2] [T] [thread 11053] [9.0] [cxt 0] Skipping checksum 'cksum' update because condition not met
[07:49:26.142] [bmv2] [D] [thread 11053] [9.0] [cxt 0] Deparsing header 'ethernet'
[07:49:26.142] [bmv2] [D] [thread 11053] [9.0] [cxt 0] Deparser 'deparser': end
[07:49:26.142] [bmv2] [D] [thread 11057] [9.0] [cxt 0] Transmitting packet of size 90 out of port 0
[07:49:26.195] [bmv2] [D] [thread 11052] [10.0] [cxt 0] Processing packet received on port 3
[07:49:26.195] [bmv2] [D] [thread 11052] [10.0] [cxt 0] Parser 'parser': start
[07:49:26.195] [bmv2] [D] [thread 11052] [10.0] [cxt 0] Parser 'parser' entering state 'start'
[07:49:26.195] [bmv2] [D] [thread 11052] [10.0] [cxt 0] Extracting header 'ethernet'
[07:49:26.195] [bmv2] [D] [thread 11052] [10.0] [cxt 0] Parser state 'start': key is 86dd
[07:49:26.195] [bmv2] [T] [thread 11052] [10.0] [cxt 0] Bytes parsed: 14
[07:49:26.195] [bmv2] [D] [thread 11052] [10.0] [cxt 0] Parser 'parser': end
[07:49:26.195] [bmv2] [D] [thread 11052] [10.0] [cxt 0] Pipeline 'ingress': start
[07:49:26.195] [bmv2] [T] [thread 11052] [10.0] [cxt 0] load_balance.p4(142) Condition "hdr.ipv4.isValid() && hdr.ipv4.ttl > 0" (node_2) is false
[07:49:26.195] [bmv2] [D] [thread 11052] [10.0] [cxt 0] Pipeline 'ingress': end
[07:49:26.195] [bmv2] [D] [thread 11052] [10.0] [cxt 0] Egress port is 0
[07:49:26.196] [bmv2] [D] [thread 11053] [10.0] [cxt 0] Pipeline 'egress': start
[07:49:26.196] [bmv2] [T] [thread 11053] [10.0] [cxt 0] Applying table 'MyEgress.send_frame'
[07:49:26.196] [bmv2] [D] [thread 11053] [10.0] [cxt 0] Looking up key:
* standard_metadata.egress_port: 0000

[07:49:26.196] [bmv2] [D] [thread 11053] [10.0] [cxt 0] Table 'MyEgress.send_frame': miss
[07:49:26.196] [bmv2] [D] [thread 11053] [10.0] [cxt 0] Action entry is NoAction - 
[07:49:26.196] [bmv2] [T] [thread 11053] [10.0] [cxt 0] Action NoAction
[07:49:26.196] [bmv2] [D] [thread 11053] [10.0] [cxt 0] Pipeline 'egress': end
[07:49:26.196] [bmv2] [D] [thread 11053] [10.0] [cxt 0] Deparser 'deparser': start
[07:49:26.196] [bmv2] [T] [thread 11053] [10.0] [cxt 0] Skipping checksum 'cksum' update because condition not met
[07:49:26.196] [bmv2] [D] [thread 11053] [10.0] [cxt 0] Deparsing header 'ethernet'
[07:49:26.196] [bmv2] [D] [thread 11053] [10.0] [cxt 0] Deparser 'deparser': end
[07:49:26.196] [bmv2] [D] [thread 11057] [10.0] [cxt 0] Transmitting packet of size 90 out of port 0
[07:49:26.327] [bmv2] [D] [thread 11052] [11.0] [cxt 0] Processing packet received on port 2
[07:49:26.327] [bmv2] [D] [thread 11052] [11.0] [cxt 0] Parser 'parser': start
[07:49:26.328] [bmv2] [D] [thread 11052] [11.0] [cxt 0] Parser 'parser' entering state 'start'
[07:49:26.328] [bmv2] [D] [thread 11052] [11.0] [cxt 0] Extracting header 'ethernet'
[07:49:26.328] [bmv2] [D] [thread 11052] [11.0] [cxt 0] Parser state 'start': key is 86dd
[07:49:26.328] [bmv2] [T] [thread 11052] [11.0] [cxt 0] Bytes parsed: 14
[07:49:26.328] [bmv2] [D] [thread 11052] [11.0] [cxt 0] Parser 'parser': end
[07:49:26.328] [bmv2] [D] [thread 11052] [11.0] [cxt 0] Pipeline 'ingress': start
[07:49:26.328] [bmv2] [T] [thread 11052] [11.0] [cxt 0] load_balance.p4(142) Condition "hdr.ipv4.isValid() && hdr.ipv4.ttl > 0" (node_2) is false
[07:49:26.328] [bmv2] [D] [thread 11052] [11.0] [cxt 0] Pipeline 'ingress': end
[07:49:26.328] [bmv2] [D] [thread 11052] [11.0] [cxt 0] Egress port is 0
[07:49:26.328] [bmv2] [D] [thread 11053] [11.0] [cxt 0] Pipeline 'egress': start
[07:49:26.328] [bmv2] [T] [thread 11053] [11.0] [cxt 0] Applying table 'MyEgress.send_frame'
[07:49:26.328] [bmv2] [D] [thread 11053] [11.0] [cxt 0] Looking up key:
* standard_metadata.egress_port: 0000

[07:49:26.328] [bmv2] [D] [thread 11053] [11.0] [cxt 0] Table 'MyEgress.send_frame': miss
[07:49:26.328] [bmv2] [D] [thread 11053] [11.0] [cxt 0] Action entry is NoAction - 
[07:49:26.328] [bmv2] [T] [thread 11053] [11.0] [cxt 0] Action NoAction
[07:49:26.328] [bmv2] [D] [thread 11053] [11.0] [cxt 0] Pipeline 'egress': end
[07:49:26.328] [bmv2] [D] [thread 11053] [11.0] [cxt 0] Deparser 'deparser': start
[07:49:26.328] [bmv2] [T] [thread 11053] [11.0] [cxt 0] Skipping checksum 'cksum' update because condition not met
[07:49:26.328] [bmv2] [D] [thread 11053] [11.0] [cxt 0] Deparsing header 'ethernet'
[07:49:26.328] [bmv2] [D] [thread 11053] [11.0] [cxt 0] Deparser 'deparser': end
[07:49:26.328] [bmv2] [D] [thread 11057] [11.0] [cxt 0] Transmitting packet of size 90 out of port 0
[07:49:26.592] [bmv2] [D] [thread 11052] [12.0] [cxt 0] Processing packet received on port 1
[07:49:26.592] [bmv2] [D] [thread 11052] [12.0] [cxt 0] Parser 'parser': start
[07:49:26.592] [bmv2] [D] [thread 11052] [12.0] [cxt 0] Parser 'parser' entering state 'start'
[07:49:26.592] [bmv2] [D] [thread 11052] [12.0] [cxt 0] Extracting header 'ethernet'
[07:49:26.592] [bmv2] [D] [thread 11052] [12.0] [cxt 0] Parser state 'start': key is 86dd
[07:49:26.592] [bmv2] [T] [thread 11052] [12.0] [cxt 0] Bytes parsed: 14
[07:49:26.592] [bmv2] [D] [thread 11052] [12.0] [cxt 0] Parser 'parser': end
[07:49:26.592] [bmv2] [D] [thread 11052] [12.0] [cxt 0] Pipeline 'ingress': start
[07:49:26.593] [bmv2] [T] [thread 11052] [12.0] [cxt 0] load_balance.p4(142) Condition "hdr.ipv4.isValid() && hdr.ipv4.ttl > 0" (node_2) is false
[07:49:26.593] [bmv2] [D] [thread 11052] [12.0] [cxt 0] Pipeline 'ingress': end
[07:49:26.593] [bmv2] [D] [thread 11052] [12.0] [cxt 0] Egress port is 0
[07:49:26.593] [bmv2] [D] [thread 11053] [12.0] [cxt 0] Pipeline 'egress': start
[07:49:26.593] [bmv2] [T] [thread 11053] [12.0] [cxt 0] Applying table 'MyEgress.send_frame'
[07:49:26.593] [bmv2] [D] [thread 11053] [12.0] [cxt 0] Looking up key:
* standard_metadata.egress_port: 0000

[07:49:26.593] [bmv2] [D] [thread 11053] [12.0] [cxt 0] Table 'MyEgress.send_frame': miss
[07:49:26.593] [bmv2] [D] [thread 11053] [12.0] [cxt 0] Action entry is NoAction - 
[07:49:26.593] [bmv2] [T] [thread 11053] [12.0] [cxt 0] Action NoAction
[07:49:26.593] [bmv2] [D] [thread 11053] [12.0] [cxt 0] Pipeline 'egress': end
[07:49:26.593] [bmv2] [D] [thread 11053] [12.0] [cxt 0] Deparser 'deparser': start
[07:49:26.593] [bmv2] [T] [thread 11053] [12.0] [cxt 0] Skipping checksum 'cksum' update because condition not met
[07:49:26.593] [bmv2] [D] [thread 11053] [12.0] [cxt 0] Deparsing header 'ethernet'
[07:49:26.593] [bmv2] [D] [thread 11053] [12.0] [cxt 0] Deparser 'deparser': end
[07:49:26.593] [bmv2] [D] [thread 11057] [12.0] [cxt 0] Transmitting packet of size 90 out of port 0
New connection
P4Runtime SetForwardingPipelineConfig
[07:49:26.992] [bmv2] [W] [thread 11070] [P4Runtime] p4::tmp::P4DeviceConfig is deprecated
[07:49:26.993] [bmv2] [D] [thread 11070] Set default default entry for table 'MyIngress.ecmp_group': NoAction - 
[07:49:26.993] [bmv2] [D] [thread 11070] Set default default entry for table 'MyIngress.ecmp_nhop': NoAction - 
[07:49:26.993] [bmv2] [D] [thread 11070] Set default default entry for table 'MyEgress.send_frame': NoAction - 
P4Runtime Write
device_id: 2
election_id {
  low: 1
}
updates {
  type: MODIFY
  entity {
    table_entry {
      table_id: 33558969
      action {
        action {
          action_id: 16805608
        }
      }
      is_default_action: true
    }
  }
}
[07:49:26.997] [bmv2] [D] [thread 11070] Set default entry for table 'MyIngress.ecmp_group': MyIngress.drop - 
P4Runtime Write
device_id: 2
election_id {
  low: 1
}
updates {
  type: INSERT
  entity {
    table_entry {
      table_id: 33558969
      match {
        field_id: 1
        lpm {
          value: "\n\000\003\003"
          prefix_len: 32
        }
      }
      action {
        action {
          action_id: 16797669
          params {
            param_id: 2
            value: "\000\000\000\001"
          }
          params {
            param_id: 1
            value: "\000\000"
          }
        }
      }
    }
  }
}
[07:49:27.000] [bmv2] [D] [thread 11070] Entry 0 added to table 'MyIngress.ecmp_group'
[07:49:27.000] [bmv2] [D] [thread 11070] Dumping entry 0
Match key:
* hdr.ipv4.dstAddr    : LPM       0a000303/32
Action entry: MyIngress.set_ecmp_select - 0,1,

P4Runtime Write
device_id: 2
election_id {
  low: 1
}
updates {
  type: INSERT
  entity {
    table_entry {
      table_id: 33608915
      match {
        field_id: 1
        exact {
          value: "\000\000"
        }
      }
      action {
        action {
          action_id: 16826124
          params {
            param_id: 2
            value: "\n\000\003\003"
          }
          params {
            param_id: 3
            value: "\000\001"
          }
          params {
            param_id: 1
            value: "\010\000\000\000\003\003"
          }
        }
      }
    }
  }
}
[07:49:27.002] [bmv2] [D] [thread 11070] Entry 0 added to table 'MyIngress.ecmp_nhop'
[07:49:27.002] [bmv2] [D] [thread 11070] Dumping entry 0
Match key:
* meta.ecmp_select    : EXACT     0000
Action entry: MyIngress.set_nhop - 80000000303,a000303,1,

P4Runtime Write
device_id: 2
election_id {
  low: 1
}
updates {
  type: INSERT
  entity {
    table_entry {
      table_id: 33604441
      match {
        field_id: 1
        exact {
          value: "\000\001"
        }
      }
      action {
        action {
          action_id: 16828148
          params {
            param_id: 1
            value: "\000\000\000\003\001\000"
          }
        }
      }
    }
  }
}
[07:49:27.007] [bmv2] [D] [thread 11070] Entry 0 added to table 'MyEgress.send_frame'
[07:49:27.007] [bmv2] [D] [thread 11070] Dumping entry 0
Match key:
* standard_metadata.egress_port: EXACT     0001
Action entry: MyEgress.rewrite_mac - 30100,

Connection removed
[07:49:29.533] [bmv2] [D] [thread 11052] [13.0] [cxt 0] Processing packet received on port 3
[07:49:29.533] [bmv2] [D] [thread 11052] [13.0] [cxt 0] Parser 'parser': start
[07:49:29.533] [bmv2] [D] [thread 11052] [13.0] [cxt 0] Parser 'parser' entering state 'start'
[07:49:29.533] [bmv2] [D] [thread 11052] [13.0] [cxt 0] Extracting header 'ethernet'
[07:49:29.533] [bmv2] [D] [thread 11052] [13.0] [cxt 0] Parser state 'start': key is 86dd
[07:49:29.533] [bmv2] [T] [thread 11052] [13.0] [cxt 0] Bytes parsed: 14
[07:49:29.533] [bmv2] [D] [thread 11052] [13.0] [cxt 0] Parser 'parser': end
[07:49:29.533] [bmv2] [D] [thread 11052] [13.0] [cxt 0] Pipeline 'ingress': start
[07:49:29.533] [bmv2] [T] [thread 11052] [13.0] [cxt 0] load_balance.p4(142) Condition "hdr.ipv4.isValid() && hdr.ipv4.ttl > 0" (node_2) is false
[07:49:29.533] [bmv2] [D] [thread 11052] [13.0] [cxt 0] Pipeline 'ingress': end
[07:49:29.533] [bmv2] [D] [thread 11052] [13.0] [cxt 0] Egress port is 0
[07:49:29.533] [bmv2] [D] [thread 11053] [13.0] [cxt 0] Pipeline 'egress': start
[07:49:29.533] [bmv2] [T] [thread 11053] [13.0] [cxt 0] Applying table 'MyEgress.send_frame'
[07:49:29.533] [bmv2] [D] [thread 11053] [13.0] [cxt 0] Looking up key:
* standard_metadata.egress_port: 0000

[07:49:29.533] [bmv2] [D] [thread 11053] [13.0] [cxt 0] Table 'MyEgress.send_frame': miss
[07:49:29.533] [bmv2] [D] [thread 11053] [13.0] [cxt 0] Action entry is NoAction - 
[07:49:29.533] [bmv2] [T] [thread 11053] [13.0] [cxt 0] Action NoAction
[07:49:29.533] [bmv2] [D] [thread 11053] [13.0] [cxt 0] Pipeline 'egress': end
[07:49:29.533] [bmv2] [D] [thread 11053] [13.0] [cxt 0] Deparser 'deparser': start
[07:49:29.533] [bmv2] [T] [thread 11053] [13.0] [cxt 0] Skipping checksum 'cksum' update because condition not met
[07:49:29.533] [bmv2] [D] [thread 11053] [13.0] [cxt 0] Deparsing header 'ethernet'
[07:49:29.533] [bmv2] [D] [thread 11053] [13.0] [cxt 0] Deparser 'deparser': end
[07:49:29.533] [bmv2] [D] [thread 11057] [13.0] [cxt 0] Transmitting packet of size 70 out of port 0
[07:49:29.687] [bmv2] [D] [thread 11052] [14.0] [cxt 0] Processing packet received on port 3
[07:49:29.687] [bmv2] [D] [thread 11052] [14.0] [cxt 0] Parser 'parser': start
[07:49:29.687] [bmv2] [D] [thread 11052] [14.0] [cxt 0] Parser 'parser' entering state 'start'
[07:49:29.687] [bmv2] [D] [thread 11052] [14.0] [cxt 0] Extracting header 'ethernet'
[07:49:29.687] [bmv2] [D] [thread 11052] [14.0] [cxt 0] Parser state 'start': key is 86dd
[07:49:29.687] [bmv2] [T] [thread 11052] [14.0] [cxt 0] Bytes parsed: 14
[07:49:29.687] [bmv2] [D] [thread 11052] [14.0] [cxt 0] Parser 'parser': end
[07:49:29.687] [bmv2] [D] [thread 11052] [14.0] [cxt 0] Pipeline 'ingress': start
[07:49:29.687] [bmv2] [T] [thread 11052] [14.0] [cxt 0] load_balance.p4(142) Condition "hdr.ipv4.isValid() && hdr.ipv4.ttl > 0" (node_2) is false
[07:49:29.687] [bmv2] [D] [thread 11052] [14.0] [cxt 0] Pipeline 'ingress': end
[07:49:29.687] [bmv2] [D] [thread 11052] [14.0] [cxt 0] Egress port is 0
[07:49:29.688] [bmv2] [D] [thread 11053] [14.0] [cxt 0] Pipeline 'egress': start
[07:49:29.688] [bmv2] [T] [thread 11053] [14.0] [cxt 0] Applying table 'MyEgress.send_frame'
[07:49:29.688] [bmv2] [D] [thread 11053] [14.0] [cxt 0] Looking up key:
* standard_metadata.egress_port: 0000

[07:49:29.688] [bmv2] [D] [thread 11053] [14.0] [cxt 0] Table 'MyEgress.send_frame': miss
[07:49:29.688] [bmv2] [D] [thread 11053] [14.0] [cxt 0] Action entry is NoAction - 
[07:49:29.688] [bmv2] [T] [thread 11053] [14.0] [cxt 0] Action NoAction
[07:49:29.688] [bmv2] [D] [thread 11053] [14.0] [cxt 0] Pipeline 'egress': end
[07:49:29.688] [bmv2] [D] [thread 11053] [14.0] [cxt 0] Deparser 'deparser': start
[07:49:29.688] [bmv2] [T] [thread 11053] [14.0] [cxt 0] Skipping checksum 'cksum' update because condition not met
[07:49:29.688] [bmv2] [D] [thread 11053] [14.0] [cxt 0] Deparsing header 'ethernet'
[07:49:29.688] [bmv2] [D] [thread 11053] [14.0] [cxt 0] Deparser 'deparser': end
[07:49:29.688] [bmv2] [D] [thread 11057] [14.0] [cxt 0] Transmitting packet of size 70 out of port 0
[07:49:29.956] [bmv2] [D] [thread 11052] [15.0] [cxt 0] Processing packet received on port 1
[07:49:29.957] [bmv2] [D] [thread 11052] [15.0] [cxt 0] Parser 'parser': start
[07:49:29.957] [bmv2] [D] [thread 11052] [15.0] [cxt 0] Parser 'parser' entering state 'start'
[07:49:29.957] [bmv2] [D] [thread 11052] [15.0] [cxt 0] Extracting header 'ethernet'
[07:49:29.957] [bmv2] [D] [thread 11052] [15.0] [cxt 0] Parser state 'start': key is 86dd
[07:49:29.957] [bmv2] [T] [thread 11052] [15.0] [cxt 0] Bytes parsed: 14
[07:49:29.957] [bmv2] [D] [thread 11052] [15.0] [cxt 0] Parser 'parser': end
[07:49:29.957] [bmv2] [D] [thread 11052] [15.0] [cxt 0] Pipeline 'ingress': start
[07:49:29.957] [bmv2] [T] [thread 11052] [15.0] [cxt 0] load_balance.p4(142) Condition "hdr.ipv4.isValid() && hdr.ipv4.ttl > 0" (node_2) is false
[07:49:29.957] [bmv2] [D] [thread 11052] [15.0] [cxt 0] Pipeline 'ingress': end
[07:49:29.957] [bmv2] [D] [thread 11052] [15.0] [cxt 0] Egress port is 0
[07:49:29.957] [bmv2] [D] [thread 11053] [15.0] [cxt 0] Pipeline 'egress': start
[07:49:29.957] [bmv2] [T] [thread 11053] [15.0] [cxt 0] Applying table 'MyEgress.send_frame'
[07:49:29.957] [bmv2] [D] [thread 11053] [15.0] [cxt 0] Looking up key:
* standard_metadata.egress_port: 0000

[07:49:29.957] [bmv2] [D] [thread 11053] [15.0] [cxt 0] Table 'MyEgress.send_frame': miss
[07:49:29.957] [bmv2] [D] [thread 11053] [15.0] [cxt 0] Action entry is NoAction - 
[07:49:29.957] [bmv2] [T] [thread 11053] [15.0] [cxt 0] Action NoAction
[07:49:29.957] [bmv2] [D] [thread 11053] [15.0] [cxt 0] Pipeline 'egress': end
[07:49:29.957] [bmv2] [D] [thread 11053] [15.0] [cxt 0] Deparser 'deparser': start
[07:49:29.957] [bmv2] [T] [thread 11053] [15.0] [cxt 0] Skipping checksum 'cksum' update because condition not met
[07:49:29.957] [bmv2] [D] [thread 11053] [15.0] [cxt 0] Deparsing header 'ethernet'
[07:49:29.957] [bmv2] [D] [thread 11053] [15.0] [cxt 0] Deparser 'deparser': end
[07:49:29.957] [bmv2] [D] [thread 11057] [15.0] [cxt 0] Transmitting packet of size 70 out of port 0
[07:49:29.970] [bmv2] [D] [thread 11052] [16.0] [cxt 0] Processing packet received on port 2
[07:49:29.970] [bmv2] [D] [thread 11052] [16.0] [cxt 0] Parser 'parser': start
[07:49:29.970] [bmv2] [D] [thread 11052] [16.0] [cxt 0] Parser 'parser' entering state 'start'
[07:49:29.970] [bmv2] [D] [thread 11052] [16.0] [cxt 0] Extracting header 'ethernet'
[07:49:29.970] [bmv2] [D] [thread 11052] [16.0] [cxt 0] Parser state 'start': key is 86dd
[07:49:29.970] [bmv2] [T] [thread 11052] [16.0] [cxt 0] Bytes parsed: 14
[07:49:29.970] [bmv2] [D] [thread 11052] [16.0] [cxt 0] Parser 'parser': end
[07:49:29.970] [bmv2] [D] [thread 11052] [16.0] [cxt 0] Pipeline 'ingress': start
[07:49:29.970] [bmv2] [T] [thread 11052] [16.0] [cxt 0] load_balance.p4(142) Condition "hdr.ipv4.isValid() && hdr.ipv4.ttl > 0" (node_2) is false
[07:49:29.970] [bmv2] [D] [thread 11052] [16.0] [cxt 0] Pipeline 'ingress': end
[07:49:29.970] [bmv2] [D] [thread 11052] [16.0] [cxt 0] Egress port is 0
[07:49:29.971] [bmv2] [D] [thread 11053] [16.0] [cxt 0] Pipeline 'egress': start
[07:49:29.971] [bmv2] [T] [thread 11053] [16.0] [cxt 0] Applying table 'MyEgress.send_frame'
[07:49:29.971] [bmv2] [D] [thread 11053] [16.0] [cxt 0] Looking up key:
* standard_metadata.egress_port: 0000

[07:49:29.971] [bmv2] [D] [thread 11053] [16.0] [cxt 0] Table 'MyEgress.send_frame': miss
[07:49:29.971] [bmv2] [D] [thread 11053] [16.0] [cxt 0] Action entry is NoAction - 
[07:49:29.971] [bmv2] [T] [thread 11053] [16.0] [cxt 0] Action NoAction
[07:49:29.971] [bmv2] [D] [thread 11053] [16.0] [cxt 0] Pipeline 'egress': end
[07:49:29.971] [bmv2] [D] [thread 11053] [16.0] [cxt 0] Deparser 'deparser': start
[07:49:29.971] [bmv2] [T] [thread 11053] [16.0] [cxt 0] Skipping checksum 'cksum' update because condition not met
[07:49:29.971] [bmv2] [D] [thread 11053] [16.0] [cxt 0] Deparsing header 'ethernet'
[07:49:29.971] [bmv2] [D] [thread 11053] [16.0] [cxt 0] Deparser 'deparser': end
[07:49:29.971] [bmv2] [D] [thread 11057] [16.0] [cxt 0] Transmitting packet of size 70 out of port 0
[07:49:30.020] [bmv2] [D] [thread 11052] [17.0] [cxt 0] Processing packet received on port 2
[07:49:30.020] [bmv2] [D] [thread 11052] [17.0] [cxt 0] Parser 'parser': start
[07:49:30.020] [bmv2] [D] [thread 11052] [17.0] [cxt 0] Parser 'parser' entering state 'start'
[07:49:30.020] [bmv2] [D] [thread 11052] [17.0] [cxt 0] Extracting header 'ethernet'
[07:49:30.020] [bmv2] [D] [thread 11052] [17.0] [cxt 0] Parser state 'start': key is 86dd
[07:49:30.020] [bmv2] [T] [thread 11052] [17.0] [cxt 0] Bytes parsed: 14
[07:49:30.020] [bmv2] [D] [thread 11052] [17.0] [cxt 0] Parser 'parser': end
[07:49:30.020] [bmv2] [D] [thread 11052] [17.0] [cxt 0] Pipeline 'ingress': start
[07:49:30.020] [bmv2] [T] [thread 11052] [17.0] [cxt 0] load_balance.p4(142) Condition "hdr.ipv4.isValid() && hdr.ipv4.ttl > 0" (node_2) is false
[07:49:30.020] [bmv2] [D] [thread 11052] [17.0] [cxt 0] Pipeline 'ingress': end
[07:49:30.020] [bmv2] [D] [thread 11052] [17.0] [cxt 0] Egress port is 0
[07:49:30.020] [bmv2] [D] [thread 11053] [17.0] [cxt 0] Pipeline 'egress': start
[07:49:30.020] [bmv2] [T] [thread 11053] [17.0] [cxt 0] Applying table 'MyEgress.send_frame'
[07:49:30.021] [bmv2] [D] [thread 11053] [17.0] [cxt 0] Looking up key:
* standard_metadata.egress_port: 0000

[07:49:30.021] [bmv2] [D] [thread 11053] [17.0] [cxt 0] Table 'MyEgress.send_frame': miss
[07:49:30.021] [bmv2] [D] [thread 11053] [17.0] [cxt 0] Action entry is NoAction - 
[07:49:30.021] [bmv2] [T] [thread 11053] [17.0] [cxt 0] Action NoAction
[07:49:30.021] [bmv2] [D] [thread 11053] [17.0] [cxt 0] Pipeline 'egress': end
[07:49:30.021] [bmv2] [D] [thread 11053] [17.0] [cxt 0] Deparser 'deparser': start
[07:49:30.021] [bmv2] [T] [thread 11053] [17.0] [cxt 0] Skipping checksum 'cksum' update because condition not met
[07:49:30.021] [bmv2] [D] [thread 11053] [17.0] [cxt 0] Deparsing header 'ethernet'
[07:49:30.021] [bmv2] [D] [thread 11053] [17.0] [cxt 0] Deparser 'deparser': end
[07:49:30.021] [bmv2] [D] [thread 11057] [17.0] [cxt 0] Transmitting packet of size 70 out of port 0
[07:49:33.540] [bmv2] [D] [thread 11052] [18.0] [cxt 0] Processing packet received on port 3
[07:49:33.541] [bmv2] [D] [thread 11052] [18.0] [cxt 0] Parser 'parser': start
[07:49:33.541] [bmv2] [D] [thread 11052] [18.0] [cxt 0] Parser 'parser' entering state 'start'
[07:49:33.541] [bmv2] [D] [thread 11052] [18.0] [cxt 0] Extracting header 'ethernet'
[07:49:33.541] [bmv2] [D] [thread 11052] [18.0] [cxt 0] Parser state 'start': key is 86dd
[07:49:33.541] [bmv2] [T] [thread 11052] [18.0] [cxt 0] Bytes parsed: 14
[07:49:33.541] [bmv2] [D] [thread 11052] [18.0] [cxt 0] Parser 'parser': end
[07:49:33.541] [bmv2] [D] [thread 11052] [18.0] [cxt 0] Pipeline 'ingress': start
[07:49:33.541] [bmv2] [T] [thread 11052] [18.0] [cxt 0] load_balance.p4(142) Condition "hdr.ipv4.isValid() && hdr.ipv4.ttl > 0" (node_2) is false
[07:49:33.541] [bmv2] [D] [thread 11052] [18.0] [cxt 0] Pipeline 'ingress': end
[07:49:33.541] [bmv2] [D] [thread 11052] [18.0] [cxt 0] Egress port is 0
[07:49:33.541] [bmv2] [D] [thread 11053] [18.0] [cxt 0] Pipeline 'egress': start
[07:49:33.541] [bmv2] [T] [thread 11053] [18.0] [cxt 0] Applying table 'MyEgress.send_frame'
[07:49:33.541] [bmv2] [D] [thread 11053] [18.0] [cxt 0] Looking up key:
* standard_metadata.egress_port: 0000

[07:49:33.541] [bmv2] [D] [thread 11053] [18.0] [cxt 0] Table 'MyEgress.send_frame': miss
[07:49:33.541] [bmv2] [D] [thread 11053] [18.0] [cxt 0] Action entry is NoAction - 
[07:49:33.541] [bmv2] [T] [thread 11053] [18.0] [cxt 0] Action NoAction
[07:49:33.541] [bmv2] [D] [thread 11053] [18.0] [cxt 0] Pipeline 'egress': end
[07:49:33.541] [bmv2] [D] [thread 11053] [18.0] [cxt 0] Deparser 'deparser': start
[07:49:33.541] [bmv2] [T] [thread 11053] [18.0] [cxt 0] Skipping checksum 'cksum' update because condition not met
[07:49:33.541] [bmv2] [D] [thread 11053] [18.0] [cxt 0] Deparsing header 'ethernet'
[07:49:33.541] [bmv2] [D] [thread 11053] [18.0] [cxt 0] Deparser 'deparser': end
[07:49:33.541] [bmv2] [D] [thread 11057] [18.0] [cxt 0] Transmitting packet of size 70 out of port 0
[07:49:33.698] [bmv2] [D] [thread 11052] [19.0] [cxt 0] Processing packet received on port 3
[07:49:33.698] [bmv2] [D] [thread 11052] [19.0] [cxt 0] Parser 'parser': start
[07:49:33.698] [bmv2] [D] [thread 11052] [19.0] [cxt 0] Parser 'parser' entering state 'start'
[07:49:33.698] [bmv2] [D] [thread 11052] [19.0] [cxt 0] Extracting header 'ethernet'
[07:49:33.698] [bmv2] [D] [thread 11052] [19.0] [cxt 0] Parser state 'start': key is 86dd
[07:49:33.698] [bmv2] [T] [thread 11052] [19.0] [cxt 0] Bytes parsed: 14
[07:49:33.698] [bmv2] [D] [thread 11052] [19.0] [cxt 0] Parser 'parser': end
[07:49:33.699] [bmv2] [D] [thread 11052] [19.0] [cxt 0] Pipeline 'ingress': start
[07:49:33.699] [bmv2] [T] [thread 11052] [19.0] [cxt 0] load_balance.p4(142) Condition "hdr.ipv4.isValid() && hdr.ipv4.ttl > 0" (node_2) is false
[07:49:33.699] [bmv2] [D] [thread 11052] [19.0] [cxt 0] Pipeline 'ingress': end
[07:49:33.699] [bmv2] [D] [thread 11052] [19.0] [cxt 0] Egress port is 0
[07:49:33.699] [bmv2] [D] [thread 11053] [19.0] [cxt 0] Pipeline 'egress': start
[07:49:33.699] [bmv2] [T] [thread 11053] [19.0] [cxt 0] Applying table 'MyEgress.send_frame'
[07:49:33.699] [bmv2] [D] [thread 11053] [19.0] [cxt 0] Looking up key:
* standard_metadata.egress_port: 0000

[07:49:33.699] [bmv2] [D] [thread 11053] [19.0] [cxt 0] Table 'MyEgress.send_frame': miss
[07:49:33.699] [bmv2] [D] [thread 11053] [19.0] [cxt 0] Action entry is NoAction - 
[07:49:33.699] [bmv2] [T] [thread 11053] [19.0] [cxt 0] Action NoAction
[07:49:33.699] [bmv2] [D] [thread 11053] [19.0] [cxt 0] Pipeline 'egress': end
[07:49:33.699] [bmv2] [D] [thread 11053] [19.0] [cxt 0] Deparser 'deparser': start
[07:49:33.699] [bmv2] [T] [thread 11053] [19.0] [cxt 0] Skipping checksum 'cksum' update because condition not met
[07:49:33.699] [bmv2] [D] [thread 11053] [19.0] [cxt 0] Deparsing header 'ethernet'
[07:49:33.699] [bmv2] [D] [thread 11053] [19.0] [cxt 0] Deparser 'deparser': end
[07:49:33.699] [bmv2] [D] [thread 11057] [19.0] [cxt 0] Transmitting packet of size 70 out of port 0
[07:49:33.964] [bmv2] [D] [thread 11052] [20.0] [cxt 0] Processing packet received on port 1
[07:49:33.964] [bmv2] [D] [thread 11052] [20.0] [cxt 0] Parser 'parser': start
[07:49:33.964] [bmv2] [D] [thread 11052] [20.0] [cxt 0] Parser 'parser' entering state 'start'
[07:49:33.964] [bmv2] [D] [thread 11052] [20.0] [cxt 0] Extracting header 'ethernet'
[07:49:33.964] [bmv2] [D] [thread 11052] [20.0] [cxt 0] Parser state 'start': key is 86dd
[07:49:33.964] [bmv2] [T] [thread 11052] [20.0] [cxt 0] Bytes parsed: 14
[07:49:33.964] [bmv2] [D] [thread 11052] [20.0] [cxt 0] Parser 'parser': end
[07:49:33.964] [bmv2] [D] [thread 11052] [20.0] [cxt 0] Pipeline 'ingress': start
[07:49:33.964] [bmv2] [T] [thread 11052] [20.0] [cxt 0] load_balance.p4(142) Condition "hdr.ipv4.isValid() && hdr.ipv4.ttl > 0" (node_2) is false
[07:49:33.964] [bmv2] [D] [thread 11052] [20.0] [cxt 0] Pipeline 'ingress': end
[07:49:33.964] [bmv2] [D] [thread 11052] [20.0] [cxt 0] Egress port is 0
[07:49:33.965] [bmv2] [D] [thread 11053] [20.0] [cxt 0] Pipeline 'egress': start
[07:49:33.965] [bmv2] [T] [thread 11053] [20.0] [cxt 0] Applying table 'MyEgress.send_frame'
[07:49:33.965] [bmv2] [D] [thread 11053] [20.0] [cxt 0] Looking up key:
* standard_metadata.egress_port: 0000

[07:49:33.965] [bmv2] [D] [thread 11053] [20.0] [cxt 0] Table 'MyEgress.send_frame': miss
[07:49:33.965] [bmv2] [D] [thread 11053] [20.0] [cxt 0] Action entry is NoAction - 
[07:49:33.965] [bmv2] [T] [thread 11053] [20.0] [cxt 0] Action NoAction
[07:49:33.965] [bmv2] [D] [thread 11053] [20.0] [cxt 0] Pipeline 'egress': end
[07:49:33.965] [bmv2] [D] [thread 11053] [20.0] [cxt 0] Deparser 'deparser': start
[07:49:33.965] [bmv2] [T] [thread 11053] [20.0] [cxt 0] Skipping checksum 'cksum' update because condition not met
[07:49:33.965] [bmv2] [D] [thread 11053] [20.0] [cxt 0] Deparsing header 'ethernet'
[07:49:33.965] [bmv2] [D] [thread 11053] [20.0] [cxt 0] Deparser 'deparser': end
[07:49:33.965] [bmv2] [D] [thread 11057] [20.0] [cxt 0] Transmitting packet of size 70 out of port 0
[07:49:33.982] [bmv2] [D] [thread 11052] [21.0] [cxt 0] Processing packet received on port 2
[07:49:33.983] [bmv2] [D] [thread 11052] [21.0] [cxt 0] Parser 'parser': start
[07:49:33.983] [bmv2] [D] [thread 11052] [21.0] [cxt 0] Parser 'parser' entering state 'start'
[07:49:33.983] [bmv2] [D] [thread 11052] [21.0] [cxt 0] Extracting header 'ethernet'
[07:49:33.983] [bmv2] [D] [thread 11052] [21.0] [cxt 0] Parser state 'start': key is 86dd
[07:49:33.983] [bmv2] [T] [thread 11052] [21.0] [cxt 0] Bytes parsed: 14
[07:49:33.983] [bmv2] [D] [thread 11052] [21.0] [cxt 0] Parser 'parser': end
[07:49:33.983] [bmv2] [D] [thread 11052] [21.0] [cxt 0] Pipeline 'ingress': start
[07:49:33.983] [bmv2] [T] [thread 11052] [21.0] [cxt 0] load_balance.p4(142) Condition "hdr.ipv4.isValid() && hdr.ipv4.ttl > 0" (node_2) is false
[07:49:33.983] [bmv2] [D] [thread 11052] [21.0] [cxt 0] Pipeline 'ingress': end
[07:49:33.983] [bmv2] [D] [thread 11052] [21.0] [cxt 0] Egress port is 0
[07:49:33.983] [bmv2] [D] [thread 11053] [21.0] [cxt 0] Pipeline 'egress': start
[07:49:33.983] [bmv2] [T] [thread 11053] [21.0] [cxt 0] Applying table 'MyEgress.send_frame'
[07:49:33.983] [bmv2] [D] [thread 11053] [21.0] [cxt 0] Looking up key:
* standard_metadata.egress_port: 0000

[07:49:33.983] [bmv2] [D] [thread 11053] [21.0] [cxt 0] Table 'MyEgress.send_frame': miss
[07:49:33.983] [bmv2] [D] [thread 11053] [21.0] [cxt 0] Action entry is NoAction - 
[07:49:33.983] [bmv2] [T] [thread 11053] [21.0] [cxt 0] Action NoAction
[07:49:33.983] [bmv2] [D] [thread 11053] [21.0] [cxt 0] Pipeline 'egress': end
[07:49:33.983] [bmv2] [D] [thread 11053] [21.0] [cxt 0] Deparser 'deparser': start
[07:49:33.983] [bmv2] [T] [thread 11053] [21.0] [cxt 0] Skipping checksum 'cksum' update because condition not met
[07:49:33.983] [bmv2] [D] [thread 11053] [21.0] [cxt 0] Deparsing header 'ethernet'
[07:49:33.983] [bmv2] [D] [thread 11053] [21.0] [cxt 0] Deparser 'deparser': end
[07:49:33.983] [bmv2] [D] [thread 11057] [21.0] [cxt 0] Transmitting packet of size 70 out of port 0
[07:49:34.028] [bmv2] [D] [thread 11052] [22.0] [cxt 0] Processing packet received on port 2
[07:49:34.028] [bmv2] [D] [thread 11052] [22.0] [cxt 0] Parser 'parser': start
[07:49:34.028] [bmv2] [D] [thread 11052] [22.0] [cxt 0] Parser 'parser' entering state 'start'
[07:49:34.028] [bmv2] [D] [thread 11052] [22.0] [cxt 0] Extracting header 'ethernet'
[07:49:34.028] [bmv2] [D] [thread 11052] [22.0] [cxt 0] Parser state 'start': key is 86dd
[07:49:34.028] [bmv2] [T] [thread 11052] [22.0] [cxt 0] Bytes parsed: 14
[07:49:34.028] [bmv2] [D] [thread 11052] [22.0] [cxt 0] Parser 'parser': end
[07:49:34.028] [bmv2] [D] [thread 11052] [22.0] [cxt 0] Pipeline 'ingress': start
[07:49:34.028] [bmv2] [T] [thread 11052] [22.0] [cxt 0] load_balance.p4(142) Condition "hdr.ipv4.isValid() && hdr.ipv4.ttl > 0" (node_2) is false
[07:49:34.028] [bmv2] [D] [thread 11052] [22.0] [cxt 0] Pipeline 'ingress': end
[07:49:34.028] [bmv2] [D] [thread 11052] [22.0] [cxt 0] Egress port is 0
[07:49:34.029] [bmv2] [D] [thread 11053] [22.0] [cxt 0] Pipeline 'egress': start
[07:49:34.029] [bmv2] [T] [thread 11053] [22.0] [cxt 0] Applying table 'MyEgress.send_frame'
[07:49:34.029] [bmv2] [D] [thread 11053] [22.0] [cxt 0] Looking up key:
* standard_metadata.egress_port: 0000

[07:49:34.029] [bmv2] [D] [thread 11053] [22.0] [cxt 0] Table 'MyEgress.send_frame': miss
[07:49:34.029] [bmv2] [D] [thread 11053] [22.0] [cxt 0] Action entry is NoAction - 
[07:49:34.029] [bmv2] [T] [thread 11053] [22.0] [cxt 0] Action NoAction
[07:49:34.029] [bmv2] [D] [thread 11053] [22.0] [cxt 0] Pipeline 'egress': end
[07:49:34.029] [bmv2] [D] [thread 11053] [22.0] [cxt 0] Deparser 'deparser': start
[07:49:34.029] [bmv2] [T] [thread 11053] [22.0] [cxt 0] Skipping checksum 'cksum' update because condition not met
[07:49:34.029] [bmv2] [D] [thread 11053] [22.0] [cxt 0] Deparsing header 'ethernet'
[07:49:34.029] [bmv2] [D] [thread 11053] [22.0] [cxt 0] Deparser 'deparser': end
[07:49:34.029] [bmv2] [D] [thread 11057] [22.0] [cxt 0] Transmitting packet of size 70 out of port 0
[07:50:05.890] [bmv2] [D] [thread 11052] [23.0] [cxt 0] Processing packet received on port 2
[07:50:05.890] [bmv2] [D] [thread 11052] [23.0] [cxt 0] Parser 'parser': start
[07:50:05.890] [bmv2] [D] [thread 11052] [23.0] [cxt 0] Parser 'parser' entering state 'start'
[07:50:05.890] [bmv2] [D] [thread 11052] [23.0] [cxt 0] Extracting header 'ethernet'
[07:50:05.890] [bmv2] [D] [thread 11052] [23.0] [cxt 0] Parser state 'start': key is 0800
[07:50:05.890] [bmv2] [T] [thread 11052] [23.0] [cxt 0] Bytes parsed: 14
[07:50:05.890] [bmv2] [D] [thread 11052] [23.0] [cxt 0] Parser 'parser' entering state 'parse_ipv4'
[07:50:05.890] [bmv2] [D] [thread 11052] [23.0] [cxt 0] Extracting header 'ipv4'
[07:50:05.890] [bmv2] [D] [thread 11052] [23.0] [cxt 0] Parser state 'parse_ipv4': key is 06
[07:50:05.890] [bmv2] [T] [thread 11052] [23.0] [cxt 0] Bytes parsed: 34
[07:50:05.890] [bmv2] [D] [thread 11052] [23.0] [cxt 0] Parser 'parser' entering state 'parse_tcp'
[07:50:05.890] [bmv2] [D] [thread 11052] [23.0] [cxt 0] Extracting header 'tcp'
[07:50:05.890] [bmv2] [D] [thread 11052] [23.0] [cxt 0] Parser state 'parse_tcp' has no switch, going to default next state
[07:50:05.890] [bmv2] [T] [thread 11052] [23.0] [cxt 0] Bytes parsed: 54
[07:50:05.890] [bmv2] [D] [thread 11052] [23.0] [cxt 0] Parser 'parser': end
[07:50:05.890] [bmv2] [D] [thread 11052] [23.0] [cxt 0] Pipeline 'ingress': start
[07:50:05.890] [bmv2] [T] [thread 11052] [23.0] [cxt 0] load_balance.p4(142) Condition "hdr.ipv4.isValid() && hdr.ipv4.ttl > 0" (node_2) is true
[07:50:05.890] [bmv2] [T] [thread 11052] [23.0] [cxt 0] Applying table 'MyIngress.ecmp_group'
[07:50:05.890] [bmv2] [D] [thread 11052] [23.0] [cxt 0] Looking up key:
* hdr.ipv4.dstAddr    : 0a000303

[07:50:05.890] [bmv2] [D] [thread 11052] [23.0] [cxt 0] Table 'MyIngress.ecmp_group': hit with handle 0
[07:50:05.890] [bmv2] [D] [thread 11052] [23.0] [cxt 0] Dumping entry 0
Match key:
* hdr.ipv4.dstAddr    : LPM       0a000303/32
Action entry: MyIngress.set_ecmp_select - 0,1,

[07:50:05.890] [bmv2] [D] [thread 11052] [23.0] [cxt 0] Action entry is MyIngress.set_ecmp_select - 0,1,
[07:50:05.890] [bmv2] [T] [thread 11052] [23.0] [cxt 0] Action MyIngress.set_ecmp_select
[07:50:05.890] [bmv2] [T] [thread 11052] [23.0] [cxt 0] load_balance.p4(105) Primitive hash(meta.ecmp_select, ...
[07:50:05.890] [bmv2] [T] [thread 11052] [23.0] [cxt 0] hash(base=0, max=1) = 0
[07:50:05.890] [bmv2] [T] [thread 11052] [23.0] [cxt 0] Applying table 'MyIngress.ecmp_nhop'
[07:50:05.890] [bmv2] [D] [thread 11052] [23.0] [cxt 0] Looking up key:
* meta.ecmp_select    : 0000

[07:50:05.890] [bmv2] [D] [thread 11052] [23.0] [cxt 0] Table 'MyIngress.ecmp_nhop': hit with handle 0
[07:50:05.890] [bmv2] [D] [thread 11052] [23.0] [cxt 0] Dumping entry 0
Match key:
* meta.ecmp_select    : EXACT     0000
Action entry: MyIngress.set_nhop - 80000000303,a000303,1,

[07:50:05.890] [bmv2] [D] [thread 11052] [23.0] [cxt 0] Action entry is MyIngress.set_nhop - 80000000303,a000303,1,
[07:50:05.890] [bmv2] [T] [thread 11052] [23.0] [cxt 0] Action MyIngress.set_nhop
[07:50:05.890] [bmv2] [T] [thread 11052] [23.0] [cxt 0] load_balance.p4(116) Primitive hdr.ethernet.dstAddr = nhop_dmac
[07:50:05.890] [bmv2] [T] [thread 11052] [23.0] [cxt 0] load_balance.p4(117) Primitive hdr.ipv4.dstAddr = nhop_ipv4
[07:50:05.890] [bmv2] [T] [thread 11052] [23.0] [cxt 0] load_balance.p4(118) Primitive standard_metadata.egress_spec = port
[07:50:05.890] [bmv2] [T] [thread 11052] [23.0] [cxt 0] load_balance.p4(119) Primitive hdr.ipv4.ttl = hdr.ipv4.ttl - 1
[07:50:05.890] [bmv2] [D] [thread 11052] [23.0] [cxt 0] Pipeline 'ingress': end
[07:50:05.890] [bmv2] [D] [thread 11052] [23.0] [cxt 0] Egress port is 1
[07:50:05.890] [bmv2] [D] [thread 11054] [23.0] [cxt 0] Pipeline 'egress': start
[07:50:05.890] [bmv2] [T] [thread 11054] [23.0] [cxt 0] Applying table 'MyEgress.send_frame'
[07:50:05.890] [bmv2] [D] [thread 11054] [23.0] [cxt 0] Looking up key:
* standard_metadata.egress_port: 0001

[07:50:05.890] [bmv2] [D] [thread 11054] [23.0] [cxt 0] Table 'MyEgress.send_frame': hit with handle 0
[07:50:05.890] [bmv2] [D] [thread 11054] [23.0] [cxt 0] Dumping entry 0
Match key:
* standard_metadata.egress_port: EXACT     0001
Action entry: MyEgress.rewrite_mac - 30100,

[07:50:05.890] [bmv2] [D] [thread 11054] [23.0] [cxt 0] Action entry is MyEgress.rewrite_mac - 30100,
[07:50:05.890] [bmv2] [T] [thread 11054] [23.0] [cxt 0] Action MyEgress.rewrite_mac
[07:50:05.890] [bmv2] [T] [thread 11054] [23.0] [cxt 0] load_balance.p4(158) Primitive hdr.ethernet.srcAddr = smac
[07:50:05.890] [bmv2] [D] [thread 11054] [23.0] [cxt 0] Pipeline 'egress': end
[07:50:05.890] [bmv2] [D] [thread 11054] [23.0] [cxt 0] Deparser 'deparser': start
[07:50:05.890] [bmv2] [D] [thread 11054] [23.0] [cxt 0] Updating checksum 'cksum'
[07:50:05.890] [bmv2] [D] [thread 11054] [23.0] [cxt 0] Deparsing header 'ethernet'
[07:50:05.890] [bmv2] [D] [thread 11054] [23.0] [cxt 0] Deparsing header 'ipv4'
[07:50:05.890] [bmv2] [D] [thread 11054] [23.0] [cxt 0] Deparsing header 'tcp'
[07:50:05.890] [bmv2] [D] [thread 11054] [23.0] [cxt 0] Deparser 'deparser': end
[07:50:05.890] [bmv2] [D] [thread 11057] [23.0] [cxt 0] Transmitting packet of size 64 out of port 1
[07:50:06.613] [bmv2] [D] [thread 11052] [24.0] [cxt 0] Processing packet received on port 2
[07:50:06.613] [bmv2] [D] [thread 11052] [24.0] [cxt 0] Parser 'parser': start
[07:50:06.613] [bmv2] [D] [thread 11052] [24.0] [cxt 0] Parser 'parser' entering state 'start'
[07:50:06.613] [bmv2] [D] [thread 11052] [24.0] [cxt 0] Extracting header 'ethernet'
[07:50:06.613] [bmv2] [D] [thread 11052] [24.0] [cxt 0] Parser state 'start': key is 0800
[07:50:06.613] [bmv2] [T] [thread 11052] [24.0] [cxt 0] Bytes parsed: 14
[07:50:06.613] [bmv2] [D] [thread 11052] [24.0] [cxt 0] Parser 'parser' entering state 'parse_ipv4'
[07:50:06.613] [bmv2] [D] [thread 11052] [24.0] [cxt 0] Extracting header 'ipv4'
[07:50:06.613] [bmv2] [D] [thread 11052] [24.0] [cxt 0] Parser state 'parse_ipv4': key is 06
[07:50:06.613] [bmv2] [T] [thread 11052] [24.0] [cxt 0] Bytes parsed: 34
[07:50:06.613] [bmv2] [D] [thread 11052] [24.0] [cxt 0] Parser 'parser' entering state 'parse_tcp'
[07:50:06.613] [bmv2] [D] [thread 11052] [24.0] [cxt 0] Extracting header 'tcp'
[07:50:06.613] [bmv2] [D] [thread 11052] [24.0] [cxt 0] Parser state 'parse_tcp' has no switch, going to default next state
[07:50:06.613] [bmv2] [T] [thread 11052] [24.0] [cxt 0] Bytes parsed: 54
[07:50:06.613] [bmv2] [D] [thread 11052] [24.0] [cxt 0] Parser 'parser': end
[07:50:06.613] [bmv2] [D] [thread 11052] [24.0] [cxt 0] Pipeline 'ingress': start
[07:50:06.613] [bmv2] [T] [thread 11052] [24.0] [cxt 0] load_balance.p4(142) Condition "hdr.ipv4.isValid() && hdr.ipv4.ttl > 0" (node_2) is true
[07:50:06.614] [bmv2] [T] [thread 11052] [24.0] [cxt 0] Applying table 'MyIngress.ecmp_group'
[07:50:06.614] [bmv2] [D] [thread 11052] [24.0] [cxt 0] Looking up key:
* hdr.ipv4.dstAddr    : 0a000303

[07:50:06.614] [bmv2] [D] [thread 11052] [24.0] [cxt 0] Table 'MyIngress.ecmp_group': hit with handle 0
[07:50:06.614] [bmv2] [D] [thread 11052] [24.0] [cxt 0] Dumping entry 0
Match key:
* hdr.ipv4.dstAddr    : LPM       0a000303/32
Action entry: MyIngress.set_ecmp_select - 0,1,

[07:50:06.614] [bmv2] [D] [thread 11052] [24.0] [cxt 0] Action entry is MyIngress.set_ecmp_select - 0,1,
[07:50:06.614] [bmv2] [T] [thread 11052] [24.0] [cxt 0] Action MyIngress.set_ecmp_select
[07:50:06.614] [bmv2] [T] [thread 11052] [24.0] [cxt 0] load_balance.p4(105) Primitive hash(meta.ecmp_select, ...
[07:50:06.614] [bmv2] [T] [thread 11052] [24.0] [cxt 0] hash(base=0, max=1) = 0
[07:50:06.614] [bmv2] [T] [thread 11052] [24.0] [cxt 0] Applying table 'MyIngress.ecmp_nhop'
[07:50:06.614] [bmv2] [D] [thread 11052] [24.0] [cxt 0] Looking up key:
* meta.ecmp_select    : 0000

[07:50:06.614] [bmv2] [D] [thread 11052] [24.0] [cxt 0] Table 'MyIngress.ecmp_nhop': hit with handle 0
[07:50:06.614] [bmv2] [D] [thread 11052] [24.0] [cxt 0] Dumping entry 0
Match key:
* meta.ecmp_select    : EXACT     0000
Action entry: MyIngress.set_nhop - 80000000303,a000303,1,

[07:50:06.614] [bmv2] [D] [thread 11052] [24.0] [cxt 0] Action entry is MyIngress.set_nhop - 80000000303,a000303,1,
[07:50:06.614] [bmv2] [T] [thread 11052] [24.0] [cxt 0] Action MyIngress.set_nhop
[07:50:06.614] [bmv2] [T] [thread 11052] [24.0] [cxt 0] load_balance.p4(116) Primitive hdr.ethernet.dstAddr = nhop_dmac
[07:50:06.614] [bmv2] [T] [thread 11052] [24.0] [cxt 0] load_balance.p4(117) Primitive hdr.ipv4.dstAddr = nhop_ipv4
[07:50:06.614] [bmv2] [T] [thread 11052] [24.0] [cxt 0] load_balance.p4(118) Primitive standard_metadata.egress_spec = port
[07:50:06.614] [bmv2] [T] [thread 11052] [24.0] [cxt 0] load_balance.p4(119) Primitive hdr.ipv4.ttl = hdr.ipv4.ttl - 1
[07:50:06.614] [bmv2] [D] [thread 11052] [24.0] [cxt 0] Pipeline 'ingress': end
[07:50:06.614] [bmv2] [D] [thread 11052] [24.0] [cxt 0] Egress port is 1
[07:50:06.614] [bmv2] [D] [thread 11054] [24.0] [cxt 0] Pipeline 'egress': start
[07:50:06.614] [bmv2] [T] [thread 11054] [24.0] [cxt 0] Applying table 'MyEgress.send_frame'
[07:50:06.614] [bmv2] [D] [thread 11054] [24.0] [cxt 0] Looking up key:
* standard_metadata.egress_port: 0001

[07:50:06.614] [bmv2] [D] [thread 11054] [24.0] [cxt 0] Table 'MyEgress.send_frame': hit with handle 0
[07:50:06.614] [bmv2] [D] [thread 11054] [24.0] [cxt 0] Dumping entry 0
Match key:
* standard_metadata.egress_port: EXACT     0001
Action entry: MyEgress.rewrite_mac - 30100,

[07:50:06.614] [bmv2] [D] [thread 11054] [24.0] [cxt 0] Action entry is MyEgress.rewrite_mac - 30100,
[07:50:06.614] [bmv2] [T] [thread 11054] [24.0] [cxt 0] Action MyEgress.rewrite_mac
[07:50:06.614] [bmv2] [T] [thread 11054] [24.0] [cxt 0] load_balance.p4(158) Primitive hdr.ethernet.srcAddr = smac
[07:50:06.614] [bmv2] [D] [thread 11054] [24.0] [cxt 0] Pipeline 'egress': end
[07:50:06.614] [bmv2] [D] [thread 11054] [24.0] [cxt 0] Deparser 'deparser': start
[07:50:06.614] [bmv2] [D] [thread 11054] [24.0] [cxt 0] Updating checksum 'cksum'
[07:50:06.614] [bmv2] [D] [thread 11054] [24.0] [cxt 0] Deparsing header 'ethernet'
[07:50:06.614] [bmv2] [D] [thread 11054] [24.0] [cxt 0] Deparsing header 'ipv4'
[07:50:06.614] [bmv2] [D] [thread 11054] [24.0] [cxt 0] Deparsing header 'tcp'
[07:50:06.614] [bmv2] [D] [thread 11054] [24.0] [cxt 0] Deparser 'deparser': end
[07:50:06.614] [bmv2] [D] [thread 11057] [24.0] [cxt 0] Transmitting packet of size 64 out of port 1
[07:50:07.342] [bmv2] [D] [thread 11052] [25.0] [cxt 0] Processing packet received on port 2
[07:50:07.342] [bmv2] [D] [thread 11052] [25.0] [cxt 0] Parser 'parser': start
[07:50:07.342] [bmv2] [D] [thread 11052] [25.0] [cxt 0] Parser 'parser' entering state 'start'
[07:50:07.342] [bmv2] [D] [thread 11052] [25.0] [cxt 0] Extracting header 'ethernet'
[07:50:07.342] [bmv2] [D] [thread 11052] [25.0] [cxt 0] Parser state 'start': key is 0800
[07:50:07.342] [bmv2] [T] [thread 11052] [25.0] [cxt 0] Bytes parsed: 14
[07:50:07.342] [bmv2] [D] [thread 11052] [25.0] [cxt 0] Parser 'parser' entering state 'parse_ipv4'
[07:50:07.342] [bmv2] [D] [thread 11052] [25.0] [cxt 0] Extracting header 'ipv4'
[07:50:07.342] [bmv2] [D] [thread 11052] [25.0] [cxt 0] Parser state 'parse_ipv4': key is 06
[07:50:07.342] [bmv2] [T] [thread 11052] [25.0] [cxt 0] Bytes parsed: 34
[07:50:07.342] [bmv2] [D] [thread 11052] [25.0] [cxt 0] Parser 'parser' entering state 'parse_tcp'
[07:50:07.342] [bmv2] [D] [thread 11052] [25.0] [cxt 0] Extracting header 'tcp'
[07:50:07.342] [bmv2] [D] [thread 11052] [25.0] [cxt 0] Parser state 'parse_tcp' has no switch, going to default next state
[07:50:07.342] [bmv2] [T] [thread 11052] [25.0] [cxt 0] Bytes parsed: 54
[07:50:07.342] [bmv2] [D] [thread 11052] [25.0] [cxt 0] Parser 'parser': end
[07:50:07.342] [bmv2] [D] [thread 11052] [25.0] [cxt 0] Pipeline 'ingress': start
[07:50:07.342] [bmv2] [T] [thread 11052] [25.0] [cxt 0] load_balance.p4(142) Condition "hdr.ipv4.isValid() && hdr.ipv4.ttl > 0" (node_2) is true
[07:50:07.342] [bmv2] [T] [thread 11052] [25.0] [cxt 0] Applying table 'MyIngress.ecmp_group'
[07:50:07.342] [bmv2] [D] [thread 11052] [25.0] [cxt 0] Looking up key:
* hdr.ipv4.dstAddr    : 0a000303

[07:50:07.342] [bmv2] [D] [thread 11052] [25.0] [cxt 0] Table 'MyIngress.ecmp_group': hit with handle 0
[07:50:07.342] [bmv2] [D] [thread 11052] [25.0] [cxt 0] Dumping entry 0
Match key:
* hdr.ipv4.dstAddr    : LPM       0a000303/32
Action entry: MyIngress.set_ecmp_select - 0,1,

[07:50:07.342] [bmv2] [D] [thread 11052] [25.0] [cxt 0] Action entry is MyIngress.set_ecmp_select - 0,1,
[07:50:07.342] [bmv2] [T] [thread 11052] [25.0] [cxt 0] Action MyIngress.set_ecmp_select
[07:50:07.342] [bmv2] [T] [thread 11052] [25.0] [cxt 0] load_balance.p4(105) Primitive hash(meta.ecmp_select, ...
[07:50:07.342] [bmv2] [T] [thread 11052] [25.0] [cxt 0] hash(base=0, max=1) = 0
[07:50:07.342] [bmv2] [T] [thread 11052] [25.0] [cxt 0] Applying table 'MyIngress.ecmp_nhop'
[07:50:07.342] [bmv2] [D] [thread 11052] [25.0] [cxt 0] Looking up key:
* meta.ecmp_select    : 0000

[07:50:07.342] [bmv2] [D] [thread 11052] [25.0] [cxt 0] Table 'MyIngress.ecmp_nhop': hit with handle 0
[07:50:07.342] [bmv2] [D] [thread 11052] [25.0] [cxt 0] Dumping entry 0
Match key:
* meta.ecmp_select    : EXACT     0000
Action entry: MyIngress.set_nhop - 80000000303,a000303,1,

[07:50:07.342] [bmv2] [D] [thread 11052] [25.0] [cxt 0] Action entry is MyIngress.set_nhop - 80000000303,a000303,1,
[07:50:07.342] [bmv2] [T] [thread 11052] [25.0] [cxt 0] Action MyIngress.set_nhop
[07:50:07.342] [bmv2] [T] [thread 11052] [25.0] [cxt 0] load_balance.p4(116) Primitive hdr.ethernet.dstAddr = nhop_dmac
[07:50:07.342] [bmv2] [T] [thread 11052] [25.0] [cxt 0] load_balance.p4(117) Primitive hdr.ipv4.dstAddr = nhop_ipv4
[07:50:07.342] [bmv2] [T] [thread 11052] [25.0] [cxt 0] load_balance.p4(118) Primitive standard_metadata.egress_spec = port
[07:50:07.342] [bmv2] [T] [thread 11052] [25.0] [cxt 0] load_balance.p4(119) Primitive hdr.ipv4.ttl = hdr.ipv4.ttl - 1
[07:50:07.342] [bmv2] [D] [thread 11052] [25.0] [cxt 0] Pipeline 'ingress': end
[07:50:07.342] [bmv2] [D] [thread 11052] [25.0] [cxt 0] Egress port is 1
[07:50:07.342] [bmv2] [D] [thread 11054] [25.0] [cxt 0] Pipeline 'egress': start
[07:50:07.342] [bmv2] [T] [thread 11054] [25.0] [cxt 0] Applying table 'MyEgress.send_frame'
[07:50:07.342] [bmv2] [D] [thread 11054] [25.0] [cxt 0] Looking up key:
* standard_metadata.egress_port: 0001

[07:50:07.342] [bmv2] [D] [thread 11054] [25.0] [cxt 0] Table 'MyEgress.send_frame': hit with handle 0
[07:50:07.342] [bmv2] [D] [thread 11054] [25.0] [cxt 0] Dumping entry 0
Match key:
* standard_metadata.egress_port: EXACT     0001
Action entry: MyEgress.rewrite_mac - 30100,

[07:50:07.342] [bmv2] [D] [thread 11054] [25.0] [cxt 0] Action entry is MyEgress.rewrite_mac - 30100,
[07:50:07.342] [bmv2] [T] [thread 11054] [25.0] [cxt 0] Action MyEgress.rewrite_mac
[07:50:07.342] [bmv2] [T] [thread 11054] [25.0] [cxt 0] load_balance.p4(158) Primitive hdr.ethernet.srcAddr = smac
[07:50:07.342] [bmv2] [D] [thread 11054] [25.0] [cxt 0] Pipeline 'egress': end
[07:50:07.342] [bmv2] [D] [thread 11054] [25.0] [cxt 0] Deparser 'deparser': start
[07:50:07.342] [bmv2] [D] [thread 11054] [25.0] [cxt 0] Updating checksum 'cksum'
[07:50:07.342] [bmv2] [D] [thread 11054] [25.0] [cxt 0] Deparsing header 'ethernet'
[07:50:07.342] [bmv2] [D] [thread 11054] [25.0] [cxt 0] Deparsing header 'ipv4'
[07:50:07.342] [bmv2] [D] [thread 11054] [25.0] [cxt 0] Deparsing header 'tcp'
[07:50:07.342] [bmv2] [D] [thread 11054] [25.0] [cxt 0] Deparser 'deparser': end
[07:50:07.342] [bmv2] [D] [thread 11057] [25.0] [cxt 0] Transmitting packet of size 64 out of port 1
[17:13:54.977] [bmv2] [D] [thread 11052] [26.0] [cxt 0] Processing packet received on port 2
[17:13:54.977] [bmv2] [D] [thread 11052] [26.0] [cxt 0] Parser 'parser': start
[17:13:54.977] [bmv2] [D] [thread 11052] [26.0] [cxt 0] Parser 'parser' entering state 'start'
[17:13:54.977] [bmv2] [D] [thread 11052] [26.0] [cxt 0] Extracting header 'ethernet'
[17:13:54.977] [bmv2] [D] [thread 11052] [26.0] [cxt 0] Parser state 'start': key is 0800
[17:13:54.977] [bmv2] [T] [thread 11052] [26.0] [cxt 0] Bytes parsed: 14
[17:13:54.977] [bmv2] [D] [thread 11052] [26.0] [cxt 0] Parser 'parser' entering state 'parse_ipv4'
[17:13:54.977] [bmv2] [D] [thread 11052] [26.0] [cxt 0] Extracting header 'ipv4'
[17:13:54.977] [bmv2] [D] [thread 11052] [26.0] [cxt 0] Parser state 'parse_ipv4': key is 06
[17:13:54.977] [bmv2] [T] [thread 11052] [26.0] [cxt 0] Bytes parsed: 34
[17:13:54.977] [bmv2] [D] [thread 11052] [26.0] [cxt 0] Parser 'parser' entering state 'parse_tcp'
[17:13:54.977] [bmv2] [D] [thread 11052] [26.0] [cxt 0] Extracting header 'tcp'
[17:13:54.977] [bmv2] [D] [thread 11052] [26.0] [cxt 0] Parser state 'parse_tcp' has no switch, going to default next state
[17:13:54.977] [bmv2] [T] [thread 11052] [26.0] [cxt 0] Bytes parsed: 54
[17:13:54.977] [bmv2] [D] [thread 11052] [26.0] [cxt 0] Parser 'parser': end
[17:13:54.977] [bmv2] [D] [thread 11052] [26.0] [cxt 0] Pipeline 'ingress': start
[17:13:54.977] [bmv2] [T] [thread 11052] [26.0] [cxt 0] load_balance.p4(142) Condition "hdr.ipv4.isValid() && hdr.ipv4.ttl > 0" (node_2) is true
[17:13:54.977] [bmv2] [T] [thread 11052] [26.0] [cxt 0] Applying table 'MyIngress.ecmp_group'
[17:13:54.977] [bmv2] [D] [thread 11052] [26.0] [cxt 0] Looking up key:
* hdr.ipv4.dstAddr    : 0a000303

[17:13:54.977] [bmv2] [D] [thread 11052] [26.0] [cxt 0] Table 'MyIngress.ecmp_group': hit with handle 0
[17:13:54.977] [bmv2] [D] [thread 11052] [26.0] [cxt 0] Dumping entry 0
Match key:
* hdr.ipv4.dstAddr    : LPM       0a000303/32
Action entry: MyIngress.set_ecmp_select - 0,1,

[17:13:54.977] [bmv2] [D] [thread 11052] [26.0] [cxt 0] Action entry is MyIngress.set_ecmp_select - 0,1,
[17:13:54.977] [bmv2] [T] [thread 11052] [26.0] [cxt 0] Action MyIngress.set_ecmp_select
[17:13:54.977] [bmv2] [T] [thread 11052] [26.0] [cxt 0] load_balance.p4(105) Primitive hash(meta.ecmp_select, ...
[17:13:54.977] [bmv2] [T] [thread 11052] [26.0] [cxt 0] hash(base=0, max=1) = 0
[17:13:54.978] [bmv2] [T] [thread 11052] [26.0] [cxt 0] Applying table 'MyIngress.ecmp_nhop'
[17:13:54.978] [bmv2] [D] [thread 11052] [26.0] [cxt 0] Looking up key:
* meta.ecmp_select    : 0000

[17:13:54.978] [bmv2] [D] [thread 11052] [26.0] [cxt 0] Table 'MyIngress.ecmp_nhop': hit with handle 0
[17:13:54.978] [bmv2] [D] [thread 11052] [26.0] [cxt 0] Dumping entry 0
Match key:
* meta.ecmp_select    : EXACT     0000
Action entry: MyIngress.set_nhop - 80000000303,a000303,1,

[17:13:54.978] [bmv2] [D] [thread 11052] [26.0] [cxt 0] Action entry is MyIngress.set_nhop - 80000000303,a000303,1,
[17:13:54.978] [bmv2] [T] [thread 11052] [26.0] [cxt 0] Action MyIngress.set_nhop
[17:13:54.978] [bmv2] [T] [thread 11052] [26.0] [cxt 0] load_balance.p4(116) Primitive hdr.ethernet.dstAddr = nhop_dmac
[17:13:54.978] [bmv2] [T] [thread 11052] [26.0] [cxt 0] load_balance.p4(117) Primitive hdr.ipv4.dstAddr = nhop_ipv4
[17:13:54.978] [bmv2] [T] [thread 11052] [26.0] [cxt 0] load_balance.p4(118) Primitive standard_metadata.egress_spec = port
[17:13:54.978] [bmv2] [T] [thread 11052] [26.0] [cxt 0] load_balance.p4(119) Primitive hdr.ipv4.ttl = hdr.ipv4.ttl - 1
[17:13:54.978] [bmv2] [D] [thread 11052] [26.0] [cxt 0] Pipeline 'ingress': end
[17:13:54.978] [bmv2] [D] [thread 11052] [26.0] [cxt 0] Egress port is 1
[17:13:54.978] [bmv2] [D] [thread 11054] [26.0] [cxt 0] Pipeline 'egress': start
[17:13:54.978] [bmv2] [T] [thread 11054] [26.0] [cxt 0] Applying table 'MyEgress.send_frame'
[17:13:54.978] [bmv2] [D] [thread 11054] [26.0] [cxt 0] Looking up key:
* standard_metadata.egress_port: 0001

[17:13:54.978] [bmv2] [D] [thread 11054] [26.0] [cxt 0] Table 'MyEgress.send_frame': hit with handle 0
[17:13:54.978] [bmv2] [D] [thread 11054] [26.0] [cxt 0] Dumping entry 0
Match key:
* standard_metadata.egress_port: EXACT     0001
Action entry: MyEgress.rewrite_mac - 30100,

[17:13:54.978] [bmv2] [D] [thread 11054] [26.0] [cxt 0] Action entry is MyEgress.rewrite_mac - 30100,
[17:13:54.978] [bmv2] [T] [thread 11054] [26.0] [cxt 0] Action MyEgress.rewrite_mac
[17:13:54.978] [bmv2] [T] [thread 11054] [26.0] [cxt 0] load_balance.p4(158) Primitive hdr.ethernet.srcAddr = smac
[17:13:54.978] [bmv2] [D] [thread 11054] [26.0] [cxt 0] Pipeline 'egress': end
[17:13:54.978] [bmv2] [D] [thread 11054] [26.0] [cxt 0] Deparser 'deparser': start
[17:13:54.978] [bmv2] [D] [thread 11054] [26.0] [cxt 0] Updating checksum 'cksum'
[17:13:54.978] [bmv2] [D] [thread 11054] [26.0] [cxt 0] Deparsing header 'ethernet'
[17:13:54.978] [bmv2] [D] [thread 11054] [26.0] [cxt 0] Deparsing header 'ipv4'
[17:13:54.978] [bmv2] [D] [thread 11054] [26.0] [cxt 0] Deparsing header 'tcp'
[17:13:54.978] [bmv2] [D] [thread 11054] [26.0] [cxt 0] Deparser 'deparser': end
[17:13:54.978] [bmv2] [D] [thread 11057] [26.0] [cxt 0] Transmitting packet of size 64 out of port 1
[17:15:47.471] [bmv2] [D] [thread 11052] [27.0] [cxt 0] Processing packet received on port 2
[17:15:47.471] [bmv2] [D] [thread 11052] [27.0] [cxt 0] Parser 'parser': start
[17:15:47.471] [bmv2] [D] [thread 11052] [27.0] [cxt 0] Parser 'parser' entering state 'start'
[17:15:47.471] [bmv2] [D] [thread 11052] [27.0] [cxt 0] Extracting header 'ethernet'
[17:15:47.471] [bmv2] [D] [thread 11052] [27.0] [cxt 0] Parser state 'start': key is 0800
[17:15:47.471] [bmv2] [T] [thread 11052] [27.0] [cxt 0] Bytes parsed: 14
[17:15:47.471] [bmv2] [D] [thread 11052] [27.0] [cxt 0] Parser 'parser' entering state 'parse_ipv4'
[17:15:47.471] [bmv2] [D] [thread 11052] [27.0] [cxt 0] Extracting header 'ipv4'
[17:15:47.471] [bmv2] [D] [thread 11052] [27.0] [cxt 0] Parser state 'parse_ipv4': key is 06
[17:15:47.471] [bmv2] [T] [thread 11052] [27.0] [cxt 0] Bytes parsed: 34
[17:15:47.471] [bmv2] [D] [thread 11052] [27.0] [cxt 0] Parser 'parser' entering state 'parse_tcp'
[17:15:47.471] [bmv2] [D] [thread 11052] [27.0] [cxt 0] Extracting header 'tcp'
[17:15:47.471] [bmv2] [D] [thread 11052] [27.0] [cxt 0] Parser state 'parse_tcp' has no switch, going to default next state
[17:15:47.471] [bmv2] [T] [thread 11052] [27.0] [cxt 0] Bytes parsed: 54
[17:15:47.471] [bmv2] [D] [thread 11052] [27.0] [cxt 0] Parser 'parser': end
[17:15:47.471] [bmv2] [D] [thread 11052] [27.0] [cxt 0] Pipeline 'ingress': start
[17:15:47.471] [bmv2] [T] [thread 11052] [27.0] [cxt 0] load_balance.p4(142) Condition "hdr.ipv4.isValid() && hdr.ipv4.ttl > 0" (node_2) is true
[17:15:47.471] [bmv2] [T] [thread 11052] [27.0] [cxt 0] Applying table 'MyIngress.ecmp_group'
[17:15:47.471] [bmv2] [D] [thread 11052] [27.0] [cxt 0] Looking up key:
* hdr.ipv4.dstAddr    : 0a000303

[17:15:47.471] [bmv2] [D] [thread 11052] [27.0] [cxt 0] Table 'MyIngress.ecmp_group': hit with handle 0
[17:15:47.471] [bmv2] [D] [thread 11052] [27.0] [cxt 0] Dumping entry 0
Match key:
* hdr.ipv4.dstAddr    : LPM       0a000303/32
Action entry: MyIngress.set_ecmp_select - 0,1,

[17:15:47.471] [bmv2] [D] [thread 11052] [27.0] [cxt 0] Action entry is MyIngress.set_ecmp_select - 0,1,
[17:15:47.471] [bmv2] [T] [thread 11052] [27.0] [cxt 0] Action MyIngress.set_ecmp_select
[17:15:47.471] [bmv2] [T] [thread 11052] [27.0] [cxt 0] load_balance.p4(105) Primitive hash(meta.ecmp_select, ...
[17:15:47.471] [bmv2] [T] [thread 11052] [27.0] [cxt 0] hash(base=0, max=1) = 0
[17:15:47.471] [bmv2] [T] [thread 11052] [27.0] [cxt 0] Applying table 'MyIngress.ecmp_nhop'
[17:15:47.471] [bmv2] [D] [thread 11052] [27.0] [cxt 0] Looking up key:
* meta.ecmp_select    : 0000

[17:15:47.471] [bmv2] [D] [thread 11052] [27.0] [cxt 0] Table 'MyIngress.ecmp_nhop': hit with handle 0
[17:15:47.471] [bmv2] [D] [thread 11052] [27.0] [cxt 0] Dumping entry 0
Match key:
* meta.ecmp_select    : EXACT     0000
Action entry: MyIngress.set_nhop - 80000000303,a000303,1,

[17:15:47.471] [bmv2] [D] [thread 11052] [27.0] [cxt 0] Action entry is MyIngress.set_nhop - 80000000303,a000303,1,
[17:15:47.471] [bmv2] [T] [thread 11052] [27.0] [cxt 0] Action MyIngress.set_nhop
[17:15:47.471] [bmv2] [T] [thread 11052] [27.0] [cxt 0] load_balance.p4(116) Primitive hdr.ethernet.dstAddr = nhop_dmac
[17:15:47.471] [bmv2] [T] [thread 11052] [27.0] [cxt 0] load_balance.p4(117) Primitive hdr.ipv4.dstAddr = nhop_ipv4
[17:15:47.471] [bmv2] [T] [thread 11052] [27.0] [cxt 0] load_balance.p4(118) Primitive standard_metadata.egress_spec = port
[17:15:47.471] [bmv2] [T] [thread 11052] [27.0] [cxt 0] load_balance.p4(119) Primitive hdr.ipv4.ttl = hdr.ipv4.ttl - 1
[17:15:47.471] [bmv2] [D] [thread 11052] [27.0] [cxt 0] Pipeline 'ingress': end
[17:15:47.471] [bmv2] [D] [thread 11052] [27.0] [cxt 0] Egress port is 1
[17:15:47.471] [bmv2] [D] [thread 11054] [27.0] [cxt 0] Pipeline 'egress': start
[17:15:47.471] [bmv2] [T] [thread 11054] [27.0] [cxt 0] Applying table 'MyEgress.send_frame'
[17:15:47.471] [bmv2] [D] [thread 11054] [27.0] [cxt 0] Looking up key:
* standard_metadata.egress_port: 0001

[17:15:47.471] [bmv2] [D] [thread 11054] [27.0] [cxt 0] Table 'MyEgress.send_frame': hit with handle 0
[17:15:47.471] [bmv2] [D] [thread 11054] [27.0] [cxt 0] Dumping entry 0
Match key:
* standard_metadata.egress_port: EXACT     0001
Action entry: MyEgress.rewrite_mac - 30100,

[17:15:47.471] [bmv2] [D] [thread 11054] [27.0] [cxt 0] Action entry is MyEgress.rewrite_mac - 30100,
[17:15:47.471] [bmv2] [T] [thread 11054] [27.0] [cxt 0] Action MyEgress.rewrite_mac
[17:15:47.471] [bmv2] [T] [thread 11054] [27.0] [cxt 0] load_balance.p4(158) Primitive hdr.ethernet.srcAddr = smac
[17:15:47.471] [bmv2] [D] [thread 11054] [27.0] [cxt 0] Pipeline 'egress': end
[17:15:47.471] [bmv2] [D] [thread 11054] [27.0] [cxt 0] Deparser 'deparser': start
[17:15:47.471] [bmv2] [D] [thread 11054] [27.0] [cxt 0] Updating checksum 'cksum'
[17:15:47.471] [bmv2] [D] [thread 11054] [27.0] [cxt 0] Deparsing header 'ethernet'
[17:15:47.471] [bmv2] [D] [thread 11054] [27.0] [cxt 0] Deparsing header 'ipv4'
[17:15:47.471] [bmv2] [D] [thread 11054] [27.0] [cxt 0] Deparsing header 'tcp'
[17:15:47.471] [bmv2] [D] [thread 11054] [27.0] [cxt 0] Deparser 'deparser': end
[17:15:47.471] [bmv2] [D] [thread 11057] [27.0] [cxt 0] Transmitting packet of size 64 out of port 1
open: No such file or directory
open: No such file or directory
open: No such file or directory
